{
"contracts/CustomBond.sol":{"l":{"97":120,"98":119,"99":119,"100":119,"101":118,"106":118,"107":117,"141":40,"142":39,"149":39,"150":39,"163":45,"164":41,"165":40,"167":2,"168":1,"170":2,"187":4,"189":2,"228":27,"230":26,"232":26,"234":26,"236":25,"238":25,"250":25,"251":24,"254":23,"256":23,"259":22,"266":22,"267":22,"282":22,"283":22,"284":22,"287":22,"288":22,"290":22,"291":22,"299":3,"300":3,"302":3,"303":2,"304":2,"305":2,"306":2,"310":1,"312":1,"319":1,"320":1,"321":1,"332":22,"333":22,"334":10,"335":10,"336":5,"337":5,"338":1,"341":5,"342":5,"343":1,"346":10,"347":10,"355":26,"356":26,"364":22,"365":22,"366":1,"368":10,"380":170,"381":170,"382":14,"391":66,"399":25,"417":34,"426":214,"437":256,"445":282,"446":282,"447":282,"448":5,"458":11,"459":11,"460":11,"462":11,"463":9,"465":2,"475":3,"476":3,"478":3,"479":1,"481":2},"path":"/Users/david/crystl/DEV/polycrystal-vaults/contracts/CustomBond.sol","s":{"1":120,"2":119,"3":119,"4":119,"5":118,"6":118,"7":117,"8":40,"9":39,"10":39,"11":39,"12":45,"13":41,"14":40,"15":4,"16":2,"17":1,"18":2,"19":2,"20":4,"21":2,"22":27,"23":26,"24":26,"25":26,"26":25,"27":25,"28":25,"29":24,"30":23,"31":23,"32":22,"33":22,"34":22,"35":22,"36":22,"37":22,"38":22,"39":22,"40":22,"41":22,"42":3,"43":3,"44":3,"45":2,"46":2,"47":2,"48":1,"49":1,"50":1,"51":1,"52":1,"53":22,"54":22,"55":10,"56":10,"57":5,"58":5,"59":1,"60":5,"61":5,"62":1,"63":10,"64":10,"65":26,"66":26,"67":22,"68":22,"69":1,"70":21,"71":10,"72":170,"73":170,"74":14,"75":66,"76":25,"77":34,"78":214,"79":256,"80":282,"81":282,"82":282,"83":5,"84":11,"85":11,"86":11,"87":11,"88":9,"89":2,"90":3,"91":3,"92":3,"93":1,"94":2},"b":{"1":[119,1],"2":[118,1],"3":[117,1],"4":[39,1],"5":[41,4],"6":[40,1],"7":[2,2],"8":[1,1],"9":[2,0],"10":[2,2],"11":[26,1],"12":[25,1],"13":[24,1],"14":[23,1],"15":[22,1],"16":[2,1],"17":[10,12],"18":[5,5],"19":[1,4],"20":[1,4],"21":[1,21],"22":[10,11],"23":[14,156],"24":[5,277],"25":[9,2],"26":[1,2]},"f":{"1":120,"2":40,"3":45,"4":4,"5":27,"6":3,"7":22,"8":26,"9":22,"10":170,"11":66,"12":25,"13":34,"14":214,"15":256,"16":282,"17":11,"18":3},"fnMap":{"1":{"name":"constructor","line":86,"loc":{"start":{"line":86,"column":4},"end":{"line":120,"column":4}}},"2":{"name":"initializeBond","line":140,"loc":{"start":{"line":133,"column":4},"end":{"line":151,"column":4}}},"3":{"name":"setBondTerms","line":162,"loc":{"start":{"line":162,"column":4},"end":{"line":172,"column":4}}},"4":{"name":"setAdjustment","line":186,"loc":{"start":{"line":181,"column":4},"end":{"line":196,"column":4}}},"5":{"name":"deposit","line":227,"loc":{"start":{"line":227,"column":4},"end":{"line":292,"column":4}}},"6":{"name":"redeem","line":298,"loc":{"start":{"line":298,"column":4},"end":{"line":324,"column":4}}},"7":{"name":"adjust","line":331,"loc":{"start":{"line":331,"column":4},"end":{"line":349,"column":4}}},"8":{"name":"decayDebt","line":354,"loc":{"start":{"line":354,"column":4},"end":{"line":357,"column":4}}},"9":{"name":"_bondPrice","line":363,"loc":{"start":{"line":363,"column":4},"end":{"line":370,"column":4}}},"10":{"name":"bondPrice","line":379,"loc":{"start":{"line":379,"column":4},"end":{"line":384,"column":4}}},"11":{"name":"trueBondPrice","line":390,"loc":{"start":{"line":390,"column":4},"end":{"line":392,"column":4}}},"12":{"name":"maxPayout","line":398,"loc":{"start":{"line":398,"column":4},"end":{"line":400,"column":4}}},"13":{"name":"payoutFor","line":410,"loc":{"start":{"line":410,"column":4},"end":{"line":418,"column":4}}},"14":{"name":"debtRatio","line":425,"loc":{"start":{"line":425,"column":4},"end":{"line":430,"column":4}}},"15":{"name":"currentDebt","line":436,"loc":{"start":{"line":436,"column":4},"end":{"line":438,"column":4}}},"16":{"name":"debtDecay","line":444,"loc":{"start":{"line":444,"column":4},"end":{"line":450,"column":4}}},"17":{"name":"percentVestedFor","line":457,"loc":{"start":{"line":457,"column":4},"end":{"line":467,"column":4}}},"18":{"name":"pendingPayoutFor","line":474,"loc":{"start":{"line":474,"column":4},"end":{"line":483,"column":4}}}},"statementMap":{"1":{"start":{"line":97,"column":8},"end":{"line":97,"column":47}},"2":{"start":{"line":98,"column":8},"end":{"line":98,"column":52}},"3":{"start":{"line":99,"column":8},"end":{"line":99,"column":71}},"4":{"start":{"line":100,"column":8},"end":{"line":100,"column":47}},"5":{"start":{"line":101,"column":8},"end":{"line":101,"column":49}},"6":{"start":{"line":106,"column":8},"end":{"line":106,"column":45}},"7":{"start":{"line":107,"column":8},"end":{"line":107,"column":29}},"8":{"start":{"line":141,"column":8},"end":{"line":141,"column":73}},"9":{"start":{"line":142,"column":8},"end":{"line":142,"column":5090}},"10":{"start":{"line":149,"column":8},"end":{"line":149,"column":31}},"11":{"start":{"line":150,"column":8},"end":{"line":150,"column":31}},"12":{"start":{"line":163,"column":8},"end":{"line":163,"column":5705}},"13":{"start":{"line":164,"column":12},"end":{"line":164,"column":77}},"14":{"start":{"line":165,"column":12},"end":{"line":165,"column":37}},"15":{"start":{"line":166,"column":15},"end":{"line":166,"column":5886}},"16":{"start":{"line":167,"column":12},"end":{"line":167,"column":72}},"17":{"start":{"line":168,"column":12},"end":{"line":168,"column":35}},"18":{"start":{"line":169,"column":15},"end":{"line":169,"column":6059}},"19":{"start":{"line":170,"column":12},"end":{"line":170,"column":33}},"20":{"start":{"line":187,"column":8},"end":{"line":187,"column":98}},"21":{"start":{"line":189,"column":8},"end":{"line":189,"column":6601}},"22":{"start":{"line":228,"column":8},"end":{"line":228,"column":61}},"23":{"start":{"line":230,"column":8},"end":{"line":230,"column":18}},"24":{"start":{"line":232,"column":8},"end":{"line":232,"column":42}},"25":{"start":{"line":234,"column":8},"end":{"line":234,"column":81}},"26":{"start":{"line":236,"column":8},"end":{"line":236,"column":84}},"27":{"start":{"line":238,"column":8},"end":{"line":238,"column":40}},"28":{"start":{"line":250,"column":8},"end":{"line":250,"column":80}},"29":{"start":{"line":251,"column":8},"end":{"line":251,"column":56}},"30":{"start":{"line":254,"column":8},"end":{"line":254,"column":41}},"31":{"start":{"line":256,"column":8},"end":{"line":256,"column":68}},"32":{"start":{"line":259,"column":8},"end":{"line":259,"column":8978}},"33":{"start":{"line":266,"column":8},"end":{"line":266,"column":63}},"34":{"start":{"line":267,"column":8},"end":{"line":267,"column":54}},"35":{"start":{"line":282,"column":8},"end":{"line":282,"column":76}},"36":{"start":{"line":283,"column":8},"end":{"line":283,"column":65}},"37":{"start":{"line":284,"column":8},"end":{"line":284,"column":73}},"38":{"start":{"line":287,"column":8},"end":{"line":287,"column":82}},"39":{"start":{"line":288,"column":8},"end":{"line":288,"column":58}},"40":{"start":{"line":290,"column":8},"end":{"line":290,"column":15}},"41":{"start":{"line":291,"column":8},"end":{"line":291,"column":21}},"42":{"start":{"line":299,"column":8},"end":{"line":299,"column":49}},"43":{"start":{"line":300,"column":8},"end":{"line":300,"column":59}},"44":{"start":{"line":302,"column":8},"end":{"line":302,"column":10805}},"45":{"start":{"line":304,"column":12},"end":{"line":304,"column":59}},"46":{"start":{"line":305,"column":12},"end":{"line":305,"column":62}},"47":{"start":{"line":306,"column":12},"end":{"line":306,"column":30}},"48":{"start":{"line":310,"column":12},"end":{"line":310,"column":71}},"49":{"start":{"line":312,"column":12},"end":{"line":312,"column":11301}},"50":{"start":{"line":319,"column":12},"end":{"line":319,"column":82}},"51":{"start":{"line":320,"column":12},"end":{"line":320,"column":57}},"52":{"start":{"line":321,"column":12},"end":{"line":321,"column":25}},"53":{"start":{"line":332,"column":8},"end":{"line":332,"column":75}},"54":{"start":{"line":333,"column":8},"end":{"line":333,"column":12023}},"55":{"start":{"line":334,"column":12},"end":{"line":334,"column":48}},"56":{"start":{"line":335,"column":12},"end":{"line":335,"column":12152}},"57":{"start":{"line":336,"column":16},"end":{"line":336,"column":83}},"58":{"start":{"line":337,"column":16},"end":{"line":337,"column":12282}},"59":{"start":{"line":338,"column":20},"end":{"line":338,"column":38}},"60":{"start":{"line":341,"column":16},"end":{"line":341,"column":83}},"61":{"start":{"line":342,"column":16},"end":{"line":342,"column":12516}},"62":{"start":{"line":343,"column":20},"end":{"line":343,"column":38}},"63":{"start":{"line":346,"column":12},"end":{"line":346,"column":46}},"64":{"start":{"line":347,"column":12},"end":{"line":347,"column":109}},"65":{"start":{"line":355,"column":8},"end":{"line":355,"column":47}},"66":{"start":{"line":356,"column":8},"end":{"line":356,"column":31}},"67":{"start":{"line":364,"column":8},"end":{"line":364,"column":110}},"68":{"start":{"line":365,"column":8},"end":{"line":365,"column":13284}},"69":{"start":{"line":366,"column":12},"end":{"line":366,"column":38}},"70":{"start":{"line":367,"column":15},"end":{"line":367,"column":13385}},"71":{"start":{"line":368,"column":12},"end":{"line":368,"column":33}},"72":{"start":{"line":380,"column":8},"end":{"line":380,"column":110}},"73":{"start":{"line":381,"column":8},"end":{"line":381,"column":13795}},"74":{"start":{"line":382,"column":12},"end":{"line":382,"column":38}},"75":{"start":{"line":391,"column":8},"end":{"line":391,"column":56}},"76":{"start":{"line":399,"column":8},"end":{"line":399,"column":77}},"77":{"start":{"line":417,"column":12},"end":{"line":417,"column":147}},"78":{"start":{"line":426,"column":8},"end":{"line":426,"column":15658}},"79":{"start":{"line":437,"column":8},"end":{"line":437,"column":43}},"80":{"start":{"line":445,"column":8},"end":{"line":445,"column":60}},"81":{"start":{"line":446,"column":8},"end":{"line":446,"column":73}},"82":{"start":{"line":447,"column":8},"end":{"line":447,"column":16309}},"83":{"start":{"line":448,"column":12},"end":{"line":448,"column":29}},"84":{"start":{"line":458,"column":8},"end":{"line":458,"column":49}},"85":{"start":{"line":459,"column":8},"end":{"line":459,"column":65}},"86":{"start":{"line":460,"column":8},"end":{"line":460,"column":35}},"87":{"start":{"line":462,"column":8},"end":{"line":462,"column":16796}},"88":{"start":{"line":463,"column":12},"end":{"line":463,"column":71}},"89":{"start":{"line":465,"column":12},"end":{"line":465,"column":29}},"90":{"start":{"line":475,"column":8},"end":{"line":475,"column":59}},"91":{"start":{"line":476,"column":8},"end":{"line":476,"column":51}},"92":{"start":{"line":478,"column":8},"end":{"line":478,"column":17348}},"93":{"start":{"line":479,"column":12},"end":{"line":479,"column":34}},"94":{"start":{"line":481,"column":12},"end":{"line":481,"column":68}}},"branchMap":{"1":{"line":97,"type":"if","locations":[{"start":{"line":97,"column":8},"end":{"line":97,"column":8}},{"start":{"line":97,"column":8},"end":{"line":97,"column":8}}]},"2":{"line":100,"type":"if","locations":[{"start":{"line":100,"column":8},"end":{"line":100,"column":8}},{"start":{"line":100,"column":8},"end":{"line":100,"column":8}}]},"3":{"line":106,"type":"if","locations":[{"start":{"line":106,"column":8},"end":{"line":106,"column":8}},{"start":{"line":106,"column":8},"end":{"line":106,"column":8}}]},"4":{"line":141,"type":"if","locations":[{"start":{"line":141,"column":8},"end":{"line":141,"column":8}},{"start":{"line":141,"column":8},"end":{"line":141,"column":8}}]},"5":{"line":163,"type":"if","locations":[{"start":{"line":163,"column":8},"end":{"line":163,"column":8}},{"start":{"line":163,"column":8},"end":{"line":163,"column":8}}]},"6":{"line":164,"type":"if","locations":[{"start":{"line":164,"column":12},"end":{"line":164,"column":12}},{"start":{"line":164,"column":12},"end":{"line":164,"column":12}}]},"7":{"line":166,"type":"if","locations":[{"start":{"line":166,"column":15},"end":{"line":166,"column":15}},{"start":{"line":166,"column":15},"end":{"line":166,"column":15}}]},"8":{"line":167,"type":"if","locations":[{"start":{"line":167,"column":12},"end":{"line":167,"column":12}},{"start":{"line":167,"column":12},"end":{"line":167,"column":12}}]},"9":{"line":169,"type":"if","locations":[{"start":{"line":169,"column":15},"end":{"line":169,"column":15}},{"start":{"line":169,"column":15},"end":{"line":169,"column":15}}]},"10":{"line":187,"type":"if","locations":[{"start":{"line":187,"column":8},"end":{"line":187,"column":8}},{"start":{"line":187,"column":8},"end":{"line":187,"column":8}}]},"11":{"line":228,"type":"if","locations":[{"start":{"line":228,"column":8},"end":{"line":228,"column":8}},{"start":{"line":228,"column":8},"end":{"line":228,"column":8}}]},"12":{"line":234,"type":"if","locations":[{"start":{"line":234,"column":8},"end":{"line":234,"column":8}},{"start":{"line":234,"column":8},"end":{"line":234,"column":8}}]},"13":{"line":250,"type":"if","locations":[{"start":{"line":250,"column":8},"end":{"line":250,"column":8}},{"start":{"line":250,"column":8},"end":{"line":250,"column":8}}]},"14":{"line":251,"type":"if","locations":[{"start":{"line":251,"column":8},"end":{"line":251,"column":8}},{"start":{"line":251,"column":8},"end":{"line":251,"column":8}}]},"15":{"line":256,"type":"if","locations":[{"start":{"line":256,"column":8},"end":{"line":256,"column":8}},{"start":{"line":256,"column":8},"end":{"line":256,"column":8}}]},"16":{"line":302,"type":"if","locations":[{"start":{"line":302,"column":8},"end":{"line":302,"column":8}},{"start":{"line":302,"column":8},"end":{"line":302,"column":8}}]},"17":{"line":333,"type":"if","locations":[{"start":{"line":333,"column":8},"end":{"line":333,"column":8}},{"start":{"line":333,"column":8},"end":{"line":333,"column":8}}]},"18":{"line":335,"type":"if","locations":[{"start":{"line":335,"column":12},"end":{"line":335,"column":12}},{"start":{"line":335,"column":12},"end":{"line":335,"column":12}}]},"19":{"line":337,"type":"if","locations":[{"start":{"line":337,"column":16},"end":{"line":337,"column":16}},{"start":{"line":337,"column":16},"end":{"line":337,"column":16}}]},"20":{"line":342,"type":"if","locations":[{"start":{"line":342,"column":16},"end":{"line":342,"column":16}},{"start":{"line":342,"column":16},"end":{"line":342,"column":16}}]},"21":{"line":365,"type":"if","locations":[{"start":{"line":365,"column":8},"end":{"line":365,"column":8}},{"start":{"line":365,"column":8},"end":{"line":365,"column":8}}]},"22":{"line":367,"type":"if","locations":[{"start":{"line":367,"column":15},"end":{"line":367,"column":15}},{"start":{"line":367,"column":15},"end":{"line":367,"column":15}}]},"23":{"line":381,"type":"if","locations":[{"start":{"line":381,"column":8},"end":{"line":381,"column":8}},{"start":{"line":381,"column":8},"end":{"line":381,"column":8}}]},"24":{"line":447,"type":"if","locations":[{"start":{"line":447,"column":8},"end":{"line":447,"column":8}},{"start":{"line":447,"column":8},"end":{"line":447,"column":8}}]},"25":{"line":462,"type":"if","locations":[{"start":{"line":462,"column":8},"end":{"line":462,"column":8}},{"start":{"line":462,"column":8},"end":{"line":462,"column":8}}]},"26":{"line":478,"type":"if","locations":[{"start":{"line":478,"column":8},"end":{"line":478,"column":8}},{"start":{"line":478,"column":8},"end":{"line":478,"column":8}}]}}},
"contracts/CustomTreasury.sol":{"l":{"36":116,"37":115,"38":115,"39":114,"51":23,"52":22,"53":22,"66":59,"79":1,"81":1,"89":39,"90":39},"path":"/Users/david/crystl/DEV/polycrystal-vaults/contracts/CustomTreasury.sol","s":{"1":116,"2":115,"3":115,"4":114,"5":23,"6":22,"7":22,"8":59,"9":1,"10":1,"11":39,"12":39},"b":{"1":[115,1],"2":[114,1],"3":[22,1]},"f":{"1":116,"2":23,"3":59,"4":1,"5":39},"fnMap":{"1":{"name":"constructor","line":35,"loc":{"start":{"line":35,"column":4},"end":{"line":40,"column":4}}},"2":{"name":"deposit","line":50,"loc":{"start":{"line":50,"column":4},"end":{"line":54,"column":4}}},"3":{"name":"valueOfToken","line":64,"loc":{"start":{"line":64,"column":4},"end":{"line":67,"column":4}}},"4":{"name":"withdraw","line":78,"loc":{"start":{"line":78,"column":4},"end":{"line":82,"column":4}}},"5":{"name":"toggleBondContract","line":88,"loc":{"start":{"line":88,"column":4},"end":{"line":91,"column":4}}}},"statementMap":{"1":{"start":{"line":36,"column":8},"end":{"line":36,"column":44}},"2":{"start":{"line":37,"column":8},"end":{"line":37,"column":33}},"3":{"start":{"line":38,"column":8},"end":{"line":38,"column":45}},"4":{"start":{"line":39,"column":8},"end":{"line":39,"column":29}},"5":{"start":{"line":51,"column":8},"end":{"line":51,"column":77}},"6":{"start":{"line":52,"column":8},"end":{"line":52,"column":104}},"7":{"start":{"line":53,"column":8},"end":{"line":53,"column":71}},"8":{"start":{"line":66,"column":8},"end":{"line":66,"column":126}},"9":{"start":{"line":79,"column":8},"end":{"line":79,"column":57}},"10":{"start":{"line":81,"column":8},"end":{"line":81,"column":52}},"11":{"start":{"line":89,"column":8},"end":{"line":89,"column":65}},"12":{"start":{"line":90,"column":8},"end":{"line":90,"column":76}}},"branchMap":{"1":{"line":36,"type":"if","locations":[{"start":{"line":36,"column":8},"end":{"line":36,"column":8}},{"start":{"line":36,"column":8},"end":{"line":36,"column":8}}]},"2":{"line":38,"type":"if","locations":[{"start":{"line":38,"column":8},"end":{"line":38,"column":8}},{"start":{"line":38,"column":8},"end":{"line":38,"column":8}}]},"3":{"line":51,"type":"if","locations":[{"start":{"line":51,"column":8},"end":{"line":51,"column":8}},{"start":{"line":51,"column":8},"end":{"line":51,"column":8}}]}}},
"contracts/libs/Address.sol":{"l":{"7":70,"9":70,"10":70,"14":0,"17":0,"18":0,"22":0,"26":70,"30":0,"34":0,"35":0,"38":0,"39":0,"43":70,"46":70,"47":70,"48":70,"51":0,"55":0,"60":0,"66":0,"70":0,"73":0,"74":0,"78":0,"82":0,"85":0,"86":0,"90":0,"91":0,"93":0,"95":0,"100":0,"106":0,"107":0,"108":0,"110":0,"111":0,"113":0,"114":0,"115":0,"118":0},"path":"/Users/david/crystl/DEV/polycrystal-vaults/contracts/libs/Address.sol","s":{"1":70,"2":70,"3":0,"4":0,"5":0,"6":0,"7":70,"8":0,"9":0,"10":0,"11":0,"12":0,"13":70,"14":70,"15":70,"16":70,"17":0,"18":0,"19":0,"20":0,"21":0,"22":0,"23":0,"24":0,"25":0,"26":0,"27":0,"28":0,"29":0,"30":0,"31":0,"32":0,"33":0,"34":0,"35":0,"36":0,"37":0,"38":0,"39":0},"b":{"1":[0,0],"2":[0,0],"3":[0,0],"4":[0,0],"5":[70,0],"6":[70,0],"7":[0,0],"8":[0,0],"9":[0,0],"10":[0,0],"11":[0,0]},"f":{"1":70,"2":0,"3":0,"4":70,"5":0,"6":0,"7":70,"8":0,"9":0,"10":0,"11":0,"12":0,"13":0},"fnMap":{"1":{"name":"isContract","line":5,"loc":{"start":{"line":5,"column":4},"end":{"line":11,"column":4}}},"2":{"name":"sendValue","line":13,"loc":{"start":{"line":13,"column":4},"end":{"line":19,"column":4}}},"3":{"name":"functionCall","line":21,"loc":{"start":{"line":21,"column":4},"end":{"line":23,"column":4}}},"4":{"name":"functionCall","line":25,"loc":{"start":{"line":25,"column":4},"end":{"line":27,"column":4}}},"5":{"name":"functionCallWithValue","line":29,"loc":{"start":{"line":29,"column":4},"end":{"line":31,"column":4}}},"6":{"name":"functionCallWithValue","line":33,"loc":{"start":{"line":33,"column":4},"end":{"line":40,"column":4}}},"7":{"name":"_functionCallWithValue","line":42,"loc":{"start":{"line":42,"column":4},"end":{"line":63,"column":4}}},"8":{"name":"functionStaticCall","line":65,"loc":{"start":{"line":65,"column":4},"end":{"line":67,"column":4}}},"9":{"name":"functionStaticCall","line":69,"loc":{"start":{"line":69,"column":4},"end":{"line":75,"column":4}}},"10":{"name":"functionDelegateCall","line":77,"loc":{"start":{"line":77,"column":4},"end":{"line":79,"column":4}}},"11":{"name":"functionDelegateCall","line":81,"loc":{"start":{"line":81,"column":4},"end":{"line":87,"column":4}}},"12":{"name":"_verifyCallResult","line":89,"loc":{"start":{"line":89,"column":4},"end":{"line":103,"column":4}}},"13":{"name":"addressToString","line":105,"loc":{"start":{"line":105,"column":4},"end":{"line":120,"column":4}}}},"statementMap":{"1":{"start":{"line":7,"column":8},"end":{"line":7,"column":20}},"2":{"start":{"line":10,"column":8},"end":{"line":10,"column":23}},"3":{"start":{"line":14,"column":8},"end":{"line":14,"column":80}},"4":{"start":{"line":17,"column":8},"end":{"line":17,"column":62}},"5":{"start":{"line":18,"column":8},"end":{"line":18,"column":85}},"6":{"start":{"line":22,"column":6},"end":{"line":22,"column":73}},"7":{"start":{"line":26,"column":8},"end":{"line":26,"column":68}},"8":{"start":{"line":30,"column":8},"end":{"line":30,"column":102}},"9":{"start":{"line":34,"column":8},"end":{"line":34,"column":88}},"10":{"start":{"line":35,"column":8},"end":{"line":35,"column":67}},"11":{"start":{"line":38,"column":8},"end":{"line":38,"column":83}},"12":{"start":{"line":39,"column":8},"end":{"line":39,"column":67}},"13":{"start":{"line":43,"column":8},"end":{"line":43,"column":67}},"14":{"start":{"line":46,"column":8},"end":{"line":46,"column":86}},"15":{"start":{"line":47,"column":8},"end":{"line":47,"column":2194}},"16":{"start":{"line":48,"column":12},"end":{"line":48,"column":29}},"17":{"start":{"line":51,"column":12},"end":{"line":51,"column":2339}},"18":{"start":{"line":60,"column":16},"end":{"line":60,"column":35}},"19":{"start":{"line":66,"column":8},"end":{"line":66,"column":88}},"20":{"start":{"line":70,"column":8},"end":{"line":70,"column":74}},"21":{"start":{"line":73,"column":8},"end":{"line":73,"column":73}},"22":{"start":{"line":74,"column":8},"end":{"line":74,"column":67}},"23":{"start":{"line":78,"column":8},"end":{"line":78,"column":92}},"24":{"start":{"line":82,"column":8},"end":{"line":82,"column":76}},"25":{"start":{"line":85,"column":8},"end":{"line":85,"column":75}},"26":{"start":{"line":86,"column":8},"end":{"line":86,"column":67}},"27":{"start":{"line":90,"column":8},"end":{"line":90,"column":4177}},"28":{"start":{"line":91,"column":12},"end":{"line":91,"column":29}},"29":{"start":{"line":93,"column":12},"end":{"line":93,"column":4256}},"30":{"start":{"line":100,"column":16},"end":{"line":100,"column":35}},"31":{"start":{"line":106,"column":8},"end":{"line":106,"column":51}},"32":{"start":{"line":107,"column":8},"end":{"line":107,"column":45}},"33":{"start":{"line":108,"column":8},"end":{"line":108,"column":42}},"34":{"start":{"line":110,"column":8},"end":{"line":110,"column":21}},"35":{"start":{"line":111,"column":8},"end":{"line":111,"column":21}},"36":{"start":{"line":113,"column":8},"end":{"line":113,"column":4831}},"37":{"start":{"line":114,"column":12},"end":{"line":114,"column":57}},"38":{"start":{"line":115,"column":12},"end":{"line":115,"column":59}},"39":{"start":{"line":118,"column":8},"end":{"line":118,"column":28}}},"branchMap":{"1":{"line":14,"type":"if","locations":[{"start":{"line":14,"column":8},"end":{"line":14,"column":8}},{"start":{"line":14,"column":8},"end":{"line":14,"column":8}}]},"2":{"line":18,"type":"if","locations":[{"start":{"line":18,"column":8},"end":{"line":18,"column":8}},{"start":{"line":18,"column":8},"end":{"line":18,"column":8}}]},"3":{"line":34,"type":"if","locations":[{"start":{"line":34,"column":8},"end":{"line":34,"column":8}},{"start":{"line":34,"column":8},"end":{"line":34,"column":8}}]},"4":{"line":35,"type":"if","locations":[{"start":{"line":35,"column":8},"end":{"line":35,"column":8}},{"start":{"line":35,"column":8},"end":{"line":35,"column":8}}]},"5":{"line":43,"type":"if","locations":[{"start":{"line":43,"column":8},"end":{"line":43,"column":8}},{"start":{"line":43,"column":8},"end":{"line":43,"column":8}}]},"6":{"line":47,"type":"if","locations":[{"start":{"line":47,"column":8},"end":{"line":47,"column":8}},{"start":{"line":47,"column":8},"end":{"line":47,"column":8}}]},"7":{"line":51,"type":"if","locations":[{"start":{"line":51,"column":12},"end":{"line":51,"column":12}},{"start":{"line":51,"column":12},"end":{"line":51,"column":12}}]},"8":{"line":70,"type":"if","locations":[{"start":{"line":70,"column":8},"end":{"line":70,"column":8}},{"start":{"line":70,"column":8},"end":{"line":70,"column":8}}]},"9":{"line":82,"type":"if","locations":[{"start":{"line":82,"column":8},"end":{"line":82,"column":8}},{"start":{"line":82,"column":8},"end":{"line":82,"column":8}}]},"10":{"line":90,"type":"if","locations":[{"start":{"line":90,"column":8},"end":{"line":90,"column":8}},{"start":{"line":90,"column":8},"end":{"line":90,"column":8}}]},"11":{"line":93,"type":"if","locations":[{"start":{"line":93,"column":12},"end":{"line":93,"column":12}},{"start":{"line":93,"column":12},"end":{"line":93,"column":12}}]}}},
"contracts/libs/FixedPoint.sol":{"l":{"10":0,"12":0,"13":0,"14":0,"15":0,"16":0,"18":0,"19":0,"20":0,"22":0,"23":0,"24":0,"26":0,"27":0,"28":0,"30":0,"31":0,"32":0,"34":0,"35":0,"36":0,"38":0,"39":0,"41":0,"42":0,"43":0,"44":0,"45":0,"46":0,"47":0,"48":0,"49":0,"56":0,"58":0,"59":0,"60":0,"62":0,"63":0,"64":0,"66":0,"67":0,"68":0,"70":0,"71":0,"72":0,"74":0,"75":0,"76":0,"78":0,"79":0,"80":0,"82":0,"83":0,"84":0,"86":0,"107":0,"112":248,"116":248,"117":248,"119":241,"120":241,"121":241,"122":241,"124":0,"125":0,"126":0,"133":0,"134":0,"137":0,"138":0,"139":0},"path":"/Users/david/crystl/DEV/polycrystal-vaults/contracts/libs/FixedPoint.sol","s":{"1":0,"2":0,"3":0,"4":0,"5":0,"6":0,"7":0,"8":0,"9":0,"10":0,"11":0,"12":0,"13":0,"14":0,"15":0,"16":0,"17":0,"18":0,"19":0,"20":0,"21":0,"22":0,"23":0,"24":0,"25":0,"26":0,"27":0,"28":0,"29":0,"30":0,"31":0,"32":0,"33":0,"34":0,"35":0,"36":0,"37":0,"38":0,"39":0,"40":0,"41":0,"42":0,"43":0,"44":0,"45":0,"46":0,"47":0,"48":0,"49":0,"50":0,"51":0,"52":0,"53":0,"54":0,"55":0,"56":0,"57":0,"58":0,"59":248,"60":248,"61":248,"62":7,"63":241,"64":241,"65":241,"66":241,"67":0,"68":0,"69":0,"70":0,"71":0,"72":0,"73":0,"74":0},"b":{"1":[0,0],"2":[0,0],"3":[0,0],"4":[0,0],"5":[0,0],"6":[0,0],"7":[0,0],"8":[0,0],"9":[0,0],"10":[0,0],"11":[0,0],"12":[0,0],"13":[0,0],"14":[0,0],"15":[0,0],"16":[0,0],"17":[0,0],"18":[248,0],"19":[7,241],"20":[241,0],"21":[241,0],"22":[0,0],"23":[0,0]},"f":{"1":0,"2":0,"3":0,"4":248,"5":248,"6":0},"fnMap":{"1":{"name":"sqrt","line":9,"loc":{"start":{"line":9,"column":4},"end":{"line":50,"column":4}}},"2":{"name":"mostSignificantBit","line":55,"loc":{"start":{"line":55,"column":4},"end":{"line":87,"column":4}}},"3":{"name":"decode","line":106,"loc":{"start":{"line":106,"column":4},"end":{"line":108,"column":4}}},"4":{"name":"decode112with18","line":110,"loc":{"start":{"line":110,"column":4},"end":{"line":113,"column":4}}},"5":{"name":"fraction","line":115,"loc":{"start":{"line":115,"column":4},"end":{"line":128,"column":4}}},"6":{"name":"sqrt","line":132,"loc":{"start":{"line":132,"column":4},"end":{"line":140,"column":4}}}},"statementMap":{"1":{"start":{"line":10,"column":8},"end":{"line":10,"column":28}},"2":{"start":{"line":10,"column":20},"end":{"line":10,"column":28}},"3":{"start":{"line":12,"column":8},"end":{"line":12,"column":22}},"4":{"start":{"line":13,"column":8},"end":{"line":13,"column":21}},"5":{"start":{"line":14,"column":8},"end":{"line":14,"column":274}},"6":{"start":{"line":15,"column":12},"end":{"line":15,"column":21}},"7":{"start":{"line":16,"column":12},"end":{"line":16,"column":19}},"8":{"start":{"line":18,"column":8},"end":{"line":18,"column":387}},"9":{"start":{"line":19,"column":12},"end":{"line":19,"column":20}},"10":{"start":{"line":20,"column":12},"end":{"line":20,"column":19}},"11":{"start":{"line":22,"column":8},"end":{"line":22,"column":483}},"12":{"start":{"line":23,"column":12},"end":{"line":23,"column":20}},"13":{"start":{"line":24,"column":12},"end":{"line":24,"column":19}},"14":{"start":{"line":26,"column":8},"end":{"line":26,"column":571}},"15":{"start":{"line":27,"column":12},"end":{"line":27,"column":20}},"16":{"start":{"line":28,"column":12},"end":{"line":28,"column":18}},"17":{"start":{"line":30,"column":8},"end":{"line":30,"column":654}},"18":{"start":{"line":31,"column":12},"end":{"line":31,"column":19}},"19":{"start":{"line":32,"column":12},"end":{"line":32,"column":18}},"20":{"start":{"line":34,"column":8},"end":{"line":34,"column":734}},"21":{"start":{"line":35,"column":12},"end":{"line":35,"column":19}},"22":{"start":{"line":36,"column":12},"end":{"line":36,"column":18}},"23":{"start":{"line":38,"column":8},"end":{"line":38,"column":813}},"24":{"start":{"line":39,"column":12},"end":{"line":39,"column":18}},"25":{"start":{"line":41,"column":8},"end":{"line":41,"column":27}},"26":{"start":{"line":42,"column":8},"end":{"line":42,"column":27}},"27":{"start":{"line":43,"column":8},"end":{"line":43,"column":27}},"28":{"start":{"line":44,"column":8},"end":{"line":44,"column":27}},"29":{"start":{"line":45,"column":8},"end":{"line":45,"column":27}},"30":{"start":{"line":46,"column":8},"end":{"line":46,"column":27}},"31":{"start":{"line":47,"column":8},"end":{"line":47,"column":27}},"32":{"start":{"line":48,"column":8},"end":{"line":48,"column":26}},"33":{"start":{"line":49,"column":8},"end":{"line":49,"column":32}},"34":{"start":{"line":56,"column":8},"end":{"line":56,"column":58}},"35":{"start":{"line":58,"column":8},"end":{"line":58,"column":1345}},"36":{"start":{"line":59,"column":12},"end":{"line":59,"column":20}},"37":{"start":{"line":60,"column":12},"end":{"line":60,"column":19}},"38":{"start":{"line":62,"column":8},"end":{"line":62,"column":1456}},"39":{"start":{"line":63,"column":12},"end":{"line":63,"column":19}},"40":{"start":{"line":64,"column":12},"end":{"line":64,"column":18}},"41":{"start":{"line":66,"column":8},"end":{"line":66,"column":1549}},"42":{"start":{"line":67,"column":12},"end":{"line":67,"column":19}},"43":{"start":{"line":68,"column":12},"end":{"line":68,"column":18}},"44":{"start":{"line":70,"column":8},"end":{"line":70,"column":1634}},"45":{"start":{"line":71,"column":12},"end":{"line":71,"column":19}},"46":{"start":{"line":72,"column":12},"end":{"line":72,"column":18}},"47":{"start":{"line":74,"column":8},"end":{"line":74,"column":1715}},"48":{"start":{"line":75,"column":12},"end":{"line":75,"column":18}},"49":{"start":{"line":76,"column":12},"end":{"line":76,"column":17}},"50":{"start":{"line":78,"column":8},"end":{"line":78,"column":1792}},"51":{"start":{"line":79,"column":12},"end":{"line":79,"column":18}},"52":{"start":{"line":80,"column":12},"end":{"line":80,"column":17}},"53":{"start":{"line":82,"column":8},"end":{"line":82,"column":1868}},"54":{"start":{"line":83,"column":12},"end":{"line":83,"column":18}},"55":{"start":{"line":84,"column":12},"end":{"line":84,"column":17}},"56":{"start":{"line":86,"column":8},"end":{"line":86,"column":28}},"57":{"start":{"line":86,"column":22},"end":{"line":86,"column":27}},"58":{"start":{"line":107,"column":8},"end":{"line":107,"column":45}},"59":{"start":{"line":112,"column":8},"end":{"line":112,"column":47}},"60":{"start":{"line":116,"column":8},"end":{"line":116,"column":73}},"61":{"start":{"line":117,"column":8},"end":{"line":117,"column":58}},"62":{"start":{"line":117,"column":28},"end":{"line":117,"column":58}},"63":{"start":{"line":119,"column":8},"end":{"line":119,"column":2943}},"64":{"start":{"line":120,"column":12},"end":{"line":120,"column":68}},"65":{"start":{"line":121,"column":12},"end":{"line":121,"column":75}},"66":{"start":{"line":122,"column":12},"end":{"line":122,"column":45}},"67":{"start":{"line":124,"column":12},"end":{"line":124,"column":74}},"68":{"start":{"line":125,"column":12},"end":{"line":125,"column":75}},"69":{"start":{"line":126,"column":12},"end":{"line":126,"column":45}},"70":{"start":{"line":133,"column":8},"end":{"line":133,"column":3572}},"71":{"start":{"line":134,"column":12},"end":{"line":134,"column":79}},"72":{"start":{"line":137,"column":8},"end":{"line":137,"column":71}},"73":{"start":{"line":138,"column":8},"end":{"line":138,"column":41}},"74":{"start":{"line":139,"column":8},"end":{"line":139,"column":116}}},"branchMap":{"1":{"line":10,"type":"if","locations":[{"start":{"line":10,"column":8},"end":{"line":10,"column":8}},{"start":{"line":10,"column":8},"end":{"line":10,"column":8}}]},"2":{"line":14,"type":"if","locations":[{"start":{"line":14,"column":8},"end":{"line":14,"column":8}},{"start":{"line":14,"column":8},"end":{"line":14,"column":8}}]},"3":{"line":18,"type":"if","locations":[{"start":{"line":18,"column":8},"end":{"line":18,"column":8}},{"start":{"line":18,"column":8},"end":{"line":18,"column":8}}]},"4":{"line":22,"type":"if","locations":[{"start":{"line":22,"column":8},"end":{"line":22,"column":8}},{"start":{"line":22,"column":8},"end":{"line":22,"column":8}}]},"5":{"line":26,"type":"if","locations":[{"start":{"line":26,"column":8},"end":{"line":26,"column":8}},{"start":{"line":26,"column":8},"end":{"line":26,"column":8}}]},"6":{"line":30,"type":"if","locations":[{"start":{"line":30,"column":8},"end":{"line":30,"column":8}},{"start":{"line":30,"column":8},"end":{"line":30,"column":8}}]},"7":{"line":34,"type":"if","locations":[{"start":{"line":34,"column":8},"end":{"line":34,"column":8}},{"start":{"line":34,"column":8},"end":{"line":34,"column":8}}]},"8":{"line":38,"type":"if","locations":[{"start":{"line":38,"column":8},"end":{"line":38,"column":8}},{"start":{"line":38,"column":8},"end":{"line":38,"column":8}}]},"9":{"line":56,"type":"if","locations":[{"start":{"line":56,"column":8},"end":{"line":56,"column":8}},{"start":{"line":56,"column":8},"end":{"line":56,"column":8}}]},"10":{"line":58,"type":"if","locations":[{"start":{"line":58,"column":8},"end":{"line":58,"column":8}},{"start":{"line":58,"column":8},"end":{"line":58,"column":8}}]},"11":{"line":62,"type":"if","locations":[{"start":{"line":62,"column":8},"end":{"line":62,"column":8}},{"start":{"line":62,"column":8},"end":{"line":62,"column":8}}]},"12":{"line":66,"type":"if","locations":[{"start":{"line":66,"column":8},"end":{"line":66,"column":8}},{"start":{"line":66,"column":8},"end":{"line":66,"column":8}}]},"13":{"line":70,"type":"if","locations":[{"start":{"line":70,"column":8},"end":{"line":70,"column":8}},{"start":{"line":70,"column":8},"end":{"line":70,"column":8}}]},"14":{"line":74,"type":"if","locations":[{"start":{"line":74,"column":8},"end":{"line":74,"column":8}},{"start":{"line":74,"column":8},"end":{"line":74,"column":8}}]},"15":{"line":78,"type":"if","locations":[{"start":{"line":78,"column":8},"end":{"line":78,"column":8}},{"start":{"line":78,"column":8},"end":{"line":78,"column":8}}]},"16":{"line":82,"type":"if","locations":[{"start":{"line":82,"column":8},"end":{"line":82,"column":8}},{"start":{"line":82,"column":8},"end":{"line":82,"column":8}}]},"17":{"line":86,"type":"if","locations":[{"start":{"line":86,"column":8},"end":{"line":86,"column":8}},{"start":{"line":86,"column":8},"end":{"line":86,"column":8}}]},"18":{"line":116,"type":"if","locations":[{"start":{"line":116,"column":8},"end":{"line":116,"column":8}},{"start":{"line":116,"column":8},"end":{"line":116,"column":8}}]},"19":{"line":117,"type":"if","locations":[{"start":{"line":117,"column":8},"end":{"line":117,"column":8}},{"start":{"line":117,"column":8},"end":{"line":117,"column":8}}]},"20":{"line":119,"type":"if","locations":[{"start":{"line":119,"column":8},"end":{"line":119,"column":8}},{"start":{"line":119,"column":8},"end":{"line":119,"column":8}}]},"21":{"line":121,"type":"if","locations":[{"start":{"line":121,"column":12},"end":{"line":121,"column":12}},{"start":{"line":121,"column":12},"end":{"line":121,"column":12}}]},"22":{"line":125,"type":"if","locations":[{"start":{"line":125,"column":12},"end":{"line":125,"column":12}},{"start":{"line":125,"column":12},"end":{"line":125,"column":12}}]},"23":{"line":133,"type":"if","locations":[{"start":{"line":133,"column":8},"end":{"line":133,"column":8}},{"start":{"line":133,"column":8},"end":{"line":133,"column":8}}]}}},
"contracts/libs/FullMath.sol":{"l":{"7":0,"8":0,"9":0,"10":0,"18":0,"19":0,"20":0,"21":0,"22":0,"23":0,"24":0,"25":0,"26":0,"27":0,"28":0,"29":0,"30":0,"31":0,"39":0,"40":0,"41":0,"42":0,"43":0,"44":0},"path":"/Users/david/crystl/DEV/polycrystal-vaults/contracts/libs/FullMath.sol","s":{"1":0,"2":0,"3":0,"4":0,"5":0,"6":0,"7":0,"8":0,"9":0,"10":0,"11":0,"12":0,"13":0,"14":0,"15":0,"16":0,"17":0,"18":0,"19":0,"20":0,"21":0,"22":0,"23":0,"24":0,"25":0,"26":0},"b":{"1":[0,0],"2":[0,0],"3":[0,0]},"f":{"1":0,"2":0,"3":0},"fnMap":{"1":{"name":"fullMul","line":6,"loc":{"start":{"line":6,"column":4},"end":{"line":11,"column":4}}},"2":{"name":"fullDiv","line":13,"loc":{"start":{"line":13,"column":4},"end":{"line":32,"column":4}}},"3":{"name":"mulDiv","line":34,"loc":{"start":{"line":34,"column":4},"end":{"line":45,"column":4}}}},"statementMap":{"1":{"start":{"line":7,"column":8},"end":{"line":7,"column":46}},"2":{"start":{"line":8,"column":8},"end":{"line":8,"column":16}},"3":{"start":{"line":9,"column":8},"end":{"line":9,"column":17}},"4":{"start":{"line":10,"column":8},"end":{"line":10,"column":26}},"5":{"start":{"line":10,"column":20},"end":{"line":10,"column":25}},"6":{"start":{"line":18,"column":8},"end":{"line":18,"column":29}},"7":{"start":{"line":19,"column":8},"end":{"line":19,"column":16}},"8":{"start":{"line":20,"column":8},"end":{"line":20,"column":16}},"9":{"start":{"line":21,"column":8},"end":{"line":21,"column":36}},"10":{"start":{"line":22,"column":8},"end":{"line":22,"column":21}},"11":{"start":{"line":23,"column":8},"end":{"line":23,"column":21}},"12":{"start":{"line":24,"column":8},"end":{"line":24,"column":21}},"13":{"start":{"line":25,"column":8},"end":{"line":25,"column":21}},"14":{"start":{"line":26,"column":8},"end":{"line":26,"column":21}},"15":{"start":{"line":27,"column":8},"end":{"line":27,"column":21}},"16":{"start":{"line":28,"column":8},"end":{"line":28,"column":21}},"17":{"start":{"line":29,"column":8},"end":{"line":29,"column":21}},"18":{"start":{"line":30,"column":8},"end":{"line":30,"column":21}},"19":{"start":{"line":31,"column":8},"end":{"line":31,"column":20}},"20":{"start":{"line":39,"column":8},"end":{"line":39,"column":46}},"21":{"start":{"line":40,"column":8},"end":{"line":40,"column":36}},"22":{"start":{"line":41,"column":8},"end":{"line":41,"column":26}},"23":{"start":{"line":41,"column":20},"end":{"line":41,"column":25}},"24":{"start":{"line":42,"column":8},"end":{"line":42,"column":14}},"25":{"start":{"line":43,"column":8},"end":{"line":43,"column":51}},"26":{"start":{"line":44,"column":8},"end":{"line":44,"column":31}}},"branchMap":{"1":{"line":10,"type":"if","locations":[{"start":{"line":10,"column":8},"end":{"line":10,"column":8}},{"start":{"line":10,"column":8},"end":{"line":10,"column":8}}]},"2":{"line":41,"type":"if","locations":[{"start":{"line":41,"column":8},"end":{"line":41,"column":8}},{"start":{"line":41,"column":8},"end":{"line":41,"column":8}}]},"3":{"line":43,"type":"if","locations":[{"start":{"line":43,"column":8},"end":{"line":43,"column":8}},{"start":{"line":43,"column":8},"end":{"line":43,"column":8}}]}}},
"contracts/libs/IERC20.sol":{"l":{},"path":"/Users/david/crystl/DEV/polycrystal-vaults/contracts/libs/IERC20.sol","s":{},"b":{},"f":{},"fnMap":{},"statementMap":{},"branchMap":{}},
"contracts/libs/ITreasury.sol":{"l":{},"path":"/Users/david/crystl/DEV/polycrystal-vaults/contracts/libs/ITreasury.sol","s":{},"b":{},"f":{},"fnMap":{},"statementMap":{},"branchMap":{}},
"contracts/libs/Ownable.sol":{"l":{"10":236,"14":130,"15":129,"19":0,"20":0},"path":"/Users/david/crystl/DEV/polycrystal-vaults/contracts/libs/Ownable.sol","s":{"1":236,"2":130,"3":0,"4":0},"b":{"1":[129,1],"2":[0,0]},"f":{"1":236,"2":130,"3":0},"fnMap":{"1":{"name":"constructor","line":9,"loc":{"start":{"line":9,"column":4},"end":{"line":11,"column":4}}},"2":{"name":"onlyPolicy","line":13,"loc":{"start":{"line":13,"column":4},"end":{"line":16,"column":4}}},"3":{"name":"transferManagment","line":18,"loc":{"start":{"line":18,"column":4},"end":{"line":21,"column":4}}}},"statementMap":{"1":{"start":{"line":10,"column":8},"end":{"line":10,"column":26}},"2":{"start":{"line":14,"column":8},"end":{"line":14,"column":74}},"3":{"start":{"line":19,"column":8},"end":{"line":19,"column":41}},"4":{"start":{"line":20,"column":8},"end":{"line":20,"column":25}}},"branchMap":{"1":{"line":14,"type":"if","locations":[{"start":{"line":14,"column":8},"end":{"line":14,"column":8}},{"start":{"line":14,"column":8},"end":{"line":14,"column":8}}]},"2":{"line":19,"type":"if","locations":[{"start":{"line":19,"column":8},"end":{"line":19,"column":8}},{"start":{"line":19,"column":8},"end":{"line":19,"column":8}}]}}},
"contracts/libs/SafeERC20.sol":{"l":{"12":26,"16":44,"21":0,"24":0,"28":0,"29":0,"33":0,"34":0,"39":70,"40":70,"42":70},"path":"/Users/david/crystl/DEV/polycrystal-vaults/contracts/libs/SafeERC20.sol","s":{"1":26,"2":44,"3":0,"4":0,"5":0,"6":0,"7":0,"8":0,"9":70,"10":70,"11":70},"b":{"1":[0,0],"2":[70,0],"3":[70,0]},"f":{"1":26,"2":44,"3":0,"4":0,"5":0,"6":70},"fnMap":{"1":{"name":"safeTransfer","line":11,"loc":{"start":{"line":11,"column":4},"end":{"line":13,"column":4}}},"2":{"name":"safeTransferFrom","line":15,"loc":{"start":{"line":15,"column":4},"end":{"line":17,"column":4}}},"3":{"name":"safeApprove","line":19,"loc":{"start":{"line":19,"column":4},"end":{"line":25,"column":4}}},"4":{"name":"safeIncreaseAllowance","line":27,"loc":{"start":{"line":27,"column":4},"end":{"line":30,"column":4}}},"5":{"name":"safeDecreaseAllowance","line":32,"loc":{"start":{"line":32,"column":4},"end":{"line":35,"column":4}}},"6":{"name":"_callOptionalReturn","line":37,"loc":{"start":{"line":37,"column":4},"end":{"line":44,"column":4}}}},"statementMap":{"1":{"start":{"line":12,"column":8},"end":{"line":12,"column":93}},"2":{"start":{"line":16,"column":8},"end":{"line":16,"column":103}},"3":{"start":{"line":21,"column":8},"end":{"line":21,"column":671}},"4":{"start":{"line":24,"column":8},"end":{"line":24,"column":97}},"5":{"start":{"line":28,"column":8},"end":{"line":28,"column":81}},"6":{"start":{"line":29,"column":8},"end":{"line":29,"column":104}},"7":{"start":{"line":33,"column":8},"end":{"line":33,"column":126}},"8":{"start":{"line":34,"column":8},"end":{"line":34,"column":104}},"9":{"start":{"line":39,"column":8},"end":{"line":39,"column":103}},"10":{"start":{"line":40,"column":8},"end":{"line":40,"column":1743}},"11":{"start":{"line":42,"column":12},"end":{"line":42,"column":96}}},"branchMap":{"1":{"line":21,"type":"if","locations":[{"start":{"line":21,"column":8},"end":{"line":21,"column":8}},{"start":{"line":21,"column":8},"end":{"line":21,"column":8}}]},"2":{"line":40,"type":"if","locations":[{"start":{"line":40,"column":8},"end":{"line":40,"column":8}},{"start":{"line":40,"column":8},"end":{"line":40,"column":8}}]},"3":{"line":42,"type":"if","locations":[{"start":{"line":42,"column":12},"end":{"line":42,"column":12}},{"start":{"line":42,"column":12},"end":{"line":42,"column":12}}]}}},
"contracts/libs/SafeMath.sol":{"l":{"6":204,"7":204,"9":204,"13":775,"17":775,"18":775,"20":775,"24":788,"25":51,"28":737,"29":737,"31":737,"35":888,"39":888,"40":888,"41":888,"45":0,"49":0,"50":0,"54":0,"55":0,"56":0,"57":0,"58":0,"59":0,"62":0},"path":"/Users/david/crystl/DEV/polycrystal-vaults/contracts/libs/SafeMath.sol","s":{"1":204,"2":204,"3":204,"4":775,"5":775,"6":775,"7":775,"8":788,"9":51,"10":737,"11":737,"12":737,"13":888,"14":888,"15":888,"16":888,"17":0,"18":0,"19":0,"20":0,"21":0,"22":0,"23":0,"24":0,"25":0,"26":0,"27":0},"b":{"1":[204,0],"2":[775,0],"3":[51,737],"4":[737,0],"5":[888,0],"6":[0,0],"7":[0,0],"8":[0,0]},"f":{"1":204,"2":775,"3":775,"4":788,"5":888,"6":888,"7":0,"8":0,"9":0},"fnMap":{"1":{"name":"add","line":5,"loc":{"start":{"line":5,"column":4},"end":{"line":10,"column":4}}},"2":{"name":"sub","line":12,"loc":{"start":{"line":12,"column":4},"end":{"line":14,"column":4}}},"3":{"name":"sub","line":16,"loc":{"start":{"line":16,"column":4},"end":{"line":21,"column":4}}},"4":{"name":"mul","line":23,"loc":{"start":{"line":23,"column":4},"end":{"line":32,"column":4}}},"5":{"name":"div","line":34,"loc":{"start":{"line":34,"column":4},"end":{"line":36,"column":4}}},"6":{"name":"div","line":38,"loc":{"start":{"line":38,"column":4},"end":{"line":42,"column":4}}},"7":{"name":"mod","line":44,"loc":{"start":{"line":44,"column":4},"end":{"line":46,"column":4}}},"8":{"name":"mod","line":48,"loc":{"start":{"line":48,"column":4},"end":{"line":51,"column":4}}},"9":{"name":"sqrrt","line":53,"loc":{"start":{"line":53,"column":4},"end":{"line":64,"column":4}}}},"statementMap":{"1":{"start":{"line":6,"column":8},"end":{"line":6,"column":25}},"2":{"start":{"line":7,"column":8},"end":{"line":7,"column":53}},"3":{"start":{"line":9,"column":8},"end":{"line":9,"column":16}},"4":{"start":{"line":13,"column":8},"end":{"line":13,"column":58}},"5":{"start":{"line":17,"column":8},"end":{"line":17,"column":36}},"6":{"start":{"line":18,"column":8},"end":{"line":18,"column":25}},"7":{"start":{"line":20,"column":8},"end":{"line":20,"column":16}},"8":{"start":{"line":24,"column":8},"end":{"line":24,"column":649}},"9":{"start":{"line":25,"column":12},"end":{"line":25,"column":20}},"10":{"start":{"line":28,"column":8},"end":{"line":28,"column":25}},"11":{"start":{"line":29,"column":8},"end":{"line":29,"column":63}},"12":{"start":{"line":31,"column":8},"end":{"line":31,"column":16}},"13":{"start":{"line":35,"column":8},"end":{"line":35,"column":54}},"14":{"start":{"line":39,"column":8},"end":{"line":39,"column":35}},"15":{"start":{"line":40,"column":8},"end":{"line":40,"column":25}},"16":{"start":{"line":41,"column":8},"end":{"line":41,"column":16}},"17":{"start":{"line":45,"column":8},"end":{"line":45,"column":52}},"18":{"start":{"line":49,"column":8},"end":{"line":49,"column":36}},"19":{"start":{"line":50,"column":8},"end":{"line":50,"column":20}},"20":{"start":{"line":54,"column":8},"end":{"line":54,"column":1516}},"21":{"start":{"line":55,"column":12},"end":{"line":55,"column":16}},"22":{"start":{"line":56,"column":12},"end":{"line":56,"column":41}},"23":{"start":{"line":57,"column":12},"end":{"line":57,"column":1607}},"24":{"start":{"line":58,"column":16},"end":{"line":58,"column":20}},"25":{"start":{"line":59,"column":16},"end":{"line":59,"column":49}},"26":{"start":{"line":61,"column":15},"end":{"line":61,"column":1723}},"27":{"start":{"line":62,"column":12},"end":{"line":62,"column":16}}},"branchMap":{"1":{"line":7,"type":"if","locations":[{"start":{"line":7,"column":8},"end":{"line":7,"column":8}},{"start":{"line":7,"column":8},"end":{"line":7,"column":8}}]},"2":{"line":17,"type":"if","locations":[{"start":{"line":17,"column":8},"end":{"line":17,"column":8}},{"start":{"line":17,"column":8},"end":{"line":17,"column":8}}]},"3":{"line":24,"type":"if","locations":[{"start":{"line":24,"column":8},"end":{"line":24,"column":8}},{"start":{"line":24,"column":8},"end":{"line":24,"column":8}}]},"4":{"line":29,"type":"if","locations":[{"start":{"line":29,"column":8},"end":{"line":29,"column":8}},{"start":{"line":29,"column":8},"end":{"line":29,"column":8}}]},"5":{"line":39,"type":"if","locations":[{"start":{"line":39,"column":8},"end":{"line":39,"column":8}},{"start":{"line":39,"column":8},"end":{"line":39,"column":8}}]},"6":{"line":49,"type":"if","locations":[{"start":{"line":49,"column":8},"end":{"line":49,"column":8}},{"start":{"line":49,"column":8},"end":{"line":49,"column":8}}]},"7":{"line":54,"type":"if","locations":[{"start":{"line":54,"column":8},"end":{"line":54,"column":8}},{"start":{"line":54,"column":8},"end":{"line":54,"column":8}}]},"8":{"line":61,"type":"if","locations":[{"start":{"line":61,"column":15},"end":{"line":61,"column":15}},{"start":{"line":61,"column":15},"end":{"line":61,"column":15}}]}}}}
