{
"contracts/BaseStrategy.sol":{"l":{"33":103,"37":0,"38":0,"39":0,"43":0,"46":0,"49":0,"52":0},"path":"/Users/richardjamieson/Documents/GitHub/polycrystal-vaults/contracts/BaseStrategy.sol","s":{"1":103,"2":0,"3":0,"4":0,"5":0,"6":0,"7":0,"8":0},"b":{},"f":{"1":103,"2":0,"3":0,"4":0,"5":0,"6":0},"fnMap":{"1":{"name":"wantLockedTotal","line":32,"loc":{"start":{"line":32,"column":4},"end":{"line":34,"column":4}}},"2":{"name":"setSettings","line":36,"loc":{"start":{"line":36,"column":4},"end":{"line":40,"column":4}}},"3":{"name":"panic","line":42,"loc":{"start":{"line":42,"column":4},"end":{"line":44,"column":4}}},"4":{"name":"unpanic","line":45,"loc":{"start":{"line":45,"column":4},"end":{"line":47,"column":4}}},"5":{"name":"_destroy_","line":48,"loc":{"start":{"line":48,"column":4},"end":{"line":50,"column":4}}},"6":{"name":"router","line":51,"loc":{"start":{"line":51,"column":4},"end":{"line":53,"column":4}}}},"statementMap":{"1":{"start":{"line":33,"column":8},"end":{"line":33,"column":50}},"2":{"start":{"line":37,"column":8},"end":{"line":37,"column":29}},"3":{"start":{"line":38,"column":8},"end":{"line":38,"column":27}},"4":{"start":{"line":39,"column":8},"end":{"line":39,"column":35}},"5":{"start":{"line":43,"column":8},"end":{"line":43,"column":32}},"6":{"start":{"line":46,"column":8},"end":{"line":46,"column":14}},"7":{"start":{"line":49,"column":8},"end":{"line":49,"column":15}},"8":{"start":{"line":52,"column":8},"end":{"line":52,"column":30}}},"branchMap":{}},
"contracts/BaseStrategySwapLogic.sol":{"l":{"23":17,"27":217,"31":34,"33":34,"34":34,"36":34,"38":47,"39":47,"40":47,"43":47,"44":17,"45":17,"47":17,"49":17,"51":0,"52":0,"57":34,"59":17,"60":12,"62":12,"64":5,"66":0,"68":5,"71":34,"76":21,"77":21,"79":21,"81":21,"82":21,"86":21,"88":21,"93":17,"94":17,"96":17,"97":17,"98":51,"100":17,"101":17,"102":17,"103":17,"104":17,"105":17,"106":17,"107":17,"108":17,"109":17,"111":17,"112":17,"113":34,"114":34,"115":34,"116":34,"117":17,"118":17,"119":17,"120":17,"121":17,"122":17,"134":34,"135":5,"136":0,"137":5,"139":29,"140":29,"144":29,"145":29,"146":71,"148":29,"149":29,"150":70,"155":29,"157":29,"158":0,"166":29},"path":"/Users/richardjamieson/Documents/GitHub/polycrystal-vaults/contracts/BaseStrategySwapLogic.sol","s":{"1":17,"2":217,"3":34,"4":34,"5":34,"6":34,"7":47,"8":47,"9":47,"10":21,"11":47,"12":17,"13":17,"14":17,"15":17,"16":0,"17":0,"18":34,"19":17,"20":12,"21":12,"22":5,"23":0,"24":5,"25":34,"26":21,"27":21,"28":0,"29":21,"30":21,"31":21,"32":21,"33":21,"34":17,"35":17,"36":17,"37":17,"38":51,"39":17,"40":17,"41":17,"42":17,"43":17,"44":17,"45":17,"46":17,"47":17,"48":17,"49":17,"50":17,"51":34,"52":34,"53":34,"54":34,"55":17,"56":17,"57":17,"58":17,"59":17,"60":17,"61":34,"62":5,"63":0,"64":5,"65":29,"66":29,"67":29,"68":29,"69":71,"70":29,"71":29,"72":70,"73":29,"74":29,"75":0,"76":29},"b":{"1":[21,26],"2":[17,30],"3":[17,0],"4":[17,17],"5":[12,5],"6":[0,5],"7":[0,21],"8":[21,0],"9":[17,0],"10":[17,17],"11":[17,0],"12":[5,29],"13":[0,5],"14":[1,70],"15":[0,29]},"f":{"1":17,"2":217,"3":34,"4":21,"5":17,"6":34},"fnMap":{"1":{"name":"isMaximizer","line":22,"loc":{"start":{"line":22,"column":4},"end":{"line":24,"column":4}}},"2":{"name":"_wantBalance","line":26,"loc":{"start":{"line":26,"column":4},"end":{"line":28,"column":4}}},"3":{"name":"earn","line":30,"loc":{"start":{"line":30,"column":4},"end":{"line":72,"column":4}}},"4":{"name":"_farm","line":75,"loc":{"start":{"line":75,"column":4},"end":{"line":89,"column":4}}},"5":{"name":"distribute","line":91,"loc":{"start":{"line":91,"column":4},"end":{"line":125,"column":4}}},"6":{"name":"safeSwap","line":127,"loc":{"start":{"line":127,"column":4},"end":{"line":168,"column":4}}}},"statementMap":{"1":{"start":{"line":23,"column":8},"end":{"line":23,"column":49}},"2":{"start":{"line":27,"column":8},"end":{"line":27,"column":49}},"3":{"start":{"line":31,"column":8},"end":{"line":31,"column":47}},"4":{"start":{"line":33,"column":8},"end":{"line":33,"column":22}},"5":{"start":{"line":34,"column":8},"end":{"line":34,"column":33}},"6":{"start":{"line":36,"column":8},"end":{"line":36,"column":1336}},"7":{"start":{"line":38,"column":12},"end":{"line":38,"column":42}},"8":{"start":{"line":39,"column":12},"end":{"line":39,"column":68}},"9":{"start":{"line":40,"column":12},"end":{"line":40,"column":1583}},"10":{"start":{"line":41,"column":16},"end":{"line":41,"column":45}},"11":{"start":{"line":43,"column":12},"end":{"line":43,"column":1674}},"12":{"start":{"line":44,"column":16},"end":{"line":44,"column":29}},"13":{"start":{"line":45,"column":16},"end":{"line":45,"column":67}},"14":{"start":{"line":47,"column":16},"end":{"line":47,"column":1901}},"15":{"start":{"line":49,"column":20},"end":{"line":49,"column":78}},"16":{"start":{"line":51,"column":20},"end":{"line":51,"column":82}},"17":{"start":{"line":52,"column":20},"end":{"line":52,"column":82}},"18":{"start":{"line":57,"column":8},"end":{"line":57,"column":2332}},"19":{"start":{"line":59,"column":12},"end":{"line":59,"column":2364}},"20":{"start":{"line":60,"column":16},"end":{"line":60,"column":90}},"21":{"start":{"line":62,"column":16},"end":{"line":62,"column":78}},"22":{"start":{"line":64,"column":16},"end":{"line":64,"column":2600}},"23":{"start":{"line":66,"column":20},"end":{"line":66,"column":94}},"24":{"start":{"line":68,"column":16},"end":{"line":68,"column":22}},"25":{"start":{"line":71,"column":8},"end":{"line":71,"column":43}},"26":{"start":{"line":76,"column":8},"end":{"line":76,"column":40}},"27":{"start":{"line":77,"column":8},"end":{"line":77,"column":32}},"28":{"start":{"line":77,"column":26},"end":{"line":77,"column":32}},"29":{"start":{"line":79,"column":8},"end":{"line":79,"column":49}},"30":{"start":{"line":81,"column":8},"end":{"line":81,"column":29}},"31":{"start":{"line":82,"column":8},"end":{"line":82,"column":48}},"32":{"start":{"line":86,"column":8},"end":{"line":86,"column":3508}},"33":{"start":{"line":88,"column":8},"end":{"line":88,"column":14}},"34":{"start":{"line":93,"column":8},"end":{"line":93,"column":29}},"35":{"start":{"line":94,"column":8},"end":{"line":94,"column":43}},"36":{"start":{"line":96,"column":8},"end":{"line":96,"column":25}},"37":{"start":{"line":97,"column":8},"end":{"line":97,"column":3898}},"38":{"start":{"line":98,"column":12},"end":{"line":98,"column":44}},"39":{"start":{"line":100,"column":8},"end":{"line":100,"column":34}},"40":{"start":{"line":101,"column":8},"end":{"line":101,"column":4027}},"41":{"start":{"line":102,"column":12},"end":{"line":102,"column":70}},"42":{"start":{"line":103,"column":12},"end":{"line":103,"column":36}},"43":{"start":{"line":104,"column":12},"end":{"line":104,"column":36}},"44":{"start":{"line":105,"column":12},"end":{"line":105,"column":53}},"45":{"start":{"line":106,"column":12},"end":{"line":106,"column":36}},"46":{"start":{"line":107,"column":12},"end":{"line":107,"column":38}},"47":{"start":{"line":108,"column":12},"end":{"line":108,"column":68}},"48":{"start":{"line":109,"column":12},"end":{"line":109,"column":68}},"49":{"start":{"line":111,"column":12},"end":{"line":111,"column":55}},"50":{"start":{"line":112,"column":12},"end":{"line":112,"column":4551}},"51":{"start":{"line":113,"column":16},"end":{"line":113,"column":76}},"52":{"start":{"line":114,"column":16},"end":{"line":114,"column":36}},"53":{"start":{"line":115,"column":16},"end":{"line":115,"column":32}},"54":{"start":{"line":116,"column":16},"end":{"line":116,"column":62}},"55":{"start":{"line":117,"column":16},"end":{"line":117,"column":40}},"56":{"start":{"line":118,"column":16},"end":{"line":118,"column":40}},"57":{"start":{"line":119,"column":16},"end":{"line":119,"column":62}},"58":{"start":{"line":120,"column":16},"end":{"line":120,"column":108}},"59":{"start":{"line":121,"column":16},"end":{"line":121,"column":35}},"60":{"start":{"line":122,"column":16},"end":{"line":122,"column":60}},"61":{"start":{"line":134,"column":8},"end":{"line":134,"column":5387}},"62":{"start":{"line":135,"column":12},"end":{"line":135,"column":5469}},"63":{"start":{"line":136,"column":16},"end":{"line":136,"column":51}},"64":{"start":{"line":137,"column":12},"end":{"line":137,"column":18}},"65":{"start":{"line":139,"column":8},"end":{"line":139,"column":43}},"66":{"start":{"line":140,"column":8},"end":{"line":140,"column":100}},"67":{"start":{"line":144,"column":8},"end":{"line":144,"column":25}},"68":{"start":{"line":145,"column":8},"end":{"line":145,"column":5947}},"69":{"start":{"line":146,"column":12},"end":{"line":146,"column":59}},"70":{"start":{"line":148,"column":8},"end":{"line":148,"column":61}},"71":{"start":{"line":149,"column":8},"end":{"line":149,"column":6136}},"72":{"start":{"line":150,"column":12},"end":{"line":150,"column":36}},"73":{"start":{"line":155,"column":8},"end":{"line":155,"column":72}},"74":{"start":{"line":157,"column":8},"end":{"line":157,"column":6463}},"75":{"start":{"line":158,"column":12},"end":{"line":158,"column":6509}},"76":{"start":{"line":166,"column":12},"end":{"line":166,"column":93}}},"branchMap":{"1":{"line":40,"type":"if","locations":[{"start":{"line":40,"column":12},"end":{"line":40,"column":12}},{"start":{"line":40,"column":12},"end":{"line":40,"column":12}}]},"2":{"line":43,"type":"if","locations":[{"start":{"line":43,"column":12},"end":{"line":43,"column":12}},{"start":{"line":43,"column":12},"end":{"line":43,"column":12}}]},"3":{"line":47,"type":"if","locations":[{"start":{"line":47,"column":16},"end":{"line":47,"column":16}},{"start":{"line":47,"column":16},"end":{"line":47,"column":16}}]},"4":{"line":57,"type":"if","locations":[{"start":{"line":57,"column":8},"end":{"line":57,"column":8}},{"start":{"line":57,"column":8},"end":{"line":57,"column":8}}]},"5":{"line":59,"type":"if","locations":[{"start":{"line":59,"column":12},"end":{"line":59,"column":12}},{"start":{"line":59,"column":12},"end":{"line":59,"column":12}}]},"6":{"line":64,"type":"if","locations":[{"start":{"line":64,"column":16},"end":{"line":64,"column":16}},{"start":{"line":64,"column":16},"end":{"line":64,"column":16}}]},"7":{"line":77,"type":"if","locations":[{"start":{"line":77,"column":8},"end":{"line":77,"column":8}},{"start":{"line":77,"column":8},"end":{"line":77,"column":8}}]},"8":{"line":86,"type":"if","locations":[{"start":{"line":86,"column":8},"end":{"line":86,"column":8}},{"start":{"line":86,"column":8},"end":{"line":86,"column":8}}]},"9":{"line":101,"type":"if","locations":[{"start":{"line":101,"column":8},"end":{"line":101,"column":8}},{"start":{"line":101,"column":8},"end":{"line":101,"column":8}}]},"10":{"line":116,"type":"if","locations":[{"start":{"line":116,"column":16},"end":{"line":116,"column":16}},{"start":{"line":116,"column":16},"end":{"line":116,"column":16}}]},"11":{"line":122,"type":"if","locations":[{"start":{"line":122,"column":16},"end":{"line":122,"column":16}},{"start":{"line":122,"column":16},"end":{"line":122,"column":16}}]},"12":{"line":134,"type":"if","locations":[{"start":{"line":134,"column":8},"end":{"line":134,"column":8}},{"start":{"line":134,"column":8},"end":{"line":134,"column":8}}]},"13":{"line":135,"type":"if","locations":[{"start":{"line":135,"column":12},"end":{"line":135,"column":12}},{"start":{"line":135,"column":12},"end":{"line":135,"column":12}}]},"14":{"line":146,"type":"if","locations":[{"start":{"line":146,"column":12},"end":{"line":146,"column":12}},{"start":{"line":146,"column":12},"end":{"line":146,"column":12}}]},"15":{"line":157,"type":"if","locations":[{"start":{"line":157,"column":8},"end":{"line":157,"column":8}},{"start":{"line":157,"column":8},"end":{"line":157,"column":8}}]}}},
"contracts/BaseStrategyVaultHealer.sol":{"l":{"14":16,"15":16,"16":16,"18":16,"23":16,"24":16,"26":16,"27":16,"28":14,"30":16,"36":11,"37":11,"38":11,"41":11,"42":11,"43":3,"47":11,"48":11,"50":11,"54":11,"55":11,"58":11,"64":11,"65":0,"68":11,"69":11,"71":11,"73":11},"path":"/Users/richardjamieson/Documents/GitHub/polycrystal-vaults/contracts/BaseStrategyVaultHealer.sol","s":{"1":16,"2":16,"3":16,"4":16,"5":0,"6":16,"7":16,"8":16,"9":16,"10":14,"11":16,"12":11,"13":11,"14":11,"15":11,"16":11,"17":3,"18":11,"19":11,"20":11,"21":11,"22":11,"23":11,"24":11,"25":0,"26":11,"27":11,"28":4,"29":11,"30":11},"b":{"1":[0,16],"2":[14,2],"3":[16,0],"4":[3,8],"5":[11,0],"6":[0,11],"7":[4,7],"8":[11,0]},"f":{"1":16,"2":11},"fnMap":{"1":{"name":"deposit","line":12,"loc":{"start":{"line":12,"column":4},"end":{"line":31,"column":4}}},"2":{"name":"withdraw","line":34,"loc":{"start":{"line":34,"column":4},"end":{"line":74,"column":4}}}},"statementMap":{"1":{"start":{"line":14,"column":8},"end":{"line":14,"column":37}},"2":{"start":{"line":15,"column":8},"end":{"line":15,"column":60}},"3":{"start":{"line":16,"column":8},"end":{"line":16,"column":33}},"4":{"start":{"line":18,"column":8},"end":{"line":18,"column":37}},"5":{"start":{"line":18,"column":29},"end":{"line":18,"column":37}},"6":{"start":{"line":23,"column":8},"end":{"line":23,"column":87}},"7":{"start":{"line":24,"column":8},"end":{"line":24,"column":14}},"8":{"start":{"line":26,"column":8},"end":{"line":26,"column":57}},"9":{"start":{"line":27,"column":8},"end":{"line":27,"column":1484}},"10":{"start":{"line":28,"column":12},"end":{"line":28,"column":83}},"11":{"start":{"line":30,"column":8},"end":{"line":30,"column":67}},"12":{"start":{"line":36,"column":8},"end":{"line":36,"column":37}},"13":{"start":{"line":37,"column":8},"end":{"line":37,"column":60}},"14":{"start":{"line":38,"column":8},"end":{"line":38,"column":72}},"15":{"start":{"line":41,"column":8},"end":{"line":41,"column":33}},"16":{"start":{"line":42,"column":8},"end":{"line":42,"column":2258}},"17":{"start":{"line":43,"column":12},"end":{"line":43,"column":30}},"18":{"start":{"line":47,"column":8},"end":{"line":47,"column":2403}},"19":{"start":{"line":48,"column":12},"end":{"line":48,"column":45}},"20":{"start":{"line":50,"column":12},"end":{"line":50,"column":35}},"21":{"start":{"line":54,"column":8},"end":{"line":54,"column":48}},"22":{"start":{"line":55,"column":8},"end":{"line":55,"column":107}},"23":{"start":{"line":58,"column":8},"end":{"line":58,"column":2820}},"24":{"start":{"line":64,"column":8},"end":{"line":64,"column":2995}},"25":{"start":{"line":65,"column":12},"end":{"line":65,"column":38}},"26":{"start":{"line":68,"column":8},"end":{"line":68,"column":97}},"27":{"start":{"line":69,"column":8},"end":{"line":69,"column":50}},"28":{"start":{"line":69,"column":32},"end":{"line":69,"column":49}},"29":{"start":{"line":71,"column":8},"end":{"line":71,"column":66}},"30":{"start":{"line":73,"column":8},"end":{"line":73,"column":40}}},"branchMap":{"1":{"line":18,"type":"if","locations":[{"start":{"line":18,"column":8},"end":{"line":18,"column":8}},{"start":{"line":18,"column":8},"end":{"line":18,"column":8}}]},"2":{"line":27,"type":"if","locations":[{"start":{"line":27,"column":8},"end":{"line":27,"column":8}},{"start":{"line":27,"column":8},"end":{"line":27,"column":8}}]},"3":{"line":30,"type":"if","locations":[{"start":{"line":30,"column":8},"end":{"line":30,"column":8}},{"start":{"line":30,"column":8},"end":{"line":30,"column":8}}]},"4":{"line":42,"type":"if","locations":[{"start":{"line":42,"column":8},"end":{"line":42,"column":8}},{"start":{"line":42,"column":8},"end":{"line":42,"column":8}}]},"5":{"line":47,"type":"if","locations":[{"start":{"line":47,"column":8},"end":{"line":47,"column":8}},{"start":{"line":47,"column":8},"end":{"line":47,"column":8}}]},"6":{"line":64,"type":"if","locations":[{"start":{"line":64,"column":8},"end":{"line":64,"column":8}},{"start":{"line":64,"column":8},"end":{"line":64,"column":8}}]},"7":{"line":69,"type":"if","locations":[{"start":{"line":69,"column":8},"end":{"line":69,"column":8}},{"start":{"line":69,"column":8},"end":{"line":69,"column":8}}]},"8":{"line":71,"type":"if","locations":[{"start":{"line":71,"column":8},"end":{"line":71,"column":8}},{"start":{"line":71,"column":8},"end":{"line":71,"column":8}}]}}},
"contracts/BoostPool.sol":{"l":{"69":3,"71":3,"72":3,"73":3,"75":3,"76":3,"78":3,"80":3,"81":3,"82":3,"84":3,"85":3,"87":3,"91":1,"92":1,"97":1,"98":1,"99":1,"100":1,"101":1,"102":1,"107":0,"108":0,"110":0,"112":0,"118":0,"119":0,"120":0,"121":0,"122":0,"123":0,"124":0,"125":0,"127":0,"132":0,"133":0,"134":0,"135":0,"136":0,"137":0,"138":0,"140":0,"146":0,"147":0,"148":0,"149":0,"150":0,"151":0,"152":0,"153":0,"154":0,"155":0,"157":0,"158":0,"159":0,"167":0,"168":0,"169":0,"173":0,"174":0,"175":0,"176":0,"177":0,"178":0,"179":0,"183":0,"187":0,"189":0,"190":0,"191":0,"192":0,"193":0,"194":0,"195":0,"196":0,"197":0,"199":0,"200":0,"201":0,"202":0,"203":0,"204":0,"205":0,"206":0,"207":0,"213":0,"214":0,"215":0,"221":0,"228":0,"229":0,"231":0,"232":0,"233":0,"234":0,"235":0,"240":0,"241":0,"242":0,"243":0,"245":0,"246":0,"247":0,"254":0,"255":0,"256":0,"257":0,"258":0,"259":0,"265":0,"266":0,"267":0,"268":0,"275":0,"276":0,"283":0,"284":0,"285":0,"290":0,"294":0,"296":0},"path":"/Users/richardjamieson/Documents/GitHub/polycrystal-vaults/contracts/BoostPool.sol","s":{"1":3,"2":3,"3":3,"4":3,"5":3,"6":3,"7":3,"8":3,"9":3,"10":3,"11":3,"12":3,"13":3,"14":1,"15":1,"16":1,"17":1,"18":0,"19":1,"20":1,"21":1,"22":0,"23":0,"24":0,"25":0,"26":0,"27":0,"28":0,"29":0,"30":0,"31":0,"32":0,"33":0,"34":0,"35":0,"36":0,"37":0,"38":0,"39":0,"40":0,"41":0,"42":0,"43":0,"44":0,"45":0,"46":0,"47":0,"48":0,"49":0,"50":0,"51":0,"52":0,"53":0,"54":0,"55":0,"56":0,"57":0,"58":0,"59":0,"60":0,"61":0,"62":0,"63":0,"64":0,"65":0,"66":0,"67":0,"68":0,"69":0,"70":0,"71":0,"72":0,"73":0,"74":0,"75":0,"76":0,"77":0,"78":0,"79":0,"80":0,"81":0,"82":0,"83":0,"84":0,"85":0,"86":0,"87":0,"88":0,"89":0,"90":0,"91":0,"92":0,"93":0,"94":0,"95":0,"96":0,"97":0,"98":0,"99":0,"100":0,"101":0,"102":0,"103":0,"104":0,"105":0,"106":0,"107":0,"108":0,"109":0,"110":0,"111":0,"112":0,"113":0,"114":0,"115":0,"116":0,"117":0,"118":0,"119":0,"120":0,"121":0,"122":0},"b":{"1":[3,0],"2":[3,0],"3":[3,0],"4":[1,0],"5":[1,0],"6":[0,1],"7":[1,0],"8":[0,0],"9":[0,0],"10":[0,0],"11":[0,0],"12":[0,0],"13":[0,0],"14":[0,0],"15":[0,0],"16":[0,0],"17":[0,0],"18":[0,0],"19":[0,0],"20":[0,0],"21":[0,0],"22":[0,0],"23":[0,0],"24":[0,0],"25":[0,0],"26":[0,0],"27":[0,0],"28":[0,0],"29":[0,0],"30":[0,0]},"f":{"1":3,"2":1,"3":1,"4":0,"5":0,"6":0,"7":0,"8":0,"9":0,"10":0,"11":0,"12":0,"13":0,"14":0,"15":0,"16":0,"17":0,"18":0,"19":0},"fnMap":{"1":{"name":"constructor","line":60,"loc":{"start":{"line":60,"column":2},"end":{"line":88,"column":4}}},"2":{"name":"onlyVaultHealer","line":90,"loc":{"start":{"line":90,"column":4},"end":{"line":93,"column":4}}},"3":{"name":"vaultHealerActivate","line":95,"loc":{"start":{"line":95,"column":4},"end":{"line":103,"column":4}}},"4":{"name":"getMultiplier","line":106,"loc":{"start":{"line":106,"column":4},"end":{"line":114,"column":4}}},"5":{"name":"pendingReward","line":117,"loc":{"start":{"line":117,"column":4},"end":{"line":128,"column":4}}},"6":{"name":"updatePool","line":131,"loc":{"start":{"line":131,"column":4},"end":{"line":142,"column":4}}},"7":{"name":"_harvest","line":145,"loc":{"start":{"line":145,"column":4},"end":{"line":164,"column":4}}},"8":{"name":"harvest","line":166,"loc":{"start":{"line":166,"column":4},"end":{"line":170,"column":4}}},"9":{"name":"joinPool","line":172,"loc":{"start":{"line":172,"column":4},"end":{"line":180,"column":4}}},"10":{"name":"notifyOnTransfer","line":182,"loc":{"start":{"line":182,"column":4},"end":{"line":209,"column":4}}},"11":{"name":"depositRewards","line":212,"loc":{"start":{"line":212,"column":4},"end":{"line":216,"column":4}}},"12":{"name":"safeTransferReward","line":220,"loc":{"start":{"line":220,"column":4},"end":{"line":222,"column":4}}},"13":{"name":"setRewardPerBlock","line":227,"loc":{"start":{"line":227,"column":4},"end":{"line":236,"column":4}}},"14":{"name":"setBonusEndBlock","line":239,"loc":{"start":{"line":239,"column":4},"end":{"line":248,"column":4}}},"15":{"name":"emergencyWithdraw","line":253,"loc":{"start":{"line":253,"column":4},"end":{"line":260,"column":4}}},"16":{"name":"emergencyRewardWithdraw","line":264,"loc":{"start":{"line":264,"column":4},"end":{"line":277,"column":4}}},"17":{"name":"sweepToken","line":282,"loc":{"start":{"line":282,"column":4},"end":{"line":286,"column":4}}},"18":{"name":"updateRewardDebt","line":289,"loc":{"start":{"line":289,"column":4},"end":{"line":291,"column":4}}},"19":{"name":"calcPending","line":293,"loc":{"start":{"line":293,"column":4},"end":{"line":299,"column":4}}}},"statementMap":{"1":{"start":{"line":69,"column":8},"end":{"line":69,"column":47}},"2":{"start":{"line":71,"column":8},"end":{"line":71,"column":39}},"3":{"start":{"line":72,"column":8},"end":{"line":72,"column":103}},"4":{"start":{"line":73,"column":8},"end":{"line":73,"column":123}},"5":{"start":{"line":75,"column":8},"end":{"line":75,"column":42}},"6":{"start":{"line":76,"column":8},"end":{"line":76,"column":67}},"7":{"start":{"line":78,"column":8},"end":{"line":78,"column":39}},"8":{"start":{"line":80,"column":8},"end":{"line":80,"column":31}},"9":{"start":{"line":81,"column":8},"end":{"line":81,"column":37}},"10":{"start":{"line":82,"column":8},"end":{"line":82,"column":36}},"11":{"start":{"line":84,"column":8},"end":{"line":84,"column":82}},"12":{"start":{"line":85,"column":8},"end":{"line":85,"column":144}},"13":{"start":{"line":87,"column":8},"end":{"line":87,"column":31}},"14":{"start":{"line":91,"column":8},"end":{"line":91,"column":82}},"15":{"start":{"line":97,"column":8},"end":{"line":97,"column":66}},"16":{"start":{"line":98,"column":8},"end":{"line":98,"column":37}},"17":{"start":{"line":99,"column":8},"end":{"line":99,"column":66}},"18":{"start":{"line":99,"column":40},"end":{"line":99,"column":65}},"19":{"start":{"line":100,"column":8},"end":{"line":100,"column":153}},"20":{"start":{"line":101,"column":8},"end":{"line":101,"column":25}},"21":{"start":{"line":102,"column":8},"end":{"line":102,"column":31}},"22":{"start":{"line":107,"column":8},"end":{"line":107,"column":4106}},"23":{"start":{"line":108,"column":12},"end":{"line":108,"column":30}},"24":{"start":{"line":109,"column":15},"end":{"line":109,"column":4181}},"25":{"start":{"line":110,"column":12},"end":{"line":110,"column":20}},"26":{"start":{"line":112,"column":12},"end":{"line":112,"column":40}},"27":{"start":{"line":118,"column":8},"end":{"line":118,"column":43}},"28":{"start":{"line":119,"column":8},"end":{"line":119,"column":64}},"29":{"start":{"line":120,"column":8},"end":{"line":120,"column":47}},"30":{"start":{"line":121,"column":8},"end":{"line":121,"column":39}},"31":{"start":{"line":122,"column":8},"end":{"line":122,"column":4650}},"32":{"start":{"line":123,"column":12},"end":{"line":123,"column":78}},"33":{"start":{"line":124,"column":12},"end":{"line":124,"column":61}},"34":{"start":{"line":125,"column":12},"end":{"line":125,"column":71}},"35":{"start":{"line":127,"column":8},"end":{"line":127,"column":57}},"36":{"start":{"line":132,"column":8},"end":{"line":132,"column":50}},"37":{"start":{"line":133,"column":8},"end":{"line":133,"column":5165}},"38":{"start":{"line":134,"column":12},"end":{"line":134,"column":46}},"39":{"start":{"line":135,"column":12},"end":{"line":135,"column":5268}},"40":{"start":{"line":136,"column":16},"end":{"line":136,"column":82}},"41":{"start":{"line":137,"column":16},"end":{"line":137,"column":65}},"42":{"start":{"line":138,"column":16},"end":{"line":138,"column":74}},"43":{"start":{"line":140,"column":12},"end":{"line":140,"column":41}},"44":{"start":{"line":146,"column":8},"end":{"line":146,"column":43}},"45":{"start":{"line":147,"column":8},"end":{"line":147,"column":5758}},"46":{"start":{"line":148,"column":12},"end":{"line":148,"column":62}},"47":{"start":{"line":149,"column":12},"end":{"line":149,"column":5862}},"48":{"start":{"line":150,"column":16},"end":{"line":150,"column":84}},"49":{"start":{"line":151,"column":16},"end":{"line":151,"column":5986}},"50":{"start":{"line":152,"column":20},"end":{"line":152,"column":6041}},"51":{"start":{"line":153,"column":24},"end":{"line":153,"column":70}},"52":{"start":{"line":154,"column":24},"end":{"line":154,"column":58}},"53":{"start":{"line":155,"column":24},"end":{"line":155,"column":54}},"54":{"start":{"line":157,"column":24},"end":{"line":157,"column":57}},"55":{"start":{"line":158,"column":24},"end":{"line":158,"column":45}},"56":{"start":{"line":159,"column":24},"end":{"line":159,"column":34}},"57":{"start":{"line":167,"column":8},"end":{"line":167,"column":19}},"58":{"start":{"line":168,"column":8},"end":{"line":168,"column":38}},"59":{"start":{"line":169,"column":8},"end":{"line":169,"column":49}},"60":{"start":{"line":173,"column":8},"end":{"line":173,"column":19}},"61":{"start":{"line":174,"column":8},"end":{"line":174,"column":43}},"62":{"start":{"line":175,"column":8},"end":{"line":175,"column":60}},"63":{"start":{"line":176,"column":8},"end":{"line":176,"column":63}},"64":{"start":{"line":177,"column":8},"end":{"line":177,"column":28}},"65":{"start":{"line":178,"column":8},"end":{"line":178,"column":29}},"66":{"start":{"line":179,"column":8},"end":{"line":179,"column":32}},"67":{"start":{"line":183,"column":8},"end":{"line":183,"column":19}},"68":{"start":{"line":187,"column":8},"end":{"line":187,"column":53}},"69":{"start":{"line":189,"column":8},"end":{"line":189,"column":7542}},"70":{"start":{"line":190,"column":12},"end":{"line":190,"column":45}},"71":{"start":{"line":191,"column":12},"end":{"line":191,"column":40}},"72":{"start":{"line":192,"column":12},"end":{"line":192,"column":7687}},"73":{"start":{"line":193,"column":16},"end":{"line":193,"column":26}},"74":{"start":{"line":194,"column":12},"end":{"line":194,"column":33}},"75":{"start":{"line":195,"column":12},"end":{"line":195,"column":33}},"76":{"start":{"line":196,"column":12},"end":{"line":196,"column":42}},"77":{"start":{"line":197,"column":12},"end":{"line":197,"column":38}},"78":{"start":{"line":199,"column":8},"end":{"line":199,"column":7905}},"79":{"start":{"line":200,"column":12},"end":{"line":200,"column":47}},"80":{"start":{"line":201,"column":12},"end":{"line":201,"column":42}},"81":{"start":{"line":202,"column":12},"end":{"line":202,"column":8056}},"82":{"start":{"line":203,"column":16},"end":{"line":203,"column":26}},"83":{"start":{"line":204,"column":12},"end":{"line":204,"column":33}},"84":{"start":{"line":205,"column":12},"end":{"line":205,"column":33}},"85":{"start":{"line":206,"column":12},"end":{"line":206,"column":42}},"86":{"start":{"line":207,"column":12},"end":{"line":207,"column":41}},"87":{"start":{"line":213,"column":8},"end":{"line":213,"column":68}},"88":{"start":{"line":214,"column":8},"end":{"line":214,"column":72}},"89":{"start":{"line":215,"column":8},"end":{"line":215,"column":36}},"90":{"start":{"line":221,"column":8},"end":{"line":221,"column":46}},"91":{"start":{"line":228,"column":8},"end":{"line":228,"column":47}},"92":{"start":{"line":229,"column":8},"end":{"line":229,"column":43}},"93":{"start":{"line":231,"column":8},"end":{"line":231,"column":130}},"94":{"start":{"line":232,"column":8},"end":{"line":232,"column":166}},"95":{"start":{"line":233,"column":8},"end":{"line":233,"column":19}},"96":{"start":{"line":234,"column":8},"end":{"line":234,"column":39}},"97":{"start":{"line":235,"column":8},"end":{"line":235,"column":59}},"98":{"start":{"line":240,"column":8},"end":{"line":240,"column":98}},"99":{"start":{"line":241,"column":8},"end":{"line":241,"column":45}},"100":{"start":{"line":242,"column":8},"end":{"line":242,"column":168}},"101":{"start":{"line":243,"column":8},"end":{"line":243,"column":19}},"102":{"start":{"line":245,"column":8},"end":{"line":245,"column":67}},"103":{"start":{"line":245,"column":42},"end":{"line":245,"column":66}},"104":{"start":{"line":246,"column":8},"end":{"line":246,"column":37}},"105":{"start":{"line":247,"column":8},"end":{"line":247,"column":59}},"106":{"start":{"line":254,"column":8},"end":{"line":254,"column":43}},"107":{"start":{"line":255,"column":8},"end":{"line":255,"column":33}},"108":{"start":{"line":256,"column":8},"end":{"line":256,"column":22}},"109":{"start":{"line":257,"column":8},"end":{"line":257,"column":26}},"110":{"start":{"line":258,"column":8},"end":{"line":258,"column":50}},"111":{"start":{"line":259,"column":8},"end":{"line":259,"column":19}},"112":{"start":{"line":265,"column":8},"end":{"line":265,"column":86}},"113":{"start":{"line":266,"column":8},"end":{"line":266,"column":37}},"114":{"start":{"line":267,"column":8},"end":{"line":267,"column":43}},"115":{"start":{"line":268,"column":8},"end":{"line":268,"column":10871}},"116":{"start":{"line":275,"column":8},"end":{"line":275,"column":46}},"117":{"start":{"line":276,"column":8},"end":{"line":276,"column":57}},"118":{"start":{"line":283,"column":8},"end":{"line":283,"column":56}},"119":{"start":{"line":284,"column":8},"end":{"line":284,"column":42}},"120":{"start":{"line":285,"column":8},"end":{"line":285,"column":63}},"121":{"start":{"line":290,"column":8},"end":{"line":290,"column":88}},"122":{"start":{"line":294,"column":8},"end":{"line":294,"column":61}}},"branchMap":{"1":{"line":73,"type":"if","locations":[{"start":{"line":73,"column":8},"end":{"line":73,"column":8}},{"start":{"line":73,"column":8},"end":{"line":73,"column":8}}]},"2":{"line":84,"type":"if","locations":[{"start":{"line":84,"column":8},"end":{"line":84,"column":8}},{"start":{"line":84,"column":8},"end":{"line":84,"column":8}}]},"3":{"line":85,"type":"if","locations":[{"start":{"line":85,"column":8},"end":{"line":85,"column":8}},{"start":{"line":85,"column":8},"end":{"line":85,"column":8}}]},"4":{"line":91,"type":"if","locations":[{"start":{"line":91,"column":8},"end":{"line":91,"column":8}},{"start":{"line":91,"column":8},"end":{"line":91,"column":8}}]},"5":{"line":97,"type":"if","locations":[{"start":{"line":97,"column":8},"end":{"line":97,"column":8}},{"start":{"line":97,"column":8},"end":{"line":97,"column":8}}]},"6":{"line":99,"type":"if","locations":[{"start":{"line":99,"column":8},"end":{"line":99,"column":8}},{"start":{"line":99,"column":8},"end":{"line":99,"column":8}}]},"7":{"line":100,"type":"if","locations":[{"start":{"line":100,"column":8},"end":{"line":100,"column":8}},{"start":{"line":100,"column":8},"end":{"line":100,"column":8}}]},"8":{"line":107,"type":"if","locations":[{"start":{"line":107,"column":8},"end":{"line":107,"column":8}},{"start":{"line":107,"column":8},"end":{"line":107,"column":8}}]},"9":{"line":109,"type":"if","locations":[{"start":{"line":109,"column":15},"end":{"line":109,"column":15}},{"start":{"line":109,"column":15},"end":{"line":109,"column":15}}]},"10":{"line":122,"type":"if","locations":[{"start":{"line":122,"column":8},"end":{"line":122,"column":8}},{"start":{"line":122,"column":8},"end":{"line":122,"column":8}}]},"11":{"line":133,"type":"if","locations":[{"start":{"line":133,"column":8},"end":{"line":133,"column":8}},{"start":{"line":133,"column":8},"end":{"line":133,"column":8}}]},"12":{"line":135,"type":"if","locations":[{"start":{"line":135,"column":12},"end":{"line":135,"column":12}},{"start":{"line":135,"column":12},"end":{"line":135,"column":12}}]},"13":{"line":147,"type":"if","locations":[{"start":{"line":147,"column":8},"end":{"line":147,"column":8}},{"start":{"line":147,"column":8},"end":{"line":147,"column":8}}]},"14":{"line":149,"type":"if","locations":[{"start":{"line":149,"column":12},"end":{"line":149,"column":12}},{"start":{"line":149,"column":12},"end":{"line":149,"column":12}}]},"15":{"line":151,"type":"if","locations":[{"start":{"line":151,"column":16},"end":{"line":151,"column":16}},{"start":{"line":151,"column":16},"end":{"line":151,"column":16}}]},"16":{"line":152,"type":"if","locations":[{"start":{"line":152,"column":20},"end":{"line":152,"column":20}},{"start":{"line":152,"column":20},"end":{"line":152,"column":20}}]},"17":{"line":175,"type":"if","locations":[{"start":{"line":175,"column":8},"end":{"line":175,"column":8}},{"start":{"line":175,"column":8},"end":{"line":175,"column":8}}]},"18":{"line":176,"type":"if","locations":[{"start":{"line":176,"column":8},"end":{"line":176,"column":8}},{"start":{"line":176,"column":8},"end":{"line":176,"column":8}}]},"19":{"line":189,"type":"if","locations":[{"start":{"line":189,"column":8},"end":{"line":189,"column":8}},{"start":{"line":189,"column":8},"end":{"line":189,"column":8}}]},"20":{"line":192,"type":"if","locations":[{"start":{"line":192,"column":12},"end":{"line":192,"column":12}},{"start":{"line":192,"column":12},"end":{"line":192,"column":12}}]},"21":{"line":199,"type":"if","locations":[{"start":{"line":199,"column":8},"end":{"line":199,"column":8}},{"start":{"line":199,"column":8},"end":{"line":199,"column":8}}]},"22":{"line":202,"type":"if","locations":[{"start":{"line":202,"column":12},"end":{"line":202,"column":12}},{"start":{"line":202,"column":12},"end":{"line":202,"column":12}}]},"23":{"line":213,"type":"if","locations":[{"start":{"line":213,"column":8},"end":{"line":213,"column":8}},{"start":{"line":213,"column":8},"end":{"line":213,"column":8}}]},"24":{"line":231,"type":"if","locations":[{"start":{"line":231,"column":8},"end":{"line":231,"column":8}},{"start":{"line":231,"column":8},"end":{"line":231,"column":8}}]},"25":{"line":232,"type":"if","locations":[{"start":{"line":232,"column":8},"end":{"line":232,"column":8}},{"start":{"line":232,"column":8},"end":{"line":232,"column":8}}]},"26":{"line":240,"type":"if","locations":[{"start":{"line":240,"column":8},"end":{"line":240,"column":8}},{"start":{"line":240,"column":8},"end":{"line":240,"column":8}}]},"27":{"line":242,"type":"if","locations":[{"start":{"line":242,"column":8},"end":{"line":242,"column":8}},{"start":{"line":242,"column":8},"end":{"line":242,"column":8}}]},"28":{"line":245,"type":"if","locations":[{"start":{"line":245,"column":8},"end":{"line":245,"column":8}},{"start":{"line":245,"column":8},"end":{"line":245,"column":8}}]},"29":{"line":265,"type":"if","locations":[{"start":{"line":265,"column":8},"end":{"line":265,"column":8}},{"start":{"line":265,"column":8},"end":{"line":265,"column":8}}]},"30":{"line":268,"type":"if","locations":[{"start":{"line":268,"column":8},"end":{"line":268,"column":8}},{"start":{"line":268,"column":8},"end":{"line":268,"column":8}}]}}},
"contracts/ContractSizer 2.sol":{"l":{"7":0},"path":"/Users/richardjamieson/Documents/GitHub/polycrystal-vaults/contracts/ContractSizer 2.sol","s":{},"b":{},"f":{"1":0},"fnMap":{"1":{"name":"sizeOf","line":6,"loc":{"start":{"line":6,"column":4},"end":{"line":10,"column":4}}}},"statementMap":{},"branchMap":{}},
"contracts/ContractSizer 3.sol":{"l":{"7":0},"path":"/Users/richardjamieson/Documents/GitHub/polycrystal-vaults/contracts/ContractSizer 3.sol","s":{},"b":{},"f":{"1":0},"fnMap":{"1":{"name":"sizeOf","line":6,"loc":{"start":{"line":6,"column":4},"end":{"line":10,"column":4}}}},"statementMap":{},"branchMap":{}},
"contracts/ContractSizer.sol":{"l":{"7":0},"path":"/Users/richardjamieson/Documents/GitHub/polycrystal-vaults/contracts/ContractSizer.sol","s":{},"b":{},"f":{"1":0},"fnMap":{"1":{"name":"sizeOf","line":6,"loc":{"start":{"line":6,"column":4},"end":{"line":10,"column":4}}}},"statementMap":{},"branchMap":{}},
"contracts/libs/HardMath.sol":{"l":{"26":0,"27":0,"28":0,"35":0,"36":0,"37":0,"40":0,"45":0,"53":0,"54":0,"58":0,"62":0,"120":0,"121":0,"122":0,"123":0,"130":0},"path":"/Users/richardjamieson/Documents/GitHub/polycrystal-vaults/contracts/libs/HardMath.sol","s":{"1":0,"2":0,"3":0,"4":0,"5":0,"6":0,"7":0,"8":0,"9":0,"10":0},"b":{"1":[0,0],"2":[0,0],"3":[0,0],"4":[0,0],"5":[0,0]},"f":{"1":0,"2":0,"3":0},"fnMap":{"1":{"name":"mulDiv","line":16,"loc":{"start":{"line":16,"column":4},"end":{"line":108,"column":4}}},"2":{"name":"mulDivRoundingUp","line":115,"loc":{"start":{"line":115,"column":4},"end":{"line":125,"column":4}}},"3":{"name":"sqrt","line":129,"loc":{"start":{"line":129,"column":4},"end":{"line":173,"column":4}}}},"statementMap":{"1":{"start":{"line":26,"column":8},"end":{"line":26,"column":21}},"2":{"start":{"line":27,"column":8},"end":{"line":27,"column":21}},"3":{"start":{"line":35,"column":8},"end":{"line":35,"column":1557}},"4":{"start":{"line":36,"column":12},"end":{"line":36,"column":35}},"5":{"start":{"line":40,"column":12},"end":{"line":40,"column":25}},"6":{"start":{"line":45,"column":8},"end":{"line":45,"column":35}},"7":{"start":{"line":53,"column":8},"end":{"line":53,"column":25}},"8":{"start":{"line":120,"column":8},"end":{"line":120,"column":41}},"9":{"start":{"line":121,"column":8},"end":{"line":121,"column":5218}},"10":{"start":{"line":122,"column":12},"end":{"line":122,"column":46}}},"branchMap":{"1":{"line":35,"type":"if","locations":[{"start":{"line":35,"column":8},"end":{"line":35,"column":8}},{"start":{"line":35,"column":8},"end":{"line":35,"column":8}}]},"2":{"line":36,"type":"if","locations":[{"start":{"line":36,"column":12},"end":{"line":36,"column":12}},{"start":{"line":36,"column":12},"end":{"line":36,"column":12}}]},"3":{"line":45,"type":"if","locations":[{"start":{"line":45,"column":8},"end":{"line":45,"column":8}},{"start":{"line":45,"column":8},"end":{"line":45,"column":8}}]},"4":{"line":121,"type":"if","locations":[{"start":{"line":121,"column":8},"end":{"line":121,"column":8}},{"start":{"line":121,"column":8},"end":{"line":121,"column":8}}]},"5":{"line":122,"type":"if","locations":[{"start":{"line":122,"column":12},"end":{"line":122,"column":12}},{"start":{"line":122,"column":12},"end":{"line":122,"column":12}}]}}},
"contracts/libs/IBoostPool.sol":{"l":{},"path":"/Users/richardjamieson/Documents/GitHub/polycrystal-vaults/contracts/libs/IBoostPool.sol","s":{},"b":{},"f":{},"fnMap":{},"statementMap":{},"branchMap":{}},
"contracts/libs/IMagnetite 2.sol":{"l":{},"path":"/Users/richardjamieson/Documents/GitHub/polycrystal-vaults/contracts/libs/IMagnetite 2.sol","s":{},"b":{},"f":{},"fnMap":{},"statementMap":{},"branchMap":{}},
"contracts/libs/IMagnetite.sol":{"l":{},"path":"/Users/richardjamieson/Documents/GitHub/polycrystal-vaults/contracts/libs/IMagnetite.sol","s":{},"b":{},"f":{},"fnMap":{},"statementMap":{},"branchMap":{}},
"contracts/libs/IMiniChefV2.sol":{"l":{},"path":"/Users/richardjamieson/Documents/GitHub/polycrystal-vaults/contracts/libs/IMiniChefV2.sol","s":{},"b":{},"f":{},"fnMap":{},"statementMap":{},"branchMap":{}},
"contracts/libs/Interfaces.sol":{"l":{},"path":"/Users/richardjamieson/Documents/GitHub/polycrystal-vaults/contracts/libs/Interfaces.sol","s":{},"b":{},"f":{},"fnMap":{},"statementMap":{},"branchMap":{}},
"contracts/libs/IStrategy.sol":{"l":{},"path":"/Users/richardjamieson/Documents/GitHub/polycrystal-vaults/contracts/libs/IStrategy.sol","s":{},"b":{},"f":{},"fnMap":{},"statementMap":{},"branchMap":{}},
"contracts/libs/ITactic.sol":{"l":{},"path":"/Users/richardjamieson/Documents/GitHub/polycrystal-vaults/contracts/libs/ITactic.sol","s":{},"b":{},"f":{},"fnMap":{},"statementMap":{},"branchMap":{}},
"contracts/libs/IUniFactory.sol":{"l":{},"path":"/Users/richardjamieson/Documents/GitHub/polycrystal-vaults/contracts/libs/IUniFactory.sol","s":{},"b":{},"f":{},"fnMap":{},"statementMap":{},"branchMap":{}},
"contracts/libs/IUniPair.sol":{"l":{},"path":"/Users/richardjamieson/Documents/GitHub/polycrystal-vaults/contracts/libs/IUniPair.sol","s":{},"b":{},"f":{},"fnMap":{},"statementMap":{},"branchMap":{}},
"contracts/libs/IUniRouter.sol":{"l":{},"path":"/Users/richardjamieson/Documents/GitHub/polycrystal-vaults/contracts/libs/IUniRouter.sol","s":{},"b":{},"f":{},"fnMap":{},"statementMap":{},"branchMap":{}},
"contracts/libs/IVaultFeeManager 2.sol":{"l":{},"path":"/Users/richardjamieson/Documents/GitHub/polycrystal-vaults/contracts/libs/IVaultFeeManager 2.sol","s":{},"b":{},"f":{},"fnMap":{},"statementMap":{},"branchMap":{}},
"contracts/libs/IVaultFeeManager.sol":{"l":{},"path":"/Users/richardjamieson/Documents/GitHub/polycrystal-vaults/contracts/libs/IVaultFeeManager.sol","s":{},"b":{},"f":{},"fnMap":{},"statementMap":{},"branchMap":{}},
"contracts/libs/IVaultHealer.sol":{"l":{},"path":"/Users/richardjamieson/Documents/GitHub/polycrystal-vaults/contracts/libs/IVaultHealer.sol","s":{},"b":{},"f":{},"fnMap":{},"statementMap":{},"branchMap":{}},
"contracts/libs/IWETH 2.sol":{"l":{},"path":"/Users/richardjamieson/Documents/GitHub/polycrystal-vaults/contracts/libs/IWETH 2.sol","s":{},"b":{},"f":{},"fnMap":{},"statementMap":{},"branchMap":{}},
"contracts/libs/IWETH.sol":{"l":{},"path":"/Users/richardjamieson/Documents/GitHub/polycrystal-vaults/contracts/libs/IWETH.sol","s":{},"b":{},"f":{},"fnMap":{},"statementMap":{},"branchMap":{}},
"contracts/libs/LibQuartz.sol":{"l":{"34":0,"35":0,"39":0,"40":0,"42":0,"43":0,"44":0,"47":0,"48":0,"49":0,"50":0,"53":0,"54":0,"56":0,"57":0,"58":0,"59":0,"60":0,"61":0,"62":0,"64":0,"70":0,"72":0,"73":0,"75":0,"76":0,"78":0,"79":0,"80":0,"84":0,"85":0,"87":0,"88":0,"92":0,"94":0,"95":0,"97":0,"98":0,"100":0,"101":0,"103":0,"104":0,"106":0,"109":0,"110":0,"111":0,"115":0,"116":0,"117":0,"119":0,"120":0,"122":0},"path":"/Users/richardjamieson/Documents/GitHub/polycrystal-vaults/contracts/libs/LibQuartz.sol","s":{"1":0,"2":0,"3":0,"4":0,"5":0,"6":0,"7":0,"8":0,"9":0,"10":0,"11":0,"12":0,"13":0,"14":0,"15":0,"16":0,"17":0,"18":0,"19":0,"20":0,"21":0,"22":0,"23":0,"24":0,"25":0,"26":0,"27":0,"28":0,"29":0,"30":0,"31":0,"32":0,"33":0,"34":0,"35":0,"36":0,"37":0,"38":0,"39":0,"40":0,"41":0,"42":0,"43":0,"44":0,"45":0,"46":0,"47":0,"48":0,"49":0,"50":0,"51":0,"52":0},"b":{"1":[0,0],"2":[0,0],"3":[0,0],"4":[0,0],"5":[0,0],"6":[0,0],"7":[0,0],"8":[0,0],"9":[0,0]},"f":{"1":0,"2":0,"3":0,"4":0,"5":0,"6":0,"7":0,"8":0},"fnMap":{"1":{"name":"getRouter","line":33,"loc":{"start":{"line":33,"column":4},"end":{"line":36,"column":4}}},"2":{"name":"getRouterAndPair","line":38,"loc":{"start":{"line":38,"column":4},"end":{"line":45,"column":4}}},"3":{"name":"getSwapAmount","line":46,"loc":{"start":{"line":46,"column":4},"end":{"line":51,"column":4}}},"4":{"name":"returnAssets","line":52,"loc":{"start":{"line":52,"column":4},"end":{"line":68,"column":4}}},"5":{"name":"estimateSwap","line":69,"loc":{"start":{"line":69,"column":4},"end":{"line":81,"column":4}}},"6":{"name":"removeLiquidity","line":83,"loc":{"start":{"line":83,"column":4},"end":{"line":89,"column":4}}},"7":{"name":"optimalMint","line":91,"loc":{"start":{"line":91,"column":4},"end":{"line":112,"column":4}}},"8":{"name":"hasSufficientLiquidity","line":114,"loc":{"start":{"line":114,"column":4},"end":{"line":124,"column":4}}}},"statementMap":{"1":{"start":{"line":34,"column":8},"end":{"line":34,"column":55}},"2":{"start":{"line":35,"column":8},"end":{"line":35,"column":29}},"3":{"start":{"line":39,"column":8},"end":{"line":39,"column":19}},"4":{"start":{"line":40,"column":8},"end":{"line":40,"column":50}},"5":{"start":{"line":42,"column":8},"end":{"line":42,"column":37}},"6":{"start":{"line":43,"column":8},"end":{"line":43,"column":30}},"7":{"start":{"line":44,"column":8},"end":{"line":44,"column":97}},"8":{"start":{"line":47,"column":8},"end":{"line":47,"column":48}},"9":{"start":{"line":48,"column":8},"end":{"line":48,"column":83}},"10":{"start":{"line":49,"column":8},"end":{"line":49,"column":107}},"11":{"start":{"line":50,"column":8},"end":{"line":50,"column":106}},"12":{"start":{"line":53,"column":8},"end":{"line":53,"column":34}},"13":{"start":{"line":54,"column":8},"end":{"line":54,"column":23}},"14":{"start":{"line":56,"column":8},"end":{"line":56,"column":2471}},"15":{"start":{"line":57,"column":12},"end":{"line":57,"column":55}},"16":{"start":{"line":58,"column":12},"end":{"line":58,"column":2587}},"17":{"start":{"line":59,"column":16},"end":{"line":59,"column":2626}},"18":{"start":{"line":60,"column":20},"end":{"line":60,"column":41}},"19":{"start":{"line":61,"column":20},"end":{"line":61,"column":83}},"20":{"start":{"line":62,"column":20},"end":{"line":62,"column":66}},"21":{"start":{"line":64,"column":20},"end":{"line":64,"column":62}},"22":{"start":{"line":70,"column":8},"end":{"line":70,"column":79}},"23":{"start":{"line":72,"column":8},"end":{"line":72,"column":48}},"24":{"start":{"line":73,"column":8},"end":{"line":73,"column":105}},"25":{"start":{"line":75,"column":8},"end":{"line":75,"column":66}},"26":{"start":{"line":76,"column":8},"end":{"line":76,"column":84}},"27":{"start":{"line":78,"column":8},"end":{"line":78,"column":81}},"28":{"start":{"line":79,"column":8},"end":{"line":79,"column":76}},"29":{"start":{"line":80,"column":8},"end":{"line":80,"column":62}},"30":{"start":{"line":84,"column":8},"end":{"line":84,"column":70}},"31":{"start":{"line":85,"column":8},"end":{"line":85,"column":58}},"32":{"start":{"line":87,"column":8},"end":{"line":87,"column":74}},"33":{"start":{"line":88,"column":8},"end":{"line":88,"column":74}},"34":{"start":{"line":92,"column":8},"end":{"line":92,"column":79}},"35":{"start":{"line":94,"column":8},"end":{"line":94,"column":66}},"36":{"start":{"line":95,"column":8},"end":{"line":95,"column":45}},"37":{"start":{"line":97,"column":8},"end":{"line":97,"column":55}},"38":{"start":{"line":98,"column":8},"end":{"line":98,"column":55}},"39":{"start":{"line":100,"column":8},"end":{"line":100,"column":59}},"40":{"start":{"line":101,"column":8},"end":{"line":101,"column":59}},"41":{"start":{"line":103,"column":8},"end":{"line":103,"column":4742}},"42":{"start":{"line":104,"column":12},"end":{"line":104,"column":52}},"43":{"start":{"line":106,"column":12},"end":{"line":106,"column":52}},"44":{"start":{"line":109,"column":8},"end":{"line":109,"column":51}},"45":{"start":{"line":110,"column":8},"end":{"line":110,"column":51}},"46":{"start":{"line":111,"column":8},"end":{"line":111,"column":43}},"47":{"start":{"line":115,"column":8},"end":{"line":115,"column":46}},"48":{"start":{"line":116,"column":8},"end":{"line":116,"column":65}},"49":{"start":{"line":117,"column":8},"end":{"line":117,"column":66}},"50":{"start":{"line":119,"column":8},"end":{"line":119,"column":5413}},"51":{"start":{"line":120,"column":12},"end":{"line":120,"column":38}},"52":{"start":{"line":122,"column":12},"end":{"line":122,"column":39}}},"branchMap":{"1":{"line":44,"type":"if","locations":[{"start":{"line":44,"column":8},"end":{"line":44,"column":8}},{"start":{"line":44,"column":8},"end":{"line":44,"column":8}}]},"2":{"line":58,"type":"if","locations":[{"start":{"line":58,"column":12},"end":{"line":58,"column":12}},{"start":{"line":58,"column":12},"end":{"line":58,"column":12}}]},"3":{"line":59,"type":"if","locations":[{"start":{"line":59,"column":16},"end":{"line":59,"column":16}},{"start":{"line":59,"column":16},"end":{"line":59,"column":16}}]},"4":{"line":62,"type":"if","locations":[{"start":{"line":62,"column":20},"end":{"line":62,"column":20}},{"start":{"line":62,"column":20},"end":{"line":62,"column":20}}]},"5":{"line":73,"type":"if","locations":[{"start":{"line":73,"column":8},"end":{"line":73,"column":8}},{"start":{"line":73,"column":8},"end":{"line":73,"column":8}}]},"6":{"line":87,"type":"if","locations":[{"start":{"line":87,"column":8},"end":{"line":87,"column":8}},{"start":{"line":87,"column":8},"end":{"line":87,"column":8}}]},"7":{"line":88,"type":"if","locations":[{"start":{"line":88,"column":8},"end":{"line":88,"column":8}},{"start":{"line":88,"column":8},"end":{"line":88,"column":8}}]},"8":{"line":103,"type":"if","locations":[{"start":{"line":103,"column":8},"end":{"line":103,"column":8}},{"start":{"line":103,"column":8},"end":{"line":103,"column":8}}]},"9":{"line":119,"type":"if","locations":[{"start":{"line":119,"column":8},"end":{"line":119,"column":8}},{"start":{"line":119,"column":8},"end":{"line":119,"column":8}}]}}},
"contracts/libs/MaximizerAPY.sol":{"l":{"16":0,"18":0,"26":0,"27":0,"32":0},"path":"/Users/richardjamieson/Documents/GitHub/polycrystal-vaults/contracts/libs/MaximizerAPY.sol","s":{"1":0,"2":0,"3":0,"4":0},"b":{},"f":{"1":0,"2":0,"3":0},"fnMap":{"1":{"name":"calculateMaximizerAPY","line":10,"loc":{"start":{"line":10,"column":4},"end":{"line":19,"column":4}}},"2":{"name":"calculateAPY","line":21,"loc":{"start":{"line":21,"column":4},"end":{"line":29,"column":4}}},"3":{"name":"powFraction","line":31,"loc":{"start":{"line":31,"column":4},"end":{"line":66,"column":4}}}},"statementMap":{"1":{"start":{"line":16,"column":8},"end":{"line":16,"column":78}},"2":{"start":{"line":18,"column":8},"end":{"line":18,"column":88}},"3":{"start":{"line":26,"column":8},"end":{"line":26,"column":79}},"4":{"start":{"line":27,"column":8},"end":{"line":27,"column":63}}},"branchMap":{}},
"contracts/libs/OpenZeppelin.sol":{"l":{},"path":"/Users/richardjamieson/Documents/GitHub/polycrystal-vaults/contracts/libs/OpenZeppelin.sol","s":{},"b":{},"f":{},"fnMap":{},"statementMap":{},"branchMap":{}},
"contracts/libs/PrismLibrary.sol":{"l":{"12":0,"13":0,"14":0,"19":0,"20":0,"30":0,"31":0,"32":0,"33":0,"38":0,"39":0,"40":0,"45":0,"46":0,"47":0,"48":0,"49":0,"50":0,"55":0,"56":0,"57":0,"58":0,"59":0,"60":0,"65":0,"66":0,"67":0,"68":0,"69":0,"70":0,"75":0,"76":0,"77":0,"78":0,"79":0,"80":0},"path":"/Users/richardjamieson/Documents/GitHub/polycrystal-vaults/contracts/libs/PrismLibrary.sol","s":{"1":0,"2":0,"3":0,"4":0,"5":0,"6":0,"7":0,"8":0,"9":0,"10":0,"11":0,"12":0,"13":0,"14":0,"15":0,"16":0,"17":0,"18":0,"19":0,"20":0,"21":0,"22":0,"23":0,"24":0,"25":0,"26":0,"27":0,"28":0,"29":0,"30":0,"31":0,"32":0,"33":0,"34":0,"35":0,"36":0},"b":{"1":[0,0],"2":[0,0],"3":[0,0],"4":[0,0],"5":[0,0],"6":[0,0],"7":[0,0],"8":[0,0],"9":[0,0],"10":[0,0],"11":[0,0],"12":[0,0]},"f":{"1":0,"2":0,"3":0,"4":0,"5":0,"6":0,"7":0,"8":0},"fnMap":{"1":{"name":"sortTokens","line":11,"loc":{"start":{"line":11,"column":4},"end":{"line":15,"column":4}}},"2":{"name":"pairFor","line":18,"loc":{"start":{"line":18,"column":4},"end":{"line":26,"column":4}}},"3":{"name":"getReserves","line":29,"loc":{"start":{"line":29,"column":4},"end":{"line":34,"column":4}}},"4":{"name":"quote","line":37,"loc":{"start":{"line":37,"column":4},"end":{"line":41,"column":4}}},"5":{"name":"getAmountOut","line":44,"loc":{"start":{"line":44,"column":4},"end":{"line":51,"column":4}}},"6":{"name":"getAmountIn","line":54,"loc":{"start":{"line":54,"column":4},"end":{"line":61,"column":4}}},"7":{"name":"getAmountsIn","line":64,"loc":{"start":{"line":64,"column":4},"end":{"line":72,"column":4}}},"8":{"name":"getAmountsOut","line":74,"loc":{"start":{"line":74,"column":4},"end":{"line":82,"column":4}}}},"statementMap":{"1":{"start":{"line":12,"column":8},"end":{"line":12,"column":69}},"2":{"start":{"line":13,"column":8},"end":{"line":13,"column":79}},"3":{"start":{"line":14,"column":8},"end":{"line":14,"column":66}},"4":{"start":{"line":19,"column":8},"end":{"line":19,"column":69}},"5":{"start":{"line":20,"column":8},"end":{"line":20,"column":1003}},"6":{"start":{"line":30,"column":8},"end":{"line":30,"column":69}},"7":{"start":{"line":31,"column":8},"end":{"line":31,"column":69}},"8":{"start":{"line":32,"column":8},"end":{"line":32,"column":70}},"9":{"start":{"line":33,"column":8},"end":{"line":33,"column":91}},"10":{"start":{"line":38,"column":8},"end":{"line":38,"column":64}},"11":{"start":{"line":39,"column":8},"end":{"line":39,"column":84}},"12":{"start":{"line":40,"column":8},"end":{"line":40,"column":46}},"13":{"start":{"line":45,"column":8},"end":{"line":45,"column":71}},"14":{"start":{"line":46,"column":8},"end":{"line":46,"column":87}},"15":{"start":{"line":47,"column":8},"end":{"line":47,"column":55}},"16":{"start":{"line":48,"column":8},"end":{"line":48,"column":53}},"17":{"start":{"line":49,"column":8},"end":{"line":49,"column":62}},"18":{"start":{"line":50,"column":8},"end":{"line":50,"column":42}},"19":{"start":{"line":55,"column":8},"end":{"line":55,"column":61}},"20":{"start":{"line":56,"column":8},"end":{"line":56,"column":73}},"21":{"start":{"line":57,"column":8},"end":{"line":57,"column":87}},"22":{"start":{"line":58,"column":8},"end":{"line":58,"column":54}},"23":{"start":{"line":59,"column":8},"end":{"line":59,"column":67}},"24":{"start":{"line":60,"column":8},"end":{"line":60,"column":47}},"25":{"start":{"line":65,"column":8},"end":{"line":65,"column":62}},"26":{"start":{"line":66,"column":8},"end":{"line":66,"column":40}},"27":{"start":{"line":67,"column":8},"end":{"line":67,"column":46}},"28":{"start":{"line":68,"column":8},"end":{"line":68,"column":3834}},"29":{"start":{"line":69,"column":12},"end":{"line":69,"column":104}},"30":{"start":{"line":70,"column":12},"end":{"line":70,"column":79}},"31":{"start":{"line":75,"column":8},"end":{"line":75,"column":62}},"32":{"start":{"line":76,"column":8},"end":{"line":76,"column":40}},"33":{"start":{"line":77,"column":8},"end":{"line":77,"column":28}},"34":{"start":{"line":78,"column":8},"end":{"line":78,"column":4465}},"35":{"start":{"line":79,"column":12},"end":{"line":79,"column":104}},"36":{"start":{"line":80,"column":12},"end":{"line":80,"column":80}}},"branchMap":{"1":{"line":12,"type":"if","locations":[{"start":{"line":12,"column":8},"end":{"line":12,"column":8}},{"start":{"line":12,"column":8},"end":{"line":12,"column":8}}]},"2":{"line":14,"type":"if","locations":[{"start":{"line":14,"column":8},"end":{"line":14,"column":8}},{"start":{"line":14,"column":8},"end":{"line":14,"column":8}}]},"3":{"line":30,"type":"if","locations":[{"start":{"line":30,"column":8},"end":{"line":30,"column":8}},{"start":{"line":30,"column":8},"end":{"line":30,"column":8}}]},"4":{"line":38,"type":"if","locations":[{"start":{"line":38,"column":8},"end":{"line":38,"column":8}},{"start":{"line":38,"column":8},"end":{"line":38,"column":8}}]},"5":{"line":39,"type":"if","locations":[{"start":{"line":39,"column":8},"end":{"line":39,"column":8}},{"start":{"line":39,"column":8},"end":{"line":39,"column":8}}]},"6":{"line":45,"type":"if","locations":[{"start":{"line":45,"column":8},"end":{"line":45,"column":8}},{"start":{"line":45,"column":8},"end":{"line":45,"column":8}}]},"7":{"line":46,"type":"if","locations":[{"start":{"line":46,"column":8},"end":{"line":46,"column":8}},{"start":{"line":46,"column":8},"end":{"line":46,"column":8}}]},"8":{"line":55,"type":"if","locations":[{"start":{"line":55,"column":8},"end":{"line":55,"column":8}},{"start":{"line":55,"column":8},"end":{"line":55,"column":8}}]},"9":{"line":56,"type":"if","locations":[{"start":{"line":56,"column":8},"end":{"line":56,"column":8}},{"start":{"line":56,"column":8},"end":{"line":56,"column":8}}]},"10":{"line":57,"type":"if","locations":[{"start":{"line":57,"column":8},"end":{"line":57,"column":8}},{"start":{"line":57,"column":8},"end":{"line":57,"column":8}}]},"11":{"line":65,"type":"if","locations":[{"start":{"line":65,"column":8},"end":{"line":65,"column":8}},{"start":{"line":65,"column":8},"end":{"line":65,"column":8}}]},"12":{"line":75,"type":"if","locations":[{"start":{"line":75,"column":8},"end":{"line":75,"column":8}},{"start":{"line":75,"column":8},"end":{"line":75,"column":8}}]}}},
"contracts/libs/Vault.sol":{"l":{"55":3,"57":3},"path":"/Users/richardjamieson/Documents/GitHub/polycrystal-vaults/contracts/libs/Vault.sol","s":{"1":3,"2":0,"3":3},"b":{"1":[3,0]},"f":{"1":3},"fnMap":{"1":{"name":"check","line":54,"loc":{"start":{"line":54,"column":4},"end":{"line":58,"column":4}}}},"statementMap":{"1":{"start":{"line":55,"column":8},"end":{"line":55,"column":2070}},"2":{"start":{"line":56,"column":16},"end":{"line":56,"column":39}},"3":{"start":{"line":57,"column":8},"end":{"line":57,"column":90}}},"branchMap":{"1":{"line":57,"type":"if","locations":[{"start":{"line":57,"column":8},"end":{"line":57,"column":8}},{"start":{"line":57,"column":8},"end":{"line":57,"column":8}}]}}},
"contracts/Magnetite.sol":{"l":{"40":0,"41":0,"45":0,"46":0,"49":29,"50":29,"52":29,"54":2,"55":2,"56":2,"62":0,"63":0,"64":0,"65":0,"69":29,"70":0,"71":0,"72":0,"74":29,"78":2,"82":10,"84":10,"85":10,"86":10,"87":10,"88":6,"90":6,"91":19,"92":19,"95":6,"96":6,"99":6,"100":4,"103":4,"104":4,"105":4,"109":4,"110":4,"120":2,"121":2,"122":2,"123":2,"124":2,"126":2,"127":2,"129":2,"130":1,"131":1,"133":1,"134":1,"135":1,"137":0,"138":0,"139":0,"140":0,"141":0,"142":0,"144":0,"145":0,"146":0,"147":0,"148":0,"150":0,"151":0,"152":0,"153":0,"154":0,"155":0,"157":0,"158":0,"159":0,"160":0,"162":0,"163":0,"164":0,"165":0,"166":0,"169":4,"171":4,"173":4,"176":4,"177":8,"179":4,"180":24,"184":4,"185":32,"186":32,"187":25,"188":25,"189":25,"190":25,"195":4,"196":32,"198":4,"199":4,"200":28,"202":4,"204":4,"208":28,"209":28,"210":28,"211":28,"215":4,"216":4,"219":1,"220":1},"path":"/Users/richardjamieson/Documents/GitHub/polycrystal-vaults/contracts/Magnetite.sol","s":{"1":0,"2":0,"3":0,"4":0,"5":29,"6":29,"7":29,"8":2,"9":2,"10":2,"11":0,"12":0,"13":0,"14":0,"15":29,"16":0,"17":0,"18":0,"19":29,"20":2,"21":10,"22":10,"23":10,"24":10,"25":10,"26":4,"27":6,"28":6,"29":19,"30":19,"31":6,"32":6,"33":6,"34":4,"35":4,"36":4,"37":2,"38":2,"39":2,"40":2,"41":2,"42":2,"43":2,"44":2,"45":1,"46":1,"47":1,"48":1,"49":1,"50":1,"51":0,"52":0,"53":0,"54":0,"55":0,"56":0,"57":0,"58":0,"59":0,"60":0,"61":0,"62":0,"63":0,"64":0,"65":0,"66":0,"67":0,"68":0,"69":0,"70":0,"71":0,"72":0,"73":0,"74":0,"75":0,"76":0,"77":4,"78":4,"79":4,"80":4,"81":8,"82":4,"83":24,"84":4,"85":32,"86":32,"87":25,"88":25,"89":25,"90":25,"91":4,"92":32,"93":4,"94":4,"95":28,"96":3,"97":4,"98":4,"99":28,"100":28,"101":28,"102":28,"103":4,"104":4,"105":1},"b":{"1":[0,0],"2":[0,0],"3":[2,27],"4":[2,0],"5":[0,0],"6":[0,29],"7":[4,6],"8":[4,2],"9":[1,1],"10":[1,0],"11":[0,0],"12":[0,0],"13":[0,0],"14":[0,0],"15":[0,0],"16":[25,7],"17":[25,0],"18":[3,25],"19":[4,0]},"f":{"1":0,"2":0,"3":29,"4":0,"5":29,"6":2,"7":10,"8":2,"9":4,"10":28,"11":4,"12":1},"fnMap":{"1":{"name":"overridePath","line":39,"loc":{"start":{"line":39,"column":4},"end":{"line":42,"column":4}}},"2":{"name":"setAutoPath_","line":44,"loc":{"start":{"line":44,"column":4},"end":{"line":47,"column":4}}},"3":{"name":"findAndSavePath","line":48,"loc":{"start":{"line":48,"column":4},"end":{"line":59,"column":4}}},"4":{"name":"viewPath","line":61,"loc":{"start":{"line":61,"column":4},"end":{"line":67,"column":4}}},"5":{"name":"getPathFromStorage","line":68,"loc":{"start":{"line":68,"column":4},"end":{"line":75,"column":4}}},"6":{"name":"pathAuth","line":77,"loc":{"start":{"line":77,"column":4},"end":{"line":79,"column":4}}},"7":{"name":"_setPath","line":81,"loc":{"start":{"line":81,"column":4},"end":{"line":116,"column":4}}},"8":{"name":"generatePath","line":118,"loc":{"start":{"line":118,"column":4},"end":{"line":167,"column":4}}},"9":{"name":"findPair","line":168,"loc":{"start":{"line":168,"column":4},"end":{"line":205,"column":4}}},"10":{"name":"compare","line":207,"loc":{"start":{"line":207,"column":4},"end":{"line":212,"column":4}}},"11":{"name":"allCommons","line":214,"loc":{"start":{"line":214,"column":4},"end":{"line":217,"column":4}}},"12":{"name":"setlength","line":218,"loc":{"start":{"line":218,"column":4},"end":{"line":221,"column":4}}}},"statementMap":{"1":{"start":{"line":40,"column":8},"end":{"line":40,"column":94}},"2":{"start":{"line":41,"column":8},"end":{"line":41,"column":47}},"3":{"start":{"line":45,"column":8},"end":{"line":45,"column":43}},"4":{"start":{"line":46,"column":8},"end":{"line":46,"column":45}},"5":{"start":{"line":49,"column":8},"end":{"line":49,"column":47}},"6":{"start":{"line":50,"column":8},"end":{"line":50,"column":47}},"7":{"start":{"line":52,"column":8},"end":{"line":52,"column":1949}},"8":{"start":{"line":54,"column":12},"end":{"line":54,"column":44}},"9":{"start":{"line":55,"column":12},"end":{"line":55,"column":2037}},"10":{"start":{"line":56,"column":16},"end":{"line":56,"column":53}},"11":{"start":{"line":62,"column":8},"end":{"line":62,"column":47}},"12":{"start":{"line":63,"column":8},"end":{"line":63,"column":47}},"13":{"start":{"line":64,"column":8},"end":{"line":64,"column":2366}},"14":{"start":{"line":65,"column":12},"end":{"line":65,"column":44}},"15":{"start":{"line":69,"column":8},"end":{"line":69,"column":2574}},"16":{"start":{"line":70,"column":12},"end":{"line":70,"column":33}},"17":{"start":{"line":71,"column":12},"end":{"line":71,"column":22}},"18":{"start":{"line":72,"column":12},"end":{"line":72,"column":23}},"19":{"start":{"line":74,"column":8},"end":{"line":74,"column":63}},"20":{"start":{"line":78,"column":8},"end":{"line":78,"column":133}},"21":{"start":{"line":82,"column":8},"end":{"line":82,"column":31}},"22":{"start":{"line":84,"column":8},"end":{"line":84,"column":85}},"23":{"start":{"line":85,"column":8},"end":{"line":85,"column":85}},"24":{"start":{"line":86,"column":8},"end":{"line":86,"column":48}},"25":{"start":{"line":87,"column":8},"end":{"line":87,"column":65}},"26":{"start":{"line":87,"column":59},"end":{"line":87,"column":65}},"27":{"start":{"line":88,"column":8},"end":{"line":88,"column":48}},"28":{"start":{"line":90,"column":8},"end":{"line":90,"column":3443}},"29":{"start":{"line":91,"column":12},"end":{"line":91,"column":35}},"30":{"start":{"line":92,"column":12},"end":{"line":92,"column":45}},"31":{"start":{"line":95,"column":8},"end":{"line":95,"column":43}},"32":{"start":{"line":96,"column":8},"end":{"line":96,"column":43}},"33":{"start":{"line":99,"column":8},"end":{"line":99,"column":3713}},"34":{"start":{"line":103,"column":12},"end":{"line":103,"column":52}},"35":{"start":{"line":104,"column":12},"end":{"line":104,"column":35}},"36":{"start":{"line":109,"column":12},"end":{"line":109,"column":52}},"37":{"start":{"line":120,"column":8},"end":{"line":120,"column":44}},"38":{"start":{"line":121,"column":8},"end":{"line":121,"column":16}},"39":{"start":{"line":122,"column":8},"end":{"line":122,"column":42}},"40":{"start":{"line":123,"column":8},"end":{"line":123,"column":16}},"41":{"start":{"line":124,"column":8},"end":{"line":124,"column":42}},"42":{"start":{"line":126,"column":8},"end":{"line":126,"column":29}},"43":{"start":{"line":127,"column":8},"end":{"line":127,"column":18}},"44":{"start":{"line":129,"column":8},"end":{"line":129,"column":4804}},"45":{"start":{"line":130,"column":12},"end":{"line":130,"column":22}},"46":{"start":{"line":131,"column":12},"end":{"line":131,"column":23}},"47":{"start":{"line":132,"column":15},"end":{"line":132,"column":4893}},"48":{"start":{"line":133,"column":12},"end":{"line":133,"column":22}},"49":{"start":{"line":134,"column":12},"end":{"line":134,"column":22}},"50":{"start":{"line":135,"column":12},"end":{"line":135,"column":37}},"51":{"start":{"line":137,"column":8},"end":{"line":137,"column":16}},"52":{"start":{"line":138,"column":8},"end":{"line":138,"column":43}},"53":{"start":{"line":139,"column":8},"end":{"line":139,"column":5078}},"54":{"start":{"line":140,"column":12},"end":{"line":140,"column":22}},"55":{"start":{"line":141,"column":12},"end":{"line":141,"column":22}},"56":{"start":{"line":142,"column":12},"end":{"line":142,"column":37}},"57":{"start":{"line":144,"column":8},"end":{"line":144,"column":18}},"58":{"start":{"line":145,"column":8},"end":{"line":145,"column":5221}},"59":{"start":{"line":146,"column":12},"end":{"line":146,"column":22}},"60":{"start":{"line":147,"column":12},"end":{"line":147,"column":22}},"61":{"start":{"line":148,"column":12},"end":{"line":148,"column":37}},"62":{"start":{"line":150,"column":8},"end":{"line":150,"column":16}},"63":{"start":{"line":151,"column":8},"end":{"line":151,"column":16}},"64":{"start":{"line":152,"column":8},"end":{"line":152,"column":43}},"65":{"start":{"line":153,"column":8},"end":{"line":153,"column":5426}},"66":{"start":{"line":154,"column":12},"end":{"line":154,"column":22}},"67":{"start":{"line":155,"column":12},"end":{"line":155,"column":37}},"68":{"start":{"line":157,"column":8},"end":{"line":157,"column":5523}},"69":{"start":{"line":158,"column":12},"end":{"line":158,"column":22}},"70":{"start":{"line":159,"column":12},"end":{"line":159,"column":22}},"71":{"start":{"line":160,"column":12},"end":{"line":160,"column":37}},"72":{"start":{"line":162,"column":8},"end":{"line":162,"column":42}},"73":{"start":{"line":163,"column":8},"end":{"line":163,"column":19}},"74":{"start":{"line":164,"column":8},"end":{"line":164,"column":18}},"75":{"start":{"line":165,"column":8},"end":{"line":165,"column":18}},"76":{"start":{"line":166,"column":8},"end":{"line":166,"column":19}},"77":{"start":{"line":169,"column":8},"end":{"line":169,"column":59}},"78":{"start":{"line":171,"column":8},"end":{"line":171,"column":74}},"79":{"start":{"line":173,"column":8},"end":{"line":173,"column":61}},"80":{"start":{"line":176,"column":8},"end":{"line":176,"column":6137}},"81":{"start":{"line":177,"column":12},"end":{"line":177,"column":35}},"82":{"start":{"line":179,"column":8},"end":{"line":179,"column":6230}},"83":{"start":{"line":180,"column":12},"end":{"line":180,"column":49}},"84":{"start":{"line":184,"column":8},"end":{"line":184,"column":6375}},"85":{"start":{"line":185,"column":12},"end":{"line":185,"column":65}},"86":{"start":{"line":186,"column":12},"end":{"line":186,"column":6499}},"87":{"start":{"line":187,"column":16},"end":{"line":187,"column":53}},"88":{"start":{"line":188,"column":16},"end":{"line":188,"column":6609}},"89":{"start":{"line":189,"column":20},"end":{"line":189,"column":40}},"90":{"start":{"line":190,"column":20},"end":{"line":190,"column":46}},"91":{"start":{"line":195,"column":8},"end":{"line":195,"column":6799}},"92":{"start":{"line":196,"column":12},"end":{"line":196,"column":71}},"93":{"start":{"line":198,"column":8},"end":{"line":198,"column":17}},"94":{"start":{"line":199,"column":8},"end":{"line":199,"column":6951}},"95":{"start":{"line":200,"column":12},"end":{"line":200,"column":70}},"96":{"start":{"line":200,"column":62},"end":{"line":200,"column":69}},"97":{"start":{"line":202,"column":8},"end":{"line":202,"column":60}},"98":{"start":{"line":204,"column":8},"end":{"line":204,"column":35}},"99":{"start":{"line":208,"column":8},"end":{"line":208,"column":38}},"100":{"start":{"line":209,"column":8},"end":{"line":209,"column":85}},"101":{"start":{"line":210,"column":8},"end":{"line":210,"column":85}},"102":{"start":{"line":211,"column":8},"end":{"line":211,"column":38}},"103":{"start":{"line":215,"column":8},"end":{"line":215,"column":53}},"104":{"start":{"line":216,"column":8},"end":{"line":216,"column":32}},"105":{"start":{"line":220,"column":8},"end":{"line":220,"column":20}}},"branchMap":{"1":{"line":40,"type":"if","locations":[{"start":{"line":40,"column":8},"end":{"line":40,"column":8}},{"start":{"line":40,"column":8},"end":{"line":40,"column":8}}]},"2":{"line":45,"type":"if","locations":[{"start":{"line":45,"column":8},"end":{"line":45,"column":8}},{"start":{"line":45,"column":8},"end":{"line":45,"column":8}}]},"3":{"line":52,"type":"if","locations":[{"start":{"line":52,"column":8},"end":{"line":52,"column":8}},{"start":{"line":52,"column":8},"end":{"line":52,"column":8}}]},"4":{"line":55,"type":"if","locations":[{"start":{"line":55,"column":12},"end":{"line":55,"column":12}},{"start":{"line":55,"column":12},"end":{"line":55,"column":12}}]},"5":{"line":64,"type":"if","locations":[{"start":{"line":64,"column":8},"end":{"line":64,"column":8}},{"start":{"line":64,"column":8},"end":{"line":64,"column":8}}]},"6":{"line":69,"type":"if","locations":[{"start":{"line":69,"column":8},"end":{"line":69,"column":8}},{"start":{"line":69,"column":8},"end":{"line":69,"column":8}}]},"7":{"line":87,"type":"if","locations":[{"start":{"line":87,"column":8},"end":{"line":87,"column":8}},{"start":{"line":87,"column":8},"end":{"line":87,"column":8}}]},"8":{"line":99,"type":"if","locations":[{"start":{"line":99,"column":8},"end":{"line":99,"column":8}},{"start":{"line":99,"column":8},"end":{"line":99,"column":8}}]},"9":{"line":129,"type":"if","locations":[{"start":{"line":129,"column":8},"end":{"line":129,"column":8}},{"start":{"line":129,"column":8},"end":{"line":129,"column":8}}]},"10":{"line":132,"type":"if","locations":[{"start":{"line":132,"column":15},"end":{"line":132,"column":15}},{"start":{"line":132,"column":15},"end":{"line":132,"column":15}}]},"11":{"line":139,"type":"if","locations":[{"start":{"line":139,"column":8},"end":{"line":139,"column":8}},{"start":{"line":139,"column":8},"end":{"line":139,"column":8}}]},"12":{"line":145,"type":"if","locations":[{"start":{"line":145,"column":8},"end":{"line":145,"column":8}},{"start":{"line":145,"column":8},"end":{"line":145,"column":8}}]},"13":{"line":153,"type":"if","locations":[{"start":{"line":153,"column":8},"end":{"line":153,"column":8}},{"start":{"line":153,"column":8},"end":{"line":153,"column":8}}]},"14":{"line":157,"type":"if","locations":[{"start":{"line":157,"column":8},"end":{"line":157,"column":8}},{"start":{"line":157,"column":8},"end":{"line":157,"column":8}}]},"15":{"line":162,"type":"if","locations":[{"start":{"line":162,"column":8},"end":{"line":162,"column":8}},{"start":{"line":162,"column":8},"end":{"line":162,"column":8}}]},"16":{"line":186,"type":"if","locations":[{"start":{"line":186,"column":12},"end":{"line":186,"column":12}},{"start":{"line":186,"column":12},"end":{"line":186,"column":12}}]},"17":{"line":188,"type":"if","locations":[{"start":{"line":188,"column":16},"end":{"line":188,"column":16}},{"start":{"line":188,"column":16},"end":{"line":188,"column":16}}]},"18":{"line":200,"type":"if","locations":[{"start":{"line":200,"column":12},"end":{"line":200,"column":12}},{"start":{"line":200,"column":12},"end":{"line":200,"column":12}}]},"19":{"line":202,"type":"if","locations":[{"start":{"line":202,"column":8},"end":{"line":202,"column":8}},{"start":{"line":202,"column":8},"end":{"line":202,"column":8}}]}}},
"contracts/QuartzUniV2Zap.sol":{"l":{"34":3,"38":0,"42":0,"44":0,"46":0,"48":0,"52":0,"54":0,"55":0,"56":0,"57":0,"59":0,"63":0,"64":0,"66":0,"68":0,"69":0,"72":0,"74":0,"75":0,"76":0,"78":0,"82":0,"86":0,"88":0,"89":0,"90":0,"92":0,"93":0,"94":0,"96":0,"97":0,"98":0,"99":0,"102":0,"103":0,"104":0,"107":0,"109":0,"110":0,"112":0,"115":0,"116":0,"118":0,"122":0,"123":0,"125":0,"126":0,"128":0,"129":0,"130":0,"131":0,"132":0,"136":0,"137":0,"138":0,"139":0,"143":0,"144":0,"145":0,"146":0,"147":0,"148":0,"149":0,"153":0,"154":0,"155":0,"159":0,"160":0,"161":0},"path":"/Users/richardjamieson/Documents/GitHub/polycrystal-vaults/contracts/QuartzUniV2Zap.sol","s":{"1":3,"2":0,"3":0,"4":0,"5":0,"6":0,"7":0,"8":0,"9":0,"10":0,"11":0,"12":0,"13":0,"14":0,"15":0,"16":0,"17":0,"18":0,"19":0,"20":0,"21":0,"22":0,"23":0,"24":0,"25":0,"26":0,"27":0,"28":0,"29":0,"30":0,"31":0,"32":0,"33":0,"34":0,"35":0,"36":0,"37":0,"38":0,"39":0,"40":0,"41":0,"42":0,"43":0,"44":0,"45":0,"46":0,"47":0,"48":0,"49":0,"50":0,"51":0,"52":0,"53":0,"54":0,"55":0,"56":0,"57":0,"58":0,"59":0,"60":0,"61":0,"62":0,"63":0,"64":0,"65":0,"66":0,"67":0,"68":0,"69":0,"70":0},"b":{"1":[0,0],"2":[0,0],"3":[0,0],"4":[0,0],"5":[0,0],"6":[0,0],"7":[0,0],"8":[0,0],"9":[0,0],"10":[0,0],"11":[0,0],"12":[0,0],"13":[0,0],"14":[0,0],"15":[0,0],"16":[0,0]},"f":{"1":3,"2":0,"3":0,"4":0,"5":0,"6":0,"7":0,"8":0,"9":0,"10":0},"fnMap":{"1":{"name":"constructor","line":33,"loc":{"start":{"line":33,"column":4},"end":{"line":35,"column":4}}},"2":{"name":"quartzInETH","line":41,"loc":{"start":{"line":41,"column":4},"end":{"line":49,"column":4}}},"3":{"name":"quartzIn","line":51,"loc":{"start":{"line":51,"column":4},"end":{"line":60,"column":4}}},"4":{"name":"quartzOut","line":62,"loc":{"start":{"line":62,"column":4},"end":{"line":79,"column":4}}},"5":{"name":"estimateSwap","line":81,"loc":{"start":{"line":81,"column":4},"end":{"line":83,"column":4}}},"6":{"name":"_swapAndStake","line":85,"loc":{"start":{"line":85,"column":4},"end":{"line":133,"column":4}}},"7":{"name":"swapDirect","line":135,"loc":{"start":{"line":135,"column":4},"end":{"line":140,"column":4}}},"8":{"name":"swapViaWETH","line":142,"loc":{"start":{"line":142,"column":4},"end":{"line":150,"column":4}}},"9":{"name":"_approveTokenIfNeeded","line":152,"loc":{"start":{"line":152,"column":4},"end":{"line":157,"column":4}}},"10":{"name":"_approveTokenIfNeeded","line":158,"loc":{"start":{"line":158,"column":4},"end":{"line":163,"column":4}}}},"statementMap":{"1":{"start":{"line":34,"column":8},"end":{"line":34,"column":47}},"2":{"start":{"line":42,"column":8},"end":{"line":42,"column":81}},"3":{"start":{"line":44,"column":8},"end":{"line":44,"column":54}},"4":{"start":{"line":46,"column":8},"end":{"line":46,"column":39}},"5":{"start":{"line":48,"column":8},"end":{"line":48,"column":58}},"6":{"start":{"line":52,"column":8},"end":{"line":52,"column":85}},"7":{"start":{"line":54,"column":8},"end":{"line":54,"column":47}},"8":{"start":{"line":55,"column":8},"end":{"line":55,"column":116}},"9":{"start":{"line":56,"column":8},"end":{"line":56,"column":73}},"10":{"start":{"line":57,"column":8},"end":{"line":57,"column":125}},"11":{"start":{"line":59,"column":8},"end":{"line":59,"column":53}},"12":{"start":{"line":63,"column":8},"end":{"line":63,"column":79}},"13":{"start":{"line":64,"column":8},"end":{"line":64,"column":79}},"14":{"start":{"line":66,"column":8},"end":{"line":66,"column":34}},"15":{"start":{"line":68,"column":8},"end":{"line":68,"column":2687}},"16":{"start":{"line":69,"column":12},"end":{"line":69,"column":62}},"17":{"start":{"line":72,"column":8},"end":{"line":72,"column":53}},"18":{"start":{"line":74,"column":8},"end":{"line":74,"column":48}},"19":{"start":{"line":75,"column":8},"end":{"line":75,"column":32}},"20":{"start":{"line":76,"column":8},"end":{"line":76,"column":32}},"21":{"start":{"line":78,"column":8},"end":{"line":78,"column":34}},"22":{"start":{"line":82,"column":8},"end":{"line":82,"column":71}},"23":{"start":{"line":86,"column":8},"end":{"line":86,"column":78}},"24":{"start":{"line":88,"column":8},"end":{"line":88,"column":37}},"25":{"start":{"line":89,"column":8},"end":{"line":89,"column":37}},"26":{"start":{"line":90,"column":8},"end":{"line":90,"column":66}},"27":{"start":{"line":92,"column":8},"end":{"line":92,"column":28}},"28":{"start":{"line":93,"column":8},"end":{"line":93,"column":65}},"29":{"start":{"line":94,"column":8},"end":{"line":94,"column":45}},"30":{"start":{"line":96,"column":8},"end":{"line":96,"column":3816}},"31":{"start":{"line":97,"column":12},"end":{"line":97,"column":135}},"32":{"start":{"line":98,"column":12},"end":{"line":98,"column":82}},"33":{"start":{"line":99,"column":12},"end":{"line":99,"column":79}},"34":{"start":{"line":101,"column":15},"end":{"line":101,"column":4162}},"35":{"start":{"line":102,"column":12},"end":{"line":102,"column":135}},"36":{"start":{"line":103,"column":12},"end":{"line":103,"column":82}},"37":{"start":{"line":104,"column":12},"end":{"line":104,"column":79}},"38":{"start":{"line":107,"column":12},"end":{"line":107,"column":42}},"39":{"start":{"line":109,"column":12},"end":{"line":109,"column":4596}},"40":{"start":{"line":110,"column":16},"end":{"line":110,"column":83}},"41":{"start":{"line":112,"column":16},"end":{"line":112,"column":84}},"42":{"start":{"line":115,"column":12},"end":{"line":115,"column":4909}},"43":{"start":{"line":116,"column":16},"end":{"line":116,"column":83}},"44":{"start":{"line":118,"column":16},"end":{"line":118,"column":84}},"45":{"start":{"line":122,"column":8},"end":{"line":122,"column":55}},"46":{"start":{"line":123,"column":8},"end":{"line":123,"column":63}},"47":{"start":{"line":125,"column":8},"end":{"line":125,"column":34}},"48":{"start":{"line":126,"column":8},"end":{"line":126,"column":60}},"49":{"start":{"line":128,"column":8},"end":{"line":128,"column":48}},"50":{"start":{"line":129,"column":8},"end":{"line":129,"column":25}},"51":{"start":{"line":130,"column":8},"end":{"line":130,"column":25}},"52":{"start":{"line":131,"column":8},"end":{"line":131,"column":26}},"53":{"start":{"line":132,"column":8},"end":{"line":132,"column":34}},"54":{"start":{"line":136,"column":8},"end":{"line":136,"column":46}},"55":{"start":{"line":137,"column":8},"end":{"line":137,"column":24}},"56":{"start":{"line":138,"column":8},"end":{"line":138,"column":25}},"57":{"start":{"line":139,"column":8},"end":{"line":139,"column":111}},"58":{"start":{"line":143,"column":8},"end":{"line":143,"column":170}},"59":{"start":{"line":144,"column":8},"end":{"line":144,"column":172}},"60":{"start":{"line":145,"column":8},"end":{"line":145,"column":46}},"61":{"start":{"line":146,"column":8},"end":{"line":146,"column":24}},"62":{"start":{"line":147,"column":8},"end":{"line":147,"column":30}},"63":{"start":{"line":148,"column":8},"end":{"line":148,"column":25}},"64":{"start":{"line":149,"column":8},"end":{"line":149,"column":111}},"65":{"start":{"line":153,"column":8},"end":{"line":153,"column":6783}},"66":{"start":{"line":154,"column":12},"end":{"line":154,"column":69}},"67":{"start":{"line":155,"column":12},"end":{"line":155,"column":75}},"68":{"start":{"line":159,"column":8},"end":{"line":159,"column":7101}},"69":{"start":{"line":160,"column":12},"end":{"line":160,"column":64}},"70":{"start":{"line":161,"column":12},"end":{"line":161,"column":70}}},"branchMap":{"1":{"line":38,"type":"if","locations":[{"start":{"line":38,"column":8},"end":{"line":38,"column":8}},{"start":{"line":38,"column":8},"end":{"line":38,"column":8}}]},"2":{"line":42,"type":"if","locations":[{"start":{"line":42,"column":8},"end":{"line":42,"column":8}},{"start":{"line":42,"column":8},"end":{"line":42,"column":8}}]},"3":{"line":52,"type":"if","locations":[{"start":{"line":52,"column":8},"end":{"line":52,"column":8}},{"start":{"line":52,"column":8},"end":{"line":52,"column":8}}]},"4":{"line":55,"type":"if","locations":[{"start":{"line":55,"column":8},"end":{"line":55,"column":8}},{"start":{"line":55,"column":8},"end":{"line":55,"column":8}}]},"5":{"line":57,"type":"if","locations":[{"start":{"line":57,"column":8},"end":{"line":57,"column":8}},{"start":{"line":57,"column":8},"end":{"line":57,"column":8}}]},"6":{"line":68,"type":"if","locations":[{"start":{"line":68,"column":8},"end":{"line":68,"column":8}},{"start":{"line":68,"column":8},"end":{"line":68,"column":8}}]},"7":{"line":96,"type":"if","locations":[{"start":{"line":96,"column":8},"end":{"line":96,"column":8}},{"start":{"line":96,"column":8},"end":{"line":96,"column":8}}]},"8":{"line":97,"type":"if","locations":[{"start":{"line":97,"column":12},"end":{"line":97,"column":12}},{"start":{"line":97,"column":12},"end":{"line":97,"column":12}}]},"9":{"line":101,"type":"if","locations":[{"start":{"line":101,"column":15},"end":{"line":101,"column":15}},{"start":{"line":101,"column":15},"end":{"line":101,"column":15}}]},"10":{"line":102,"type":"if","locations":[{"start":{"line":102,"column":12},"end":{"line":102,"column":12}},{"start":{"line":102,"column":12},"end":{"line":102,"column":12}}]},"11":{"line":109,"type":"if","locations":[{"start":{"line":109,"column":12},"end":{"line":109,"column":12}},{"start":{"line":109,"column":12},"end":{"line":109,"column":12}}]},"12":{"line":115,"type":"if","locations":[{"start":{"line":115,"column":12},"end":{"line":115,"column":12}},{"start":{"line":115,"column":12},"end":{"line":115,"column":12}}]},"13":{"line":143,"type":"if","locations":[{"start":{"line":143,"column":8},"end":{"line":143,"column":8}},{"start":{"line":143,"column":8},"end":{"line":143,"column":8}}]},"14":{"line":144,"type":"if","locations":[{"start":{"line":144,"column":8},"end":{"line":144,"column":8}},{"start":{"line":144,"column":8},"end":{"line":144,"column":8}}]},"15":{"line":153,"type":"if","locations":[{"start":{"line":153,"column":8},"end":{"line":153,"column":8}},{"start":{"line":153,"column":8},"end":{"line":153,"column":8}}]},"16":{"line":159,"type":"if","locations":[{"start":{"line":159,"column":8},"end":{"line":159,"column":8}},{"start":{"line":159,"column":8},"end":{"line":159,"column":8}}]}}},
[...]
easeMinBlocksBetweenEarns","line":116,"loc":{"start":{"line":116,"column":4},"end":{"line":120,"column":4}}}},"statementMap":{"1":{"start":{"line":13,"column":8},"end":{"line":13,"column":56}},"2":{"start":{"line":15,"column":8},"end":{"line":15,"column":415}},"3":{"start":{"line":16,"column":12},"end":{"line":16,"column":44}},"4":{"start":{"line":17,"column":12},"end":{"line":17,"column":33}},"5":{"start":{"line":18,"column":12},"end":{"line":18,"column":64}},"6":{"start":{"line":18,"column":41},"end":{"line":18,"column":63}},"7":{"start":{"line":19,"column":12},"end":{"line":19,"column":703}},"8":{"start":{"line":20,"column":16},"end":{"line":20,"column":761}},"9":{"start":{"line":21,"column":20},"end":{"line":21,"column":30}},"10":{"start":{"line":23,"column":16},"end":{"line":23,"column":28}},"11":{"start":{"line":24,"column":16},"end":{"line":24,"column":39}},"12":{"start":{"line":30,"column":8},"end":{"line":30,"column":56}},"13":{"start":{"line":31,"column":8},"end":{"line":31,"column":65}},"14":{"start":{"line":33,"column":8},"end":{"line":33,"column":1250}},"15":{"start":{"line":34,"column":12},"end":{"line":34,"column":30}},"16":{"start":{"line":35,"column":12},"end":{"line":35,"column":1417}},"17":{"start":{"line":36,"column":16},"end":{"line":36,"column":56}},"18":{"start":{"line":39,"column":8},"end":{"line":39,"column":1503}},"19":{"start":{"line":40,"column":12},"end":{"line":40,"column":60}},"20":{"start":{"line":42,"column":12},"end":{"line":42,"column":33}},"21":{"start":{"line":43,"column":12},"end":{"line":43,"column":1723}},"22":{"start":{"line":44,"column":16},"end":{"line":44,"column":1802}},"23":{"start":{"line":45,"column":20},"end":{"line":45,"column":30}},"24":{"start":{"line":47,"column":16},"end":{"line":47,"column":28}},"25":{"start":{"line":49,"column":16},"end":{"line":49,"column":39}},"26":{"start":{"line":54,"column":8},"end":{"line":54,"column":19}},"27":{"start":{"line":58,"column":8},"end":{"line":58,"column":50}},"28":{"start":{"line":59,"column":8},"end":{"line":59,"column":53}},"29":{"start":{"line":60,"column":8},"end":{"line":60,"column":25}},"30":{"start":{"line":61,"column":8},"end":{"line":61,"column":18}},"31":{"start":{"line":62,"column":8},"end":{"line":62,"column":2416}},"32":{"start":{"line":63,"column":12},"end":{"line":63,"column":2485}},"33":{"start":{"line":64,"column":16},"end":{"line":64,"column":2609}},"34":{"start":{"line":65,"column":20},"end":{"line":65,"column":61}},"35":{"start":{"line":66,"column":20},"end":{"line":66,"column":66}},"36":{"start":{"line":68,"column":20},"end":{"line":68,"column":65}},"37":{"start":{"line":70,"column":16},"end":{"line":70,"column":64}},"38":{"start":{"line":72,"column":16},"end":{"line":72,"column":61}},"39":{"start":{"line":75,"column":8},"end":{"line":75,"column":19}},"40":{"start":{"line":80,"column":8},"end":{"line":80,"column":50}},"41":{"start":{"line":81,"column":8},"end":{"line":81,"column":53}},"42":{"start":{"line":82,"column":8},"end":{"line":82,"column":48}},"43":{"start":{"line":83,"column":8},"end":{"line":83,"column":25}},"44":{"start":{"line":84,"column":8},"end":{"line":84,"column":18}},"45":{"start":{"line":85,"column":8},"end":{"line":85,"column":3609}},"46":{"start":{"line":86,"column":12},"end":{"line":86,"column":3729}},"47":{"start":{"line":87,"column":16},"end":{"line":87,"column":57}},"48":{"start":{"line":88,"column":16},"end":{"line":88,"column":3824}},"49":{"start":{"line":89,"column":20},"end":{"line":89,"column":66}},"50":{"start":{"line":91,"column":19},"end":{"line":91,"column":4050}},"51":{"start":{"line":92,"column":16},"end":{"line":92,"column":61}},"52":{"start":{"line":94,"column":12},"end":{"line":94,"column":60}},"53":{"start":{"line":96,"column":12},"end":{"line":96,"column":4373}},"54":{"start":{"line":97,"column":16},"end":{"line":97,"column":61}},"55":{"start":{"line":100,"column":8},"end":{"line":100,"column":19}},"56":{"start":{"line":103,"column":8},"end":{"line":103,"column":62}},"57":{"start":{"line":104,"column":8},"end":{"line":104,"column":4737}},"58":{"start":{"line":105,"column":12},"end":{"line":105,"column":87}},"59":{"start":{"line":106,"column":12},"end":{"line":106,"column":68}},"60":{"start":{"line":107,"column":12},"end":{"line":107,"column":64}}},"branchMap":{"1":{"line":18,"type":"if","locations":[{"start":{"line":18,"column":12},"end":{"line":18,"column":12}},{"start":{"line":18,"column":12},"end":{"line":18,"column":12}}]},"2":{"line":20,"type":"if","locations":[{"start":{"line":20,"column":16},"end":{"line":20,"column":16}},{"start":{"line":20,"column":16},"end":{"line":20,"column":16}}]},"3":{"line":24,"type":"if","locations":[{"start":{"line":24,"column":16},"end":{"line":24,"column":16}},{"start":{"line":24,"column":16},"end":{"line":24,"column":16}}]},"4":{"line":35,"type":"if","locations":[{"start":{"line":35,"column":12},"end":{"line":35,"column":12}},{"start":{"line":35,"column":12},"end":{"line":35,"column":12}}]},"5":{"line":44,"type":"if","locations":[{"start":{"line":44,"column":16},"end":{"line":44,"column":16}},{"start":{"line":44,"column":16},"end":{"line":44,"column":16}}]},"6":{"line":49,"type":"if","locations":[{"start":{"line":49,"column":16},"end":{"line":49,"column":16}},{"start":{"line":49,"column":16},"end":{"line":49,"column":16}}]},"7":{"line":62,"type":"if","locations":[{"start":{"line":62,"column":8},"end":{"line":62,"column":8}},{"start":{"line":62,"column":8},"end":{"line":62,"column":8}}]},"8":{"line":64,"type":"if","locations":[{"start":{"line":64,"column":16},"end":{"line":64,"column":16}},{"start":{"line":64,"column":16},"end":{"line":64,"column":16}}]},"9":{"line":86,"type":"if","locations":[{"start":{"line":86,"column":12},"end":{"line":86,"column":12}},{"start":{"line":86,"column":12},"end":{"line":86,"column":12}}]},"10":{"line":88,"type":"if","locations":[{"start":{"line":88,"column":16},"end":{"line":88,"column":16}},{"start":{"line":88,"column":16},"end":{"line":88,"column":16}}]},"11":{"line":91,"type":"if","locations":[{"start":{"line":91,"column":19},"end":{"line":91,"column":19}},{"start":{"line":91,"column":19},"end":{"line":91,"column":19}}]},"12":{"line":96,"type":"if","locations":[{"start":{"line":96,"column":12},"end":{"line":96,"column":12}},{"start":{"line":96,"column":12},"end":{"line":96,"column":12}}]},"13":{"line":104,"type":"if","locations":[{"start":{"line":104,"column":8},"end":{"line":104,"column":8}},{"start":{"line":104,"column":8},"end":{"line":104,"column":8}}]},"14":{"line":105,"type":"if","locations":[{"start":{"line":105,"column":12},"end":{"line":105,"column":12}},{"start":{"line":105,"column":12},"end":{"line":105,"column":12}}]}}},
"contracts/VaultHealerFactory.sol":{"l":{"14":3,"15":3,"16":3,"17":3,"24":3,"25":3,"26":3,"27":3,"31":95,"32":95},"path":"/Users/richardjamieson/Documents/GitHub/polycrystal-vaults/contracts/VaultHealerFactory.sol","s":{"1":3,"2":3,"3":3,"4":3,"5":3,"6":3,"7":95,"8":95},"b":{},"f":{"1":3,"2":3,"3":95},"fnMap":{"1":{"name":"getProxyData","line":13,"loc":{"start":{"line":13,"column":4},"end":{"line":18,"column":4}}},"2":{"name":"createVault","line":23,"loc":{"start":{"line":20,"column":4},"end":{"line":28,"column":4}}},"3":{"name":"strat","line":30,"loc":{"start":{"line":30,"column":4},"end":{"line":33,"column":4}}}},"statementMap":{"1":{"start":{"line":14,"column":8},"end":{"line":14,"column":44}},"2":{"start":{"line":15,"column":8},"end":{"line":15,"column":32}},"3":{"start":{"line":24,"column":8},"end":{"line":24,"column":44}},"4":{"start":{"line":25,"column":8},"end":{"line":25,"column":108}},"5":{"start":{"line":26,"column":8},"end":{"line":26,"column":43}},"6":{"start":{"line":27,"column":8},"end":{"line":27,"column":25}},"7":{"start":{"line":31,"column":8},"end":{"line":31,"column":112}},"8":{"start":{"line":32,"column":8},"end":{"line":32,"column":58}}},"branchMap":{}},
"contracts/VaultHealerGate.sol":{"l":{"22":16,"27":0,"31":16,"32":16,"33":16,"38":16,"40":16,"43":16,"46":16,"49":16,"50":3,"54":16,"61":16,"63":16,"65":16,"70":10,"75":0,"79":0,"83":0,"87":11,"88":11,"89":11,"91":11,"93":11,"95":11,"96":5,"100":11,"106":11,"109":11,"111":11,"112":11,"113":11,"114":11,"119":11,"121":11,"126":1,"131":16,"132":16,"133":16,"148":28,"149":1,"150":1,"151":1,"152":1,"153":1,"155":1,"156":1,"158":1,"160":1,"169":4,"170":4,"173":4,"174":4,"177":4,"178":4,"183":6,"184":6,"185":6,"186":6,"189":6,"195":6,"197":6,"198":6,"201":6,"202":6},"path":"/Users/richardjamieson/Documents/GitHub/polycrystal-vaults/contracts/VaultHealerGate.sol","s":{"1":16,"2":0,"3":16,"4":16,"5":16,"6":16,"7":16,"8":16,"9":16,"10":16,"11":3,"12":16,"13":16,"14":16,"15":16,"16":10,"17":0,"18":0,"19":0,"20":11,"21":11,"22":11,"23":11,"24":11,"25":11,"26":5,"27":11,"28":11,"29":11,"30":11,"31":11,"32":11,"33":11,"34":11,"35":11,"36":1,"37":16,"38":16,"39":16,"40":28,"41":1,"42":1,"43":1,"44":1,"45":1,"46":1,"47":1,"48":1,"49":1,"50":4,"51":4,"52":4,"53":4,"54":4,"55":4,"56":6,"57":6,"58":6,"59":6,"60":6,"61":6,"62":6,"63":6,"64":6,"65":6},"b":{"1":[16,0],"2":[3,13],"3":[0,0],"4":[11,0],"5":[5,6],"6":[11,0],"7":[1,27],"8":[1,0],"9":[6,0]},"f":{"1":16,"2":0,"3":16,"4":10,"5":0,"6":0,"7":11,"8":1,"9":16,"10":28,"11":4,"12":6},"fnMap":{"1":{"name":"deposit","line":21,"loc":{"start":{"line":21,"column":4},"end":{"line":23,"column":4}}},"2":{"name":"deposit","line":26,"loc":{"start":{"line":26,"column":4},"end":{"line":28,"column":4}}},"3":{"name":"_deposit","line":30,"loc":{"start":{"line":30,"column":4},"end":{"line":66,"column":4}}},"4":{"name":"withdraw","line":69,"loc":{"start":{"line":69,"column":4},"end":{"line":71,"column":4}}},"5":{"name":"withdraw","line":74,"loc":{"start":{"line":74,"column":4},"end":{"line":76,"column":4}}},"6":{"name":"withdrawFrom","line":78,"loc":{"start":{"line":78,"column":4},"end":{"line":84,"column":4}}},"7":{"name":"_withdraw","line":86,"loc":{"start":{"line":86,"column":4},"end":{"line":122,"column":4}}},"8":{"name":"withdrawAll","line":125,"loc":{"start":{"line":125,"column":4},"end":{"line":127,"column":4}}},"9":{"name":"executePendingDeposit","line":130,"loc":{"start":{"line":130,"column":4},"end":{"line":138,"column":4}}},"10":{"name":"_beforeTokenTransfer","line":140,"loc":{"start":{"line":140,"column":0},"end":{"line":165,"column":4}}},"11":{"name":"UpdateOffsetsOnDeposit","line":168,"loc":{"start":{"line":168,"column":4},"end":{"line":179,"column":4}}},"12":{"name":"withdrawTargetTokenAndUpdateOffsetsOnWithdrawal","line":182,"loc":{"start":{"line":182,"column":4},"end":{"line":204,"column":8}}}},"statementMap":{"1":{"start":{"line":22,"column":8},"end":{"line":22,"column":55}},"2":{"start":{"line":27,"column":8},"end":{"line":27,"column":48}},"3":{"start":{"line":31,"column":8},"end":{"line":31,"column":51}},"4":{"start":{"line":32,"column":8},"end":{"line":32,"column":1244}},"5":{"start":{"line":33,"column":12},"end":{"line":33,"column":1281}},"6":{"start":{"line":38,"column":12},"end":{"line":38,"column":46}},"7":{"start":{"line":40,"column":12},"end":{"line":40,"column":67}},"8":{"start":{"line":43,"column":12},"end":{"line":43,"column":24}},"9":{"start":{"line":46,"column":12},"end":{"line":46,"column":84}},"10":{"start":{"line":49,"column":12},"end":{"line":49,"column":1878}},"11":{"start":{"line":50,"column":16},"end":{"line":50,"column":64}},"12":{"start":{"line":54,"column":12},"end":{"line":54,"column":2089}},"13":{"start":{"line":61,"column":12},"end":{"line":61,"column":115}},"14":{"start":{"line":63,"column":12},"end":{"line":63,"column":32}},"15":{"start":{"line":65,"column":8},"end":{"line":65,"column":48}},"16":{"start":{"line":70,"column":8},"end":{"line":70,"column":56}},"17":{"start":{"line":75,"column":8},"end":{"line":75,"column":49}},"18":{"start":{"line":79,"column":8},"end":{"line":79,"column":3015}},"19":{"start":{"line":83,"column":8},"end":{"line":83,"column":44}},"20":{"start":{"line":87,"column":8},"end":{"line":87,"column":51}},"21":{"start":{"line":88,"column":8},"end":{"line":88,"column":63}},"22":{"start":{"line":89,"column":8},"end":{"line":89,"column":20}},"23":{"start":{"line":91,"column":8},"end":{"line":91,"column":42}},"24":{"start":{"line":93,"column":8},"end":{"line":93,"column":126}},"25":{"start":{"line":95,"column":8},"end":{"line":95,"column":3665}},"26":{"start":{"line":96,"column":12},"end":{"line":96,"column":89}},"27":{"start":{"line":100,"column":8},"end":{"line":100,"column":3932}},"28":{"start":{"line":106,"column":8},"end":{"line":106,"column":62}},"29":{"start":{"line":109,"column":8},"end":{"line":109,"column":4242}},"30":{"start":{"line":111,"column":12},"end":{"line":111,"column":4378}},"31":{"start":{"line":112,"column":16},"end":{"line":112,"column":55}},"32":{"start":{"line":113,"column":16},"end":{"line":113,"column":32}},"33":{"start":{"line":114,"column":16},"end":{"line":114,"column":84}},"34":{"start":{"line":119,"column":8},"end":{"line":119,"column":69}},"35":{"start":{"line":121,"column":8},"end":{"line":121,"column":49}},"36":{"start":{"line":126,"column":8},"end":{"line":126,"column":65}},"37":{"start":{"line":131,"column":8},"end":{"line":131,"column":91}},"38":{"start":{"line":132,"column":8},"end":{"line":132,"column":48}},"39":{"start":{"line":133,"column":8},"end":{"line":133,"column":5457}},"40":{"start":{"line":148,"column":8},"end":{"line":148,"column":5821}},"41":{"start":{"line":149,"column":12},"end":{"line":149,"column":5883}},"42":{"start":{"line":150,"column":16},"end":{"line":150,"column":33}},"43":{"start":{"line":151,"column":16},"end":{"line":151,"column":111}},"44":{"start":{"line":152,"column":16},"end":{"line":152,"column":79}},"45":{"start":{"line":153,"column":16},"end":{"line":153,"column":76}},"46":{"start":{"line":155,"column":16},"end":{"line":155,"column":6249}},"47":{"start":{"line":156,"column":20},"end":{"line":156,"column":31}},"48":{"start":{"line":158,"column":20},"end":{"line":158,"column":94}},"49":{"start":{"line":160,"column":20},"end":{"line":160,"column":67}},"50":{"start":{"line":169,"column":8},"end":{"line":169,"column":51}},"51":{"start":{"line":170,"column":8},"end":{"line":170,"column":42}},"52":{"start":{"line":173,"column":8},"end":{"line":173,"column":135}},"53":{"start":{"line":174,"column":8},"end":{"line":174,"column":109}},"54":{"start":{"line":177,"column":8},"end":{"line":177,"column":72}},"55":{"start":{"line":178,"column":8},"end":{"line":178,"column":65}},"56":{"start":{"line":183,"column":8},"end":{"line":183,"column":51}},"57":{"start":{"line":184,"column":8},"end":{"line":184,"column":63}},"58":{"start":{"line":185,"column":8},"end":{"line":185,"column":42}},"59":{"start":{"line":186,"column":8},"end":{"line":186,"column":54}},"60":{"start":{"line":189,"column":8},"end":{"line":189,"column":8047}},"61":{"start":{"line":195,"column":8},"end":{"line":195,"column":8319}},"62":{"start":{"line":197,"column":12},"end":{"line":197,"column":79}},"63":{"start":{"line":198,"column":12},"end":{"line":198,"column":111}},"64":{"start":{"line":201,"column":12},"end":{"line":201,"column":137}},"65":{"start":{"line":202,"column":12},"end":{"line":202,"column":144}}},"branchMap":{"1":{"line":32,"type":"if","locations":[{"start":{"line":32,"column":8},"end":{"line":32,"column":8}},{"start":{"line":32,"column":8},"end":{"line":32,"column":8}}]},"2":{"line":49,"type":"if","locations":[{"start":{"line":49,"column":12},"end":{"line":49,"column":12}},{"start":{"line":49,"column":12},"end":{"line":49,"column":12}}]},"3":{"line":79,"type":"if","locations":[{"start":{"line":79,"column":8},"end":{"line":79,"column":8}},{"start":{"line":79,"column":8},"end":{"line":79,"column":8}}]},"4":{"line":88,"type":"if","locations":[{"start":{"line":88,"column":8},"end":{"line":88,"column":8}},{"start":{"line":88,"column":8},"end":{"line":88,"column":8}}]},"5":{"line":95,"type":"if","locations":[{"start":{"line":95,"column":8},"end":{"line":95,"column":8}},{"start":{"line":95,"column":8},"end":{"line":95,"column":8}}]},"6":{"line":111,"type":"if","locations":[{"start":{"line":111,"column":12},"end":{"line":111,"column":12}},{"start":{"line":111,"column":12},"end":{"line":111,"column":12}}]},"7":{"line":148,"type":"if","locations":[{"start":{"line":148,"column":8},"end":{"line":148,"column":8}},{"start":{"line":148,"column":8},"end":{"line":148,"column":8}}]},"8":{"line":155,"type":"if","locations":[{"start":{"line":155,"column":16},"end":{"line":155,"column":16}},{"start":{"line":155,"column":16},"end":{"line":155,"column":16}}]},"9":{"line":195,"type":"if","locations":[{"start":{"line":195,"column":8},"end":{"line":195,"column":8}},{"start":{"line":195,"column":8},"end":{"line":195,"column":8}}]}}},
"contracts/VaultView.sol":{"l":{"47":3,"51":3,"54":0,"58":1,"62":3,"65":0,"69":10,"70":10,"72":9,"74":9,"77":16,"78":16,"82":0,"88":0,"90":0,"91":0,"92":0},"path":"/Users/richardjamieson/Documents/GitHub/polycrystal-vaults/contracts/VaultView.sol","s":{"1":3,"2":3,"3":0,"4":1,"5":3,"6":0,"7":10,"8":10,"9":1,"10":9,"11":9,"12":16,"13":16,"14":0,"15":0,"16":0,"17":0,"18":0},"b":{"1":[1,9]},"f":{"1":3,"2":3,"3":0,"4":1,"5":3,"6":0,"7":10,"8":16,"9":0,"10":0},"fnMap":{"1":{"name":"constructor","line":46,"loc":{"start":{"line":46,"column":4},"end":{"line":48,"column":4}}},"2":{"name":"vaultLength","line":50,"loc":{"start":{"line":50,"column":4},"end":{"line":52,"column":4}}},"3":{"name":"paused","line":53,"loc":{"start":{"line":53,"column":4},"end":{"line":55,"column":4}}},"4":{"name":"owner","line":57,"loc":{"start":{"line":57,"column":4},"end":{"line":59,"column":4}}},"5":{"name":"vaultInfo","line":61,"loc":{"start":{"line":61,"column":4},"end":{"line":63,"column":4}}},"6":{"name":"maximizerEarningsOffset","line":64,"loc":{"start":{"line":64,"column":4},"end":{"line":66,"column":4}}},"7":{"name":"stakedWantTokens","line":68,"loc":{"start":{"line":68,"column":4},"end":{"line":75,"column":4}}},"8":{"name":"strat","line":76,"loc":{"start":{"line":76,"column":4},"end":{"line":79,"column":4}}},"9":{"name":"supportsInterface","line":81,"loc":{"start":{"line":81,"column":4},"end":{"line":83,"column":4}}},"10":{"name":"userTotals","line":85,"loc":{"start":{"line":85,"column":4},"end":{"line":93,"column":4}}}},"statementMap":{"1":{"start":{"line":47,"column":8},"end":{"line":47,"column":17}},"2":{"start":{"line":51,"column":8},"end":{"line":51,"column":32}},"3":{"start":{"line":54,"column":8},"end":{"line":54,"column":42}},"4":{"start":{"line":58,"column":8},"end":{"line":58,"column":51}},"5":{"start":{"line":62,"column":8},"end":{"line":62,"column":49}},"6":{"start":{"line":65,"column":8},"end":{"line":65,"column":66}},"7":{"start":{"line":69,"column":8},"end":{"line":69,"column":48}},"8":{"start":{"line":70,"column":8},"end":{"line":70,"column":39}},"9":{"start":{"line":70,"column":31},"end":{"line":70,"column":39}},"10":{"start":{"line":72,"column":8},"end":{"line":72,"column":63}},"11":{"start":{"line":74,"column":8},"end":{"line":74,"column":70}},"12":{"start":{"line":77,"column":8},"end":{"line":77,"column":112}},"13":{"start":{"line":78,"column":8},"end":{"line":78,"column":58}},"14":{"start":{"line":82,"column":8},"end":{"line":82,"column":171}},"15":{"start":{"line":88,"column":8},"end":{"line":88,"column":47}},"16":{"start":{"line":90,"column":8},"end":{"line":90,"column":35}},"17":{"start":{"line":91,"column":8},"end":{"line":91,"column":94}},"18":{"start":{"line":92,"column":8},"end":{"line":92,"column":116}}},"branchMap":{"1":{"line":70,"type":"if","locations":[{"start":{"line":70,"column":8},"end":{"line":70,"column":8}},{"start":{"line":70,"column":8},"end":{"line":70,"column":8}}]}}},
"contracts/VHStrategyProxy.sol":{"l":{"9":3,"11":3},"path":"/Users/richardjamieson/Documents/GitHub/polycrystal-vaults/contracts/VHStrategyProxy.sol","s":{"1":3},"b":{},"f":{"1":3},"fnMap":{"1":{"name":"constructor","line":8,"loc":{"start":{"line":8,"column":4},"end":{"line":28,"column":4}}}},"statementMap":{"1":{"start":{"line":9,"column":8},"end":{"line":9,"column":97}}},"branchMap":{}}}
