TN:
SF:/Users/richardjamieson/Documents/GitHub/polycrystal-vaults/contracts/BaseStrategy.sol
FN:32,wantLockedTotal
FN:36,setSettings
FN:42,panic
FN:45,unpanic
FN:48,_destroy_
FN:51,router
FNF:6
FNH:1
FNDA:103,wantLockedTotal
FNDA:0,setSettings
FNDA:0,panic
FNDA:0,unpanic
FNDA:0,_destroy_
FNDA:0,router
DA:33,103
DA:37,0
DA:38,0
DA:39,0
DA:43,0
DA:46,0
DA:49,0
DA:52,0
LF:8
LH:1
BRF:0
BRH:0
end_of_record
TN:
SF:/Users/richardjamieson/Documents/GitHub/polycrystal-vaults/contracts/BaseStrategySwapLogic.sol
FN:22,isMaximizer
FN:26,_wantBalance
FN:30,earn
FN:75,_farm
FN:91,distribute
FN:127,safeSwap
FNF:6
FNH:6
FNDA:17,isMaximizer
FNDA:217,_wantBalance
FNDA:34,earn
FNDA:21,_farm
FNDA:17,distribute
FNDA:34,safeSwap
DA:23,17
DA:27,217
DA:31,34
DA:33,34
DA:34,34
DA:36,34
DA:38,47
DA:39,47
DA:40,47
DA:43,47
DA:44,17
DA:45,17
DA:47,17
DA:49,17
DA:51,0
DA:52,0
DA:57,34
DA:59,17
DA:60,12
DA:62,12
DA:64,5
DA:66,0
DA:68,5
DA:71,34
DA:76,21
DA:77,21
DA:79,21
DA:81,21
DA:82,21
DA:86,21
DA:88,21
DA:93,17
DA:94,17
DA:96,17
DA:97,17
DA:98,51
DA:100,17
DA:101,17
DA:102,17
DA:103,17
DA:104,17
DA:105,17
DA:106,17
DA:107,17
DA:108,17
DA:109,17
DA:111,17
DA:112,17
DA:113,34
DA:114,34
DA:115,34
DA:116,34
DA:117,17
DA:118,17
DA:119,17
DA:120,17
DA:121,17
DA:122,17
DA:134,34
DA:135,5
DA:136,0
DA:137,5
DA:139,29
DA:140,29
DA:144,29
DA:145,29
DA:146,71
DA:148,29
DA:149,29
DA:150,70
DA:155,29
DA:157,29
DA:158,0
DA:166,29
LF:74
LH:69
BRDA:40,1,0,21
BRDA:40,1,1,26
BRDA:43,2,0,17
BRDA:43,2,1,30
BRDA:47,3,0,17
BRDA:47,3,1,0
BRDA:57,4,0,17
BRDA:57,4,1,17
BRDA:59,5,0,12
BRDA:59,5,1,5
BRDA:64,6,0,0
BRDA:64,6,1,5
BRDA:77,7,0,0
BRDA:77,7,1,21
BRDA:86,8,0,21
BRDA:86,8,1,0
BRDA:101,9,0,17
BRDA:101,9,1,0
BRDA:116,10,0,17
BRDA:116,10,1,17
BRDA:122,11,0,17
BRDA:122,11,1,0
BRDA:134,12,0,5
BRDA:134,12,1,29
BRDA:135,13,0,0
BRDA:135,13,1,5
BRDA:146,14,0,1
BRDA:146,14,1,70
BRDA:157,15,0,0
BRDA:157,15,1,29
BRF:30
BRH:22
end_of_record
TN:
SF:/Users/richardjamieson/Documents/GitHub/polycrystal-vaults/contracts/BaseStrategyVaultHealer.sol
FN:12,deposit
FN:34,withdraw
FNF:2
FNH:2
FNDA:16,deposit
FNDA:11,withdraw
DA:14,16
DA:15,16
DA:16,16
DA:18,16
DA:23,16
DA:24,16
DA:26,16
DA:27,16
DA:28,14
DA:30,16
DA:36,11
DA:37,11
DA:38,11
DA:41,11
DA:42,11
DA:43,3
DA:47,11
DA:48,11
DA:50,11
DA:54,11
DA:55,11
DA:58,11
DA:64,11
DA:65,0
DA:68,11
DA:69,11
DA:71,11
DA:73,11
LF:28
LH:27
BRDA:18,1,0,0
BRDA:18,1,1,16
BRDA:27,2,0,14
BRDA:27,2,1,2
BRDA:30,3,0,16
BRDA:30,3,1,0
BRDA:42,4,0,3
BRDA:42,4,1,8
BRDA:47,5,0,11
BRDA:47,5,1,0
BRDA:64,6,0,0
BRDA:64,6,1,11
BRDA:69,7,0,4
BRDA:69,7,1,7
BRDA:71,8,0,11
BRDA:71,8,1,0
BRF:16
BRH:11
end_of_record
TN:
SF:/Users/richardjamieson/Documents/GitHub/polycrystal-vaults/contracts/BoostPool.sol
FN:60,constructor
FN:90,onlyVaultHealer
FN:95,vaultHealerActivate
FN:106,getMultiplier
FN:117,pendingReward
FN:131,updatePool
FN:145,_harvest
FN:166,harvest
FN:172,joinPool
FN:182,notifyOnTransfer
FN:212,depositRewards
FN:220,safeTransferReward
FN:227,setRewardPerBlock
FN:239,setBonusEndBlock
FN:253,emergencyWithdraw
FN:264,emergencyRewardWithdraw
FN:282,sweepToken
FN:289,updateRewardDebt
FN:293,calcPending
FNF:19
FNH:3
FNDA:3,constructor
FNDA:1,onlyVaultHealer
FNDA:1,vaultHealerActivate
FNDA:0,getMultiplier
FNDA:0,pendingReward
FNDA:0,updatePool
FNDA:0,_harvest
FNDA:0,harvest
FNDA:0,joinPool
FNDA:0,notifyOnTransfer
FNDA:0,depositRewards
FNDA:0,safeTransferReward
FNDA:0,setRewardPerBlock
FNDA:0,setBonusEndBlock
FNDA:0,emergencyWithdraw
FNDA:0,emergencyRewardWithdraw
FNDA:0,sweepToken
FNDA:0,updateRewardDebt
FNDA:0,calcPending
DA:69,3
DA:71,3
DA:72,3
DA:73,3
DA:75,3
DA:76,3
DA:78,3
DA:80,3
DA:81,3
DA:82,3
DA:84,3
DA:85,3
DA:87,3
DA:91,1
DA:92,1
DA:97,1
DA:98,1
DA:99,1
DA:100,1
DA:101,1
DA:102,1
DA:107,0
DA:108,0
DA:110,0
DA:112,0
DA:118,0
DA:119,0
DA:120,0
DA:121,0
DA:122,0
DA:123,0
DA:124,0
DA:125,0
DA:127,0
DA:132,0
DA:133,0
DA:134,0
DA:135,0
DA:136,0
DA:137,0
DA:138,0
DA:140,0
DA:146,0
DA:147,0
DA:148,0
DA:149,0
DA:150,0
DA:151,0
DA:152,0
DA:153,0
DA:154,0
DA:155,0
DA:157,0
DA:158,0
DA:159,0
DA:167,0
DA:168,0
DA:169,0
DA:173,0
DA:174,0
DA:175,0
DA:176,0
DA:177,0
DA:178,0
DA:179,0
DA:183,0
DA:187,0
DA:189,0
DA:190,0
DA:191,0
DA:192,0
DA:193,0
DA:194,0
DA:195,0
DA:196,0
DA:197,0
DA:199,0
DA:200,0
DA:201,0
DA:202,0
DA:203,0
DA:204,0
DA:205,0
DA:206,0
DA:207,0
DA:213,0
DA:214,0
DA:215,0
DA:221,0
DA:228,0
DA:229,0
DA:231,0
DA:232,0
DA:233,0
DA:234,0
DA:235,0
DA:240,0
DA:241,0
DA:242,0
DA:243,0
DA:245,0
DA:246,0
DA:247,0
DA:254,0
DA:255,0
DA:256,0
DA:257,0
DA:258,0
DA:259,0
DA:265,0
DA:266,0
DA:267,0
DA:268,0
DA:275,0
DA:276,0
DA:283,0
DA:284,0
DA:285,0
DA:290,0
DA:294,0
DA:296,0
LF:121
LH:21
BRDA:73,1,0,3
BRDA:73,1,1,0
BRDA:84,2,0,3
BRDA:84,2,1,0
BRDA:85,3,0,3
BRDA:85,3,1,0
BRDA:91,4,0,1
BRDA:91,4,1,0
BRDA:97,5,0,1
BRDA:97,5,1,0
BRDA:99,6,0,0
BRDA:99,6,1,1
BRDA:100,7,0,1
BRDA:100,7,1,0
BRDA:107,8,0,0
BRDA:107,8,1,0
BRDA:109,9,0,0
BRDA:109,9,1,0
BRDA:122,10,0,0
BRDA:122,10,1,0
BRDA:133,11,0,0
BRDA:133,11,1,0
BRDA:135,12,0,0
BRDA:135,12,1,0
BRDA:147,13,0,0
BRDA:147,13,1,0
BRDA:149,14,0,0
BRDA:149,14,1,0
BRDA:151,15,0,0
BRDA:151,15,1,0
BRDA:152,16,0,0
BRDA:152,16,1,0
BRDA:175,17,0,0
BRDA:175,17,1,0
BRDA:176,18,0,0
BRDA:176,18,1,0
BRDA:189,19,0,0
BRDA:189,19,1,0
BRDA:192,20,0,0
BRDA:192,20,1,0
BRDA:199,21,0,0
BRDA:199,21,1,0
BRDA:202,22,0,0
BRDA:202,22,1,0
BRDA:213,23,0,0
BRDA:213,23,1,0
BRDA:231,24,0,0
BRDA:231,24,1,0
BRDA:232,25,0,0
BRDA:232,25,1,0
BRDA:240,26,0,0
BRDA:240,26,1,0
BRDA:242,27,0,0
BRDA:242,27,1,0
BRDA:245,28,0,0
BRDA:245,28,1,0
BRDA:265,29,0,0
BRDA:265,29,1,0
BRDA:268,30,0,0
BRDA:268,30,1,0
BRF:60
BRH:7
end_of_record
TN:
SF:/Users/richardjamieson/Documents/GitHub/polycrystal-vaults/contracts/ContractSizer 2.sol
FN:6,sizeOf
FNF:1
FNH:0
FNDA:0,sizeOf
DA:7,0
LF:1
LH:0
BRF:0
BRH:0
end_of_record
TN:
SF:/Users/richardjamieson/Documents/GitHub/polycrystal-vaults/contracts/ContractSizer 3.sol
FN:6,sizeOf
FNF:1
FNH:0
FNDA:0,sizeOf
DA:7,0
LF:1
LH:0
BRF:0
BRH:0
end_of_record
TN:
SF:/Users/richardjamieson/Documents/GitHub/polycrystal-vaults/contracts/ContractSizer.sol
FN:6,sizeOf
FNF:1
FNH:0
FNDA:0,sizeOf
DA:7,0
LF:1
LH:0
BRF:0
BRH:0
end_of_record
TN:
SF:/Users/richardjamieson/Documents/GitHub/polycrystal-vaults/contracts/libs/HardMath.sol
FN:16,mulDiv
FN:115,mulDivRoundingUp
FN:129,sqrt
FNF:3
FNH:0
FNDA:0,mulDiv
FNDA:0,mulDivRoundingUp
FNDA:0,sqrt
DA:26,0
DA:27,0
DA:28,0
DA:35,0
DA:36,0
DA:37,0
DA:40,0
DA:45,0
DA:53,0
DA:54,0
DA:58,0
DA:62,0
DA:120,0
DA:121,0
DA:122,0
DA:123,0
DA:130,0
LF:17
LH:0
BRDA:35,1,0,0
BRDA:35,1,1,0
BRDA:36,2,0,0
BRDA:36,2,1,0
BRDA:45,3,0,0
BRDA:45,3,1,0
BRDA:121,4,0,0
BRDA:121,4,1,0
BRDA:122,5,0,0
BRDA:122,5,1,0
BRF:10
BRH:0
end_of_record
TN:
SF:/Users/richardjamieson/Documents/GitHub/polycrystal-vaults/contracts/libs/IBoostPool.sol
FNF:0
FNH:0
LF:0
LH:0
BRF:0
BRH:0
end_of_record
TN:
SF:/Users/richardjamieson/Documents/GitHub/polycrystal-vaults/contracts/libs/IMagnetite 2.sol
FNF:0
FNH:0
LF:0
LH:0
BRF:0
BRH:0
end_of_record
TN:
SF:/Users/richardjamieson/Documents/GitHub/polycrystal-vaults/contracts/libs/IMagnetite.sol
FNF:0
FNH:0
LF:0
LH:0
BRF:0
BRH:0
end_of_record
TN:
SF:/Users/richardjamieson/Documents/GitHub/polycrystal-vaults/contracts/libs/IMiniChefV2.sol
FNF:0
FNH:0
LF:0
LH:0
BRF:0
BRH:0
end_of_record
TN:
SF:/Users/richardjamieson/Documents/GitHub/polycrystal-vaults/contracts/libs/Interfaces.sol
FNF:0
FNH:0
LF:0
LH:0
BRF:0
BRH:0
end_of_record
TN:
SF:/Users/richardjamieson/Documents/GitHub/polycrystal-vaults/contracts/libs/IStrategy.sol
FNF:0
FNH:0
LF:0
LH:0
BRF:0
BRH:0
end_of_record
TN:
SF:/Users/richardjamieson/Documents/GitHub/polycrystal-vaults/contracts/libs/ITactic.sol
FNF:0
FNH:0
LF:0
LH:0
BRF:0
BRH:0
end_of_record
TN:
SF:/Users/richardjamieson/Documents/GitHub/polycrystal-vaults/contracts/libs/IUniFactory.sol
FNF:0
FNH:0
LF:0
LH:0
BRF:0
BRH:0
end_of_record
TN:
SF:/Users/richardjamieson/Documents/GitHub/polycrystal-vaults/contracts/libs/IUniPair.sol
FNF:0
FNH:0
LF:0
LH:0
BRF:0
BRH:0
end_of_record
TN:
SF:/Users/richardjamieson/Documents/GitHub/polycrystal-vaults/contracts/libs/IUniRouter.sol
FNF:0
FNH:0
LF:0
LH:0
BRF:0
BRH:0
end_of_record
TN:
SF:/Users/richardjamieson/Documents/GitHub/polycrystal-vaults/contracts/libs/IVaultFeeManager 2.sol
FNF:0
FNH:0
LF:0
LH:0
BRF:0
BRH:0
end_of_record
TN:
SF:/Users/richardjamieson/Documents/GitHub/polycrystal-vaults/contracts/libs/IVaultFeeManager.sol
FNF:0
FNH:0
LF:0
LH:0
BRF:0
BRH:0
end_of_record
TN:
SF:/Users/richardjamieson/Documents/GitHub/polycrystal-vaults/contracts/libs/IVaultHealer.sol
FNF:0
FNH:0
LF:0
LH:0
BRF:0
BRH:0
end_of_record
TN:
SF:/Users/richardjamieson/Documents/GitHub/polycrystal-vaults/contracts/libs/IWETH 2.sol
FNF:0
FNH:0
LF:0
LH:0
BRF:0
BRH:0
end_of_record
TN:
SF:/Users/richardjamieson/Documents/GitHub/polycrystal-vaults/contracts/libs/IWETH.sol
FNF:0
FNH:0
LF:0
LH:0
BRF:0
BRH:0
end_of_record
TN:
SF:/Users/richardjamieson/Documents/GitHub/polycrystal-vaults/contracts/libs/LibQuartz.sol
FN:33,getRouter
FN:38,getRouterAndPair
FN:46,getSwapAmount
FN:52,returnAssets
FN:69,estimateSwap
FN:83,removeLiquidity
FN:91,optimalMint
FN:114,hasSufficientLiquidity
FNF:8
FNH:0
FNDA:0,getRouter
FNDA:0,getRouterAndPair
FNDA:0,getSwapAmount
FNDA:0,returnAssets
FNDA:0,estimateSwap
FNDA:0,removeLiquidity
FNDA:0,optimalMint
FNDA:0,hasSufficientLiquidity
DA:34,0
DA:35,0
DA:39,0
DA:40,0
DA:42,0
DA:43,0
DA:44,0
DA:47,0
DA:48,0
DA:49,0
DA:50,0
DA:53,0
DA:54,0
DA:56,0
DA:57,0
DA:58,0
DA:59,0
DA:60,0
DA:61,0
DA:62,0
DA:64,0
DA:70,0
DA:72,0
DA:73,0
DA:75,0
DA:76,0
DA:78,0
DA:79,0
DA:80,0
DA:84,0
DA:85,0
DA:87,0
DA:88,0
DA:92,0
DA:94,0
DA:95,0
DA:97,0
DA:98,0
DA:100,0
DA:101,0
DA:103,0
DA:104,0
DA:106,0
DA:109,0
DA:110,0
DA:111,0
DA:115,0
DA:116,0
DA:117,0
DA:119,0
DA:120,0
DA:122,0
LF:52
LH:0
BRDA:44,1,0,0
BRDA:44,1,1,0
BRDA:58,2,0,0
BRDA:58,2,1,0
BRDA:59,3,0,0
BRDA:59,3,1,0
BRDA:62,4,0,0
BRDA:62,4,1,0
BRDA:73,5,0,0
BRDA:73,5,1,0
BRDA:87,6,0,0
BRDA:87,6,1,0
BRDA:88,7,0,0
BRDA:88,7,1,0
BRDA:103,8,0,0
BRDA:103,8,1,0
BRDA:119,9,0,0
BRDA:119,9,1,0
BRF:18
BRH:0
end_of_record
TN:
SF:/Users/richardjamieson/Documents/GitHub/polycrystal-vaults/contracts/libs/MaximizerAPY.sol
FN:10,calculateMaximizerAPY
FN:21,calculateAPY
FN:31,powFraction
FNF:3
FNH:0
FNDA:0,calculateMaximizerAPY
FNDA:0,calculateAPY
FNDA:0,powFraction
DA:16,0
DA:18,0
DA:26,0
DA:27,0
DA:32,0
LF:5
LH:0
BRF:0
BRH:0
end_of_record
TN:
SF:/Users/richardjamieson/Documents/GitHub/polycrystal-vaults/contracts/libs/OpenZeppelin.sol
FNF:0
FNH:0
LF:0
LH:0
BRF:0
BRH:0
end_of_record
TN:
SF:/Users/richardjamieson/Documents/GitHub/polycrystal-vaults/contracts/libs/PrismLibrary.sol
FN:11,sortTokens
FN:18,pairFor
FN:29,getReserves
FN:37,quote
FN:44,getAmountOut
FN:54,getAmountIn
FN:64,getAmountsIn
FN:74,getAmountsOut
FNF:8
FNH:0
FNDA:0,sortTokens
FNDA:0,pairFor
FNDA:0,getReserves
FNDA:0,quote
FNDA:0,getAmountOut
FNDA:0,getAmountIn
FNDA:0,getAmountsIn
FNDA:0,getAmountsOut
DA:12,0
DA:13,0
DA:14,0
DA:19,0
DA:20,0
DA:30,0
DA:31,0
DA:32,0
DA:33,0
DA:38,0
DA:39,0
DA:40,0
DA:45,0
DA:46,0
DA:47,0
DA:48,0
DA:49,0
DA:50,0
DA:55,0
DA:56,0
DA:57,0
DA:58,0
DA:59,0
DA:60,0
DA:65,0
DA:66,0
DA:67,0
DA:68,0
DA:69,0
DA:70,0
DA:75,0
DA:76,0
DA:77,0
DA:78,0
DA:79,0
DA:80,0
LF:36
LH:0
BRDA:12,1,0,0
BRDA:12,1,1,0
BRDA:14,2,0,0
BRDA:14,2,1,0
BRDA:30,3,0,0
BRDA:30,3,1,0
BRDA:38,4,0,0
BRDA:38,4,1,0
BRDA:39,5,0,0
BRDA:39,5,1,0
BRDA:45,6,0,0
BRDA:45,6,1,0
BRDA:46,7,0,0
BRDA:46,7,1,0
BRDA:55,8,0,0
BRDA:55,8,1,0
BRDA:56,9,0,0
BRDA:56,9,1,0
BRDA:57,10,0,0
BRDA:57,10,1,0
BRDA:65,11,0,0
BRDA:65,11,1,0
BRDA:75,12,0,0
BRDA:75,12,1,0
BRF:24
BRH:0
end_of_record
TN:
SF:/Users/richardjamieson/Documents/GitHub/polycrystal-vaults/contracts/libs/Vault.sol
FN:54,check
FNF:1
FNH:1
FNDA:3,check
DA:55,3
DA:57,3
LF:2
LH:2
BRDA:57,1,0,3
BRDA:57,1,1,0
BRF:2
BRH:1
end_of_record
TN:
SF:/Users/richardjamieson/Documents/GitHub/polycrystal-vaults/contracts/Magnetite.sol
FN:39,overridePath
FN:44,setAutoPath_
FN:48,findAndSavePath
FN:61,viewPath
FN:68,getPathFromStorage
FN:77,pathAuth
FN:81,_setPath
FN:118,generatePath
FN:168,findPair
FN:207,compare
FN:214,allCommons
FN:218,setlength
FNF:12
FNH:9
FNDA:0,overridePath
FNDA:0,setAutoPath_
FNDA:29,findAndSavePath
FNDA:0,viewPath
FNDA:29,getPathFromStorage
FNDA:2,pathAuth
FNDA:10,_setPath
FNDA:2,generatePath
FNDA:4,findPair
FNDA:28,compare
FNDA:4,allCommons
FNDA:1,setlength
DA:40,0
DA:41,0
DA:45,0
DA:46,0
DA:49,29
DA:50,29
DA:52,29
DA:54,2
DA:55,2
DA:56,2
DA:62,0
DA:63,0
DA:64,0
DA:65,0
DA:69,29
DA:70,0
DA:71,0
DA:72,0
DA:74,29
DA:78,2
DA:82,10
DA:84,10
DA:85,10
DA:86,10
DA:87,10
DA:88,6
DA:90,6
DA:91,19
DA:92,19
DA:95,6
DA:96,6
DA:99,6
DA:100,4
DA:103,4
DA:104,4
DA:105,4
DA:109,4
DA:110,4
DA:120,2
DA:121,2
DA:122,2
DA:123,2
DA:124,2
DA:126,2
DA:127,2
DA:129,2
DA:130,1
DA:131,1
DA:133,1
DA:134,1
DA:135,1
DA:137,0
DA:138,0
DA:139,0
DA:140,0
DA:141,0
DA:142,0
DA:144,0
DA:145,0
DA:146,0
DA:147,0
DA:148,0
DA:150,0
DA:151,0
DA:152,0
DA:153,0
DA:154,0
DA:155,0
DA:157,0
DA:158,0
DA:159,0
DA:160,0
DA:162,0
DA:163,0
DA:164,0
DA:165,0
DA:166,0
DA:169,4
DA:171,4
DA:173,4
DA:176,4
DA:177,8
DA:179,4
DA:180,24
DA:184,4
DA:185,32
DA:186,32
DA:187,25
DA:188,25
DA:189,25
DA:190,25
DA:195,4
DA:196,32
DA:198,4
DA:199,4
DA:200,28
DA:202,4
DA:204,4
DA:208,28
DA:209,28
DA:210,28
DA:211,28
DA:215,4
DA:216,4
DA:219,1
DA:220,1
LF:106
LH:69
BRDA:40,1,0,0
BRDA:40,1,1,0
BRDA:45,2,0,0
BRDA:45,2,1,0
BRDA:52,3,0,2
BRDA:52,3,1,27
BRDA:55,4,0,2
BRDA:55,4,1,0
BRDA:64,5,0,0
BRDA:64,5,1,0
BRDA:69,6,0,0
BRDA:69,6,1,29
BRDA:87,7,0,4
BRDA:87,7,1,6
BRDA:99,8,0,4
BRDA:99,8,1,2
BRDA:129,9,0,1
BRDA:129,9,1,1
BRDA:132,10,0,1
BRDA:132,10,1,0
BRDA:139,11,0,0
BRDA:139,11,1,0
BRDA:145,12,0,0
BRDA:145,12,1,0
BRDA:153,13,0,0
BRDA:153,13,1,0
BRDA:157,14,0,0
BRDA:157,14,1,0
BRDA:162,15,0,0
BRDA:162,15,1,0
BRDA:186,16,0,25
BRDA:186,16,1,7
BRDA:188,17,0,25
BRDA:188,17,1,0
BRDA:200,18,0,3
BRDA:200,18,1,25
BRDA:202,19,0,4
BRDA:202,19,1,0
BRF:38
BRH:17
end_of_record
TN:
SF:/Users/richardjamieson/Documents/GitHub/polycrystal-vaults/contracts/QuartzUniV2Zap.sol
FN:33,constructor
FN:41,quartzInETH
FN:51,quartzIn
FN:62,quartzOut
FN:81,estimateSwap
FN:85,_swapAndStake
FN:135,swapDirect
FN:142,swapViaWETH
FN:152,_approveTokenIfNeeded
FN:158,_approveTokenIfNeeded
FNF:10
FNH:1
FNDA:3,constructor
FNDA:0,quartzInETH
FNDA:0,quartzIn
FNDA:0,quartzOut
FNDA:0,estimateSwap
FNDA:0,_swapAndStake
FNDA:0,swapDirect
FNDA:0,swapViaWETH
FNDA:0,_approveTokenIfNeeded
FNDA:0,_approveTokenIfNeeded
DA:34,3
DA:38,0
DA:42,0
DA:44,0
DA:46,0
DA:48,0
DA:52,0
DA:54,0
DA:55,0
DA:56,0
DA:57,0
DA:59,0
DA:63,0
DA:64,0
DA:66,0
DA:68,0
DA:69,0
DA:72,0
DA:74,0
DA:75,0
DA:76,0
DA:78,0
DA:82,0
DA:86,0
DA:88,0
DA:89,0
DA:90,0
DA:92,0
DA:93,0
DA:94,0
DA:96,0
DA:97,0
DA:98,0
DA:99,0
DA:102,0
DA:103,0
DA:104,0
DA:107,0
DA:109,0
DA:110,0
DA:112,0
DA:115,0
DA:116,0
DA:118,0
DA:122,0
DA:123,0
DA:125,0
DA:126,0
DA:128,0
DA:129,0
DA:130,0
DA:131,0
DA:132,0
DA:136,0
DA:137,0
DA:138,0
DA:139,0
DA:143,0
DA:144,0
DA:145,0
DA:146,0
DA:147,0
DA:148,0
DA:149,0
DA:153,0
DA:154,0
DA:155,0
DA:159,0
DA:160,0
DA:161,0
LF:70
LH:1
BRDA:38,1,0,0
BRDA:38,1,1,0
BRDA:42,2,0,0
BRDA:42,2,1,0
BRDA:52,3,0,0
BRDA:52,3,1,0
BRDA:55,4,0,0
BRDA:55,4,1,0
BRDA:57,5,0,0
BRDA:57,5,1,0
BRDA:68,6,0,0
BRDA:68,6,1,0
BRDA:96,7,0,0
BRDA:96,7,1,0
BRDA:97,8,0,0
BRDA:97,8,1,0
BRDA:101,9,0,0
BRDA:101,9,1,0
BRDA:102,10,0,0
BRDA:102,10,1,0
BRDA:109,11,0,0
BRDA:109,11,1,0
BRDA:115,12,0,0
BRDA:115,12,1,0
BRDA:143,13,0,0
BRDA:143,13,1,0
BRDA:144,14,0,0
BRDA:144,14,1,0
BRDA:153,15,0,0
BRDA:153,15,1,0
BRDA:159,16,0,0
BRDA:159,16,1,0
BRF:32
BRH:0
end_of_record
TN:
SF:/Users/richardjamieson/Documents/GitHub/polycrystal-vaults/contracts/StrategyVHStandard.sol
FN:13,initEncode
FN:25,initialize
FN:78,vaultSharesTotal
FN:82,_vaultDeposit
FN:91,_vaultWithdraw
FN:96,_vaultHarvest
FN:101,_emergencyVaultWithdraw
FN:107,getMaximizerRewardToken
FN:111,withdrawMaximizerReward
FN:114,delegateToTactic
FNF:10
FNH:7
FNDA:0,initEncode
FNDA:3,initialize
FNDA:201,vaultSharesTotal
FNDA:21,_vaultDeposit
FNDA:11,_vaultWithdraw
FNDA:34,_vaultHarvest
FNDA:0,_emergencyVaultWithdraw
FNDA:0,getMaximizerRewardToken
FNDA:6,withdrawMaximizerReward
FNDA:66,delegateToTactic
DA:22,0
DA:26,3
DA:35,3
DA:36,3
DA:37,3
DA:38,3
DA:39,3
DA:42,3
DA:43,1
DA:44,1
DA:45,1
DA:46,1
DA:49,3
DA:50,5
DA:54,3
DA:55,3
DA:56,1
DA:57,1
DA:59,2
DA:62,3
DA:63,3
DA:64,3
DA:66,3
DA:79,201
DA:85,21
DA:87,21
DA:92,11
DA:97,34
DA:102,0
DA:108,0
DA:112,6
DA:115,66
DA:116,66
LF:33
LH:30
BRDA:42,1,0,1
BRDA:42,1,1,2
BRDA:116,2,0,66
BRDA:116,2,1,0
BRF:4
BRH:3
end_of_record
TN:
SF:/Users/richardjamieson/Documents/GitHub/polycrystal-vaults/contracts/TacticMasterHealer.sol
FN:17,_vaultDeposit
FN:21,_vaultWithdraw
FN:25,_vaultHarvest
FN:29,vaultSharesTotal
FN:34,_emergencyVaultWithdraw
FNF:5
FNH:0
FNDA:0,_vaultDeposit
FNDA:0,_vaultWithdraw
FNDA:0,_vaultHarvest
FNDA:0,vaultSharesTotal
FNDA:0,_emergencyVaultWithdraw
DA:18,0
DA:22,0
DA:26,0
DA:30,0
DA:31,0
DA:35,0
LF:6
LH:0
BRF:0
BRH:0
end_of_record
TN:
SF:/Users/richardjamieson/Documents/GitHub/polycrystal-vaults/contracts/TacticMasterHealerWithReferral 2.sol
FN:13,_vaultDeposit
FNF:1
FNH:0
FNDA:0,_vaultDeposit
DA:14,0
LF:1
LH:0
BRF:0
BRH:0
end_of_record
TN:
SF:/Users/richardjamieson/Documents/GitHub/polycrystal-vaults/contracts/TacticMasterHealerWithReferral.sol
FN:13,_vaultDeposit
FNF:1
FNH:0
FNDA:0,_vaultDeposit
DA:14,0
LF:1
LH:0
BRF:0
BRH:0
end_of_record
TN:
SF:/Users/richardjamieson/Documents/GitHub/polycrystal-vaults/contracts/TacticMiniApe.sol
FN:9,_vaultDeposit
FN:12,_vaultWithdraw
FN:15,_vaultHarvest
FN:18,vaultSharesTotal
FN:22,_emergencyVaultWithdraw
FNF:5
FNH:0
FNDA:0,_vaultDeposit
FNDA:0,_vaultWithdraw
FNDA:0,_vaultHarvest
FNDA:0,vaultSharesTotal
FNDA:0,_emergencyVaultWithdraw
DA:10,0
DA:13,0
DA:16,0
DA:19,0
DA:20,0
DA:23,0
LF:6
LH:0
BRF:0
BRH:0
end_of_record
TN:
SF:/Users/richardjamieson/Documents/GitHub/polycrystal-vaults/contracts/VaultFeeManager.sol
FN:32,constructor
FN:43,auth
FN:48,getEarnFees
FN:56,getWithdrawFee
FN:60,setDefaultWithdrawFee
FN:68,setEarnFees
FN:73,resetEarnFees
FN:78,setDefaultEarnFees
FN:83,setWithdrawFee
FN:90,resetWithdrawFee
FNF:10
FNH:3
FNDA:3,constructor
FNDA:0,auth
FNDA:34,getEarnFees
FNDA:11,getWithdrawFee
FNDA:0,setDefaultWithdrawFee
FNDA:0,setEarnFees
FNDA:0,resetEarnFees
FNDA:0,setDefaultEarnFees
FNDA:0,setWithdrawFee
FNDA:0,resetWithdrawFee
DA:33,3
DA:35,3
DA:36,3
DA:37,3
DA:38,3
DA:39,3
DA:40,3
DA:44,0
DA:45,0
DA:49,34
DA:50,34
DA:51,102
DA:52,0
DA:57,11
DA:61,0
DA:62,0
DA:63,0
DA:64,0
DA:65,0
DA:69,0
DA:70,0
DA:71,0
DA:74,0
DA:75,0
DA:79,0
DA:80,0
DA:84,0
DA:85,0
DA:86,0
DA:87,0
DA:91,0
DA:92,0
LF:32
LH:11
BRDA:44,1,0,0
BRDA:44,1,1,0
BRDA:51,2,0,0
BRDA:51,2,1,102
BRF:4
BRH:1
end_of_record
TN:
SF:/Users/richardjamieson/Documents/GitHub/polycrystal-vaults/contracts/VaultHealer.sol
FN:23,constructor
FN:33,setVaultView
FN:38,isApprovedForAll
FN:42,_beforeTokenTransfer
FN:57,
FNF:5
FNH:3
FNDA:3,constructor
FNDA:0,setVaultView
FNDA:0,isApprovedForAll
FNDA:28,_beforeTokenTransfer
FNDA:50,
DA:25,3
DA:26,3
DA:27,3
DA:28,3
DA:29,3
DA:34,0
DA:35,0
DA:39,0
DA:50,28
DA:51,28
DA:52,28
DA:59,50
LF:12
LH:9
BRF:0
BRH:0
end_of_record
TN:
SF:/Users/richardjamieson/Documents/GitHub/polycrystal-vaults/contracts/VaultHealerBase.sol
FN:35,constructor
FN:44,setVaultFeeManager
FN:53,addVault
FN:75,nonReentrant
FN:82,reentrantOnlyByStrategy
FN:91,setSettings
FN:95,supportsInterface
FN:103,pause
FN:106,unpause
FN:109,panic
FN:115,unpanic
FN:119,paused
FN:122,whenNotPaused
FN:126,_pause
FN:130,_unpause
FNF:15
FNH:6
FNDA:3,constructor
FNDA:0,setVaultFeeManager
FNDA:3,addVault
FNDA:9,nonReentrant
FNDA:27,reentrantOnlyByStrategy
FNDA:0,setSettings
FNDA:0,supportsInterface
FNDA:0,pause
FNDA:0,unpause
FNDA:0,panic
FNDA:0,unpanic
FNDA:28,paused
FNDA:17,whenNotPaused
FNDA:0,_pause
FNDA:0,_unpause
DA:36,3
DA:37,3
DA:38,3
DA:39,3
DA:40,3
DA:41,3
DA:42,3
DA:45,0
DA:46,0
DA:54,3
DA:55,3
DA:57,3
DA:58,3
DA:59,3
DA:60,3
DA:61,3
DA:62,3
DA:63,3
DA:64,3
DA:66,3
DA:67,3
DA:68,3
DA:69,3
DA:71,3
DA:72,3
DA:76,9
DA:77,9
DA:78,9
DA:79,9
DA:83,27
DA:85,27
DA:86,27
DA:87,27
DA:88,27
DA:92,0
DA:96,0
DA:104,0
DA:107,0
DA:110,0
DA:111,0
DA:112,0
DA:113,0
DA:116,0
DA:117,0
DA:120,28
DA:123,17
DA:124,17
DA:127,0
DA:128,0
DA:131,0
DA:132,0
DA:133,0
LF:52
LH:35
BRDA:54,1,0,3
BRDA:54,1,1,0
BRDA:58,2,0,3
BRDA:58,2,1,0
BRDA:64,3,0,3
BRDA:64,3,1,0
BRDA:76,4,0,9
BRDA:76,4,1,0
BRDA:85,5,0,27
BRDA:85,5,1,0
BRDA:110,6,0,0
BRDA:110,6,1,0
BRDA:123,7,0,17
BRDA:123,7,1,0
BRDA:131,8,0,0
BRDA:131,8,1,0
BRF:16
BRH:6
end_of_record
TN:
SF:/Users/richardjamieson/Documents/GitHub/polycrystal-vaults/contracts/VaultHealerBoostedPools.sol
FN:15,constructor
FN:20,addBoost
FN:34,enableBoost
FN:46,enableBoost
FN:50,harvestBoost
FN:55,emergencyBoostWithdraw
FN:70,_beforeTokenTransfer
FNF:7
FNH:3
FNDA:3,constructor
FNDA:1,addBoost
FNDA:0,enableBoost
FNDA:0,enableBoost
FNDA:0,harvestBoost
FNDA:0,emergencyBoostWithdraw
FNDA:28,_beforeTokenTransfer
DA:16,3
DA:17,3
DA:21,1
DA:22,1
DA:24,1
DA:25,1
DA:26,1
DA:27,1
DA:28,1
DA:29,1
DA:30,1
DA:35,0
DA:36,0
DA:37,0
DA:38,0
DA:39,0
DA:40,0
DA:42,0
DA:47,0
DA:51,0
DA:56,0
DA:57,0
DA:58,0
DA:60,0
DA:61,0
DA:62,0
DA:64,0
DA:66,0
DA:67,0
DA:81,28
DA:82,28
DA:83,28
DA:84,0
DA:85,0
DA:87,0
DA:88,0
DA:90,0
DA:96,0
DA:97,0
DA:99,0
DA:100,0
DA:102,0
DA:103,0
LF:43
LH:14
BRDA:22,1,0,1
BRDA:22,1,1,0
BRDA:35,2,0,0
BRDA:35,2,1,0
BRDA:38,3,0,0
BRDA:38,3,1,0
BRDA:39,4,0,0
BRDA:39,4,1,0
BRDA:60,5,0,0
BRDA:60,5,1,0
BRDA:62,6,0,0
BRDA:62,6,1,0
BRDA:87,7,0,0
BRDA:87,7,1,0
BRDA:96,8,0,0
BRDA:96,8,1,0
BRDA:99,9,0,0
BRDA:99,9,1,0
BRDA:102,10,0,0
BRDA:102,10,1,0
BRF:20
BRH:1
end_of_record
TN:
SF:/Users/richardjamieson/Documents/GitHub/polycrystal-vaults/contracts/VaultHealerEarn.sol
FN:11,earnAll
FN:29,earnSome
FN:53,earn
FN:57,_tryEarn
FN:79,_doEarn
FN:102,updateWantLockedLast
FN:110,decrementMinBlocksBetweenEarns
FN:116,increaseMinBlocksBetweenEarns
FNF:8
FNH:7
FNDA:0,earnAll
FNDA:5,earnSome
FNDA:1,earn
FNDA:5,_tryEarn
FNDA:29,_doEarn
FNDA:34,updateWantLockedLast
FNDA:11,decrementMinBlocksBetweenEarns
FNDA:2,increaseMinBlocksBetweenEarns
DA:13,0
DA:15,0
DA:16,0
DA:17,0
DA:18,0
DA:19,0
DA:20,0
DA:21,0
DA:23,0
DA:24,0
DA:30,5
DA:31,5
DA:33,5
DA:34,5
DA:35,5
DA:39,5
DA:40,5
DA:42,5
DA:43,5
DA:44,17
DA:45,5
DA:47,17
DA:49,17
DA:54,1
DA:58,5
DA:59,5
DA:60,5
DA:61,5
DA:62,5
DA:63,5
DA:64,5
DA:65,5
DA:66,5
DA:68,0
DA:70,5
DA:72,0
DA:75,5
DA:80,29
DA:81,29
DA:82,29
DA:83,29
DA:84,29
DA:85,29
DA:86,29
DA:87,12
DA:88,12
DA:89,6
DA:92,2
DA:94,29
DA:96,0
DA:97,0
DA:100,29
DA:103,34
DA:104,34
DA:105,4
DA:106,4
DA:107,4
DA:111,11
DA:117,2
LF:59
LH:45
BRDA:18,1,0,0
BRDA:18,1,1,0
BRDA:20,2,0,0
BRDA:20,2,1,0
BRDA:24,3,0,0
BRDA:24,3,1,0
BRDA:35,4,0,5
BRDA:35,4,1,0
BRDA:44,5,0,5
BRDA:44,5,1,12
BRDA:49,6,0,5
BRDA:49,6,1,12
BRDA:62,7,0,5
BRDA:62,7,1,0
BRDA:64,8,0,5
BRDA:64,8,1,0
BRDA:86,9,0,12
BRDA:86,9,1,17
BRDA:88,10,0,6
BRDA:88,10,1,6
BRDA:91,11,0,2
BRDA:91,11,1,15
BRDA:96,12,0,0
BRDA:96,12,1,0
BRDA:104,13,0,4
BRDA:104,13,1,30
BRDA:105,14,0,4
BRDA:105,14,1,0
BRF:28
BRH:16
end_of_record
TN:
SF:/Users/richardjamieson/Documents/GitHub/polycrystal-vaults/contracts/VaultHealerFactory.sol
FN:13,getProxyData
FN:23,createVault
FN:30,strat
FNF:3
FNH:3
FNDA:3,getProxyData
FNDA:3,createVault
FNDA:95,strat
DA:14,3
DA:15,3
DA:16,3
DA:17,3
DA:24,3
DA:25,3
DA:26,3
DA:27,3
DA:31,95
DA:32,95
LF:10
LH:10
BRF:0
BRH:0
end_of_record
TN:
SF:/Users/richardjamieson/Documents/GitHub/polycrystal-vaults/contracts/VaultHealerGate.sol
FN:21,deposit
FN:26,deposit
FN:30,_deposit
FN:69,withdraw
FN:74,withdraw
FN:78,withdrawFrom
FN:86,_withdraw
FN:125,withdrawAll
FN:130,executePendingDeposit
FN:140,_beforeTokenTransfer
FN:168,UpdateOffsetsOnDeposit
FN:182,withdrawTargetTokenAndUpdateOffsetsOnWithdrawal
FNF:12
FNH:9
FNDA:16,deposit
FNDA:0,deposit
FNDA:16,_deposit
FNDA:10,withdraw
FNDA:0,withdraw
FNDA:0,withdrawFrom
FNDA:11,_withdraw
FNDA:1,withdrawAll
FNDA:16,executePendingDeposit
FNDA:28,_beforeTokenTransfer
FNDA:4,UpdateOffsetsOnDeposit
FNDA:6,withdrawTargetTokenAndUpdateOffsetsOnWithdrawal
DA:22,16
DA:27,0
DA:31,16
DA:32,16
DA:33,16
DA:38,16
DA:40,16
DA:43,16
DA:46,16
DA:49,16
DA:50,3
DA:54,16
DA:61,16
DA:63,16
DA:65,16
DA:70,10
DA:75,0
DA:79,0
DA:83,0
DA:87,11
DA:88,11
DA:89,11
DA:91,11
DA:93,11
DA:95,11
DA:96,5
DA:100,11
DA:106,11
DA:109,11
DA:111,11
DA:112,11
DA:113,11
DA:114,11
DA:119,11
DA:121,11
DA:126,1
DA:131,16
DA:132,16
DA:133,16
DA:148,28
DA:149,1
DA:150,1
DA:151,1
DA:152,1
DA:153,1
DA:155,1
DA:156,1
DA:158,1
DA:160,1
DA:169,4
DA:170,4
DA:173,4
DA:174,4
DA:177,4
DA:178,4
DA:183,6
DA:184,6
DA:185,6
DA:186,6
DA:189,6
DA:195,6
DA:197,6
DA:198,6
DA:201,6
DA:202,6
LF:65
LH:61
BRDA:32,1,0,16
BRDA:32,1,1,0
BRDA:49,2,0,3
BRDA:49,2,1,13
BRDA:79,3,0,0
BRDA:79,3,1,0
BRDA:88,4,0,11
BRDA:88,4,1,0
BRDA:95,5,0,5
BRDA:95,5,1,6
BRDA:111,6,0,11
BRDA:111,6,1,0
BRDA:148,7,0,1
BRDA:148,7,1,27
BRDA:155,8,0,1
BRDA:155,8,1,0
BRDA:195,9,0,6
BRDA:195,9,1,0
BRF:18
BRH:11
end_of_record
TN:
SF:/Users/richardjamieson/Documents/GitHub/polycrystal-vaults/contracts/VaultView.sol
FN:46,constructor
FN:50,vaultLength
FN:53,paused
FN:57,owner
FN:61,vaultInfo
FN:64,maximizerEarningsOffset
FN:68,stakedWantTokens
FN:76,strat
FN:81,supportsInterface
FN:85,userTotals
FNF:10
FNH:6
FNDA:3,constructor
FNDA:3,vaultLength
FNDA:0,paused
FNDA:1,owner
FNDA:3,vaultInfo
FNDA:0,maximizerEarningsOffset
FNDA:10,stakedWantTokens
FNDA:16,strat
FNDA:0,supportsInterface
FNDA:0,userTotals
DA:47,3
DA:51,3
DA:54,0
DA:58,1
DA:62,3
DA:65,0
DA:69,10
DA:70,10
DA:72,9
DA:74,9
DA:77,16
DA:78,16
DA:82,0
DA:88,0
DA:90,0
DA:91,0
DA:92,0
LF:17
LH:10
BRDA:70,1,0,1
BRDA:70,1,1,9
BRF:2
BRH:2
end_of_record
TN:
SF:/Users/richardjamieson/Documents/GitHub/polycrystal-vaults/contracts/VHStrategyProxy.sol
FN:8,constructor
FNF:1
FNH:1
FNDA:3,constructor
DA:9,3
DA:11,3
LF:2
LH:2
BRF:0
BRH:0
end_of_record
