TN:
SF:/Users/richardjamieson/Documents/GitHub/polycrystal-vaults/contracts/CustomBond.sol
FN:86,constructor
FN:140,initializeBond
FN:162,setBondTerms
FN:186,setAdjustment
FN:227,deposit
FN:298,redeem
FN:331,adjust
FN:354,decayDebt
FN:363,_bondPrice
FN:379,bondPrice
FN:390,trueBondPrice
FN:398,maxPayout
FN:410,payoutFor
FN:425,debtRatio
FN:436,currentDebt
FN:444,debtDecay
FN:457,percentVestedFor
FN:474,pendingPayoutFor
FNF:18
FNH:17
FNDA:3,constructor
FNDA:1,initializeBond
FNDA:1,setBondTerms
FNDA:0,setAdjustment
FNDA:1,deposit
FNDA:1,redeem
FNDA:1,adjust
FNDA:1,decayDebt
FNDA:1,_bondPrice
FNDA:6,bondPrice
FNDA:2,trueBondPrice
FNDA:1,maxPayout
FNDA:2,payoutFor
FNDA:8,debtRatio
FNDA:11,currentDebt
FNDA:12,debtDecay
FNDA:5,percentVestedFor
FNDA:4,pendingPayoutFor
DA:97,3
DA:98,3
DA:99,3
DA:100,3
DA:101,3
DA:106,3
DA:107,3
DA:141,1
DA:142,1
DA:149,1
DA:150,1
DA:163,1
DA:164,1
DA:165,1
DA:167,0
DA:168,0
DA:170,0
DA:187,0
DA:189,0
DA:228,1
DA:230,1
DA:232,1
DA:234,1
DA:236,1
DA:238,1
DA:250,1
DA:251,1
DA:254,1
DA:256,1
DA:259,1
DA:266,1
DA:267,1
DA:282,1
DA:283,1
DA:284,1
DA:287,1
DA:288,1
DA:290,1
DA:291,1
DA:299,1
DA:300,1
DA:302,1
DA:303,0
DA:304,0
DA:305,0
DA:306,0
DA:310,1
DA:312,1
DA:319,1
DA:320,1
DA:321,1
DA:332,1
DA:333,1
DA:334,0
DA:335,0
DA:336,0
DA:337,0
DA:338,0
DA:341,0
DA:342,0
DA:343,0
DA:346,0
DA:347,0
DA:355,1
DA:356,1
DA:364,1
DA:365,1
DA:366,0
DA:368,0
DA:380,6
DA:381,6
DA:382,0
DA:391,2
DA:399,1
DA:417,2
DA:426,8
DA:437,11
DA:445,12
DA:446,12
DA:447,12
DA:448,0
DA:458,5
DA:459,5
DA:460,5
DA:462,5
DA:463,5
DA:465,0
DA:475,4
DA:476,4
DA:478,4
DA:479,0
DA:481,4
LF:92
LH:67
BRDA:97,1,0,3
BRDA:97,1,1,0
BRDA:100,2,0,3
BRDA:100,2,1,0
BRDA:106,3,0,3
BRDA:106,3,1,0
BRDA:141,4,0,1
BRDA:141,4,1,0
BRDA:163,5,0,1
BRDA:163,5,1,0
BRDA:164,6,0,1
BRDA:164,6,1,0
BRDA:166,7,0,0
BRDA:166,7,1,0
BRDA:167,8,0,0
BRDA:167,8,1,0
BRDA:169,9,0,0
BRDA:169,9,1,0
BRDA:187,10,0,0
BRDA:187,10,1,0
BRDA:228,11,0,1
BRDA:228,11,1,0
BRDA:234,12,0,1
BRDA:234,12,1,0
BRDA:250,13,0,1
BRDA:250,13,1,0
BRDA:251,14,0,1
BRDA:251,14,1,0
BRDA:256,15,0,1
BRDA:256,15,1,0
BRDA:302,16,0,0
BRDA:302,16,1,1
BRDA:333,17,0,0
BRDA:333,17,1,1
BRDA:335,18,0,0
BRDA:335,18,1,0
BRDA:337,19,0,0
BRDA:337,19,1,0
BRDA:342,20,0,0
BRDA:342,20,1,0
BRDA:365,21,0,0
BRDA:365,21,1,1
BRDA:367,22,0,0
BRDA:367,22,1,1
BRDA:381,23,0,0
BRDA:381,23,1,6
BRDA:447,24,0,0
BRDA:447,24,1,12
BRDA:462,25,0,5
BRDA:462,25,1,0
BRDA:478,26,0,0
BRDA:478,26,1,4
BRF:52
BRH:19
end_of_record
TN:
SF:/Users/richardjamieson/Documents/GitHub/polycrystal-vaults/contracts/CustomTreasury.sol
FN:35,constructor
FN:50,deposit
FN:64,valueOfToken
FN:78,withdraw
FN:88,toggleBondContract
FNF:5
FNH:4
FNDA:3,constructor
FNDA:1,deposit
FNDA:3,valueOfToken
FNDA:0,withdraw
FNDA:1,toggleBondContract
DA:36,3
DA:37,3
DA:38,3
DA:39,3
DA:51,1
DA:52,1
DA:53,1
DA:66,3
DA:79,0
DA:81,0
DA:89,1
DA:90,1
LF:12
LH:10
BRDA:36,1,0,3
BRDA:36,1,1,0
BRDA:38,2,0,3
BRDA:38,2,1,0
BRDA:51,3,0,1
BRDA:51,3,1,0
BRF:6
BRH:3
end_of_record
TN:
SF:/Users/richardjamieson/Documents/GitHub/polycrystal-vaults/contracts/libs/Address.sol
FN:5,isContract
FN:13,sendValue
FN:21,functionCall
FN:25,functionCall
FN:29,functionCallWithValue
FN:33,functionCallWithValue
FN:42,_functionCallWithValue
FN:65,functionStaticCall
FN:69,functionStaticCall
FN:77,functionDelegateCall
FN:81,functionDelegateCall
FN:89,_verifyCallResult
FN:105,addressToString
FNF:13
FNH:3
FNDA:4,isContract
FNDA:0,sendValue
FNDA:0,functionCall
FNDA:4,functionCall
FNDA:0,functionCallWithValue
FNDA:0,functionCallWithValue
FNDA:4,_functionCallWithValue
FNDA:0,functionStaticCall
FNDA:0,functionStaticCall
FNDA:0,functionDelegateCall
FNDA:0,functionDelegateCall
FNDA:0,_verifyCallResult
FNDA:0,addressToString
DA:7,4
DA:9,4
DA:10,4
DA:14,0
DA:17,0
DA:18,0
DA:22,0
DA:26,4
DA:30,0
DA:34,0
DA:35,0
DA:38,0
DA:39,0
DA:43,4
DA:46,4
DA:47,4
DA:48,4
DA:51,0
DA:55,0
DA:60,0
DA:66,0
DA:70,0
DA:73,0
DA:74,0
DA:78,0
DA:82,0
DA:85,0
DA:86,0
DA:90,0
DA:91,0
DA:93,0
DA:95,0
DA:100,0
DA:106,0
DA:107,0
DA:108,0
DA:110,0
DA:111,0
DA:113,0
DA:114,0
DA:115,0
DA:118,0
LF:42
LH:8
BRDA:14,1,0,0
BRDA:14,1,1,0
BRDA:18,2,0,0
BRDA:18,2,1,0
BRDA:34,3,0,0
BRDA:34,3,1,0
BRDA:35,4,0,0
BRDA:35,4,1,0
BRDA:43,5,0,4
BRDA:43,5,1,0
BRDA:47,6,0,4
BRDA:47,6,1,0
BRDA:51,7,0,0
BRDA:51,7,1,0
BRDA:70,8,0,0
BRDA:70,8,1,0
BRDA:82,9,0,0
BRDA:82,9,1,0
BRDA:90,10,0,0
BRDA:90,10,1,0
BRDA:93,11,0,0
BRDA:93,11,1,0
BRF:22
BRH:2
end_of_record
TN:
SF:/Users/richardjamieson/Documents/GitHub/polycrystal-vaults/contracts/libs/FixedPoint.sol
FN:9,sqrt
FN:55,mostSignificantBit
FN:106,decode
FN:110,decode112with18
FN:115,fraction
FN:132,sqrt
FNF:6
FNH:2
FNDA:0,sqrt
FNDA:0,mostSignificantBit
FNDA:0,decode
FNDA:10,decode112with18
FNDA:10,fraction
FNDA:0,sqrt
DA:10,0
DA:12,0
DA:13,0
DA:14,0
DA:15,0
DA:16,0
DA:18,0
DA:19,0
DA:20,0
DA:22,0
DA:23,0
DA:24,0
DA:26,0
DA:27,0
DA:28,0
DA:30,0
DA:31,0
DA:32,0
DA:34,0
DA:35,0
DA:36,0
DA:38,0
DA:39,0
DA:41,0
DA:42,0
DA:43,0
DA:44,0
DA:45,0
DA:46,0
DA:47,0
DA:48,0
DA:49,0
DA:56,0
DA:58,0
DA:59,0
DA:60,0
DA:62,0
DA:63,0
DA:64,0
DA:66,0
DA:67,0
DA:68,0
DA:70,0
DA:71,0
DA:72,0
DA:74,0
DA:75,0
DA:76,0
DA:78,0
DA:79,0
DA:80,0
DA:82,0
DA:83,0
DA:84,0
DA:86,0
DA:107,0
DA:112,10
DA:116,10
DA:117,10
DA:119,10
DA:120,10
DA:121,10
DA:122,10
DA:124,0
DA:125,0
DA:126,0
DA:133,0
DA:134,0
DA:137,0
DA:138,0
DA:139,0
LF:71
LH:7
BRDA:10,1,0,0
BRDA:10,1,1,0
BRDA:14,2,0,0
BRDA:14,2,1,0
BRDA:18,3,0,0
BRDA:18,3,1,0
BRDA:22,4,0,0
BRDA:22,4,1,0
BRDA:26,5,0,0
BRDA:26,5,1,0
BRDA:30,6,0,0
BRDA:30,6,1,0
BRDA:34,7,0,0
BRDA:34,7,1,0
BRDA:38,8,0,0
BRDA:38,8,1,0
BRDA:56,9,0,0
BRDA:56,9,1,0
BRDA:58,10,0,0
BRDA:58,10,1,0
BRDA:62,11,0,0
BRDA:62,11,1,0
BRDA:66,12,0,0
BRDA:66,12,1,0
BRDA:70,13,0,0
BRDA:70,13,1,0
BRDA:74,14,0,0
BRDA:74,14,1,0
BRDA:78,15,0,0
BRDA:78,15,1,0
BRDA:82,16,0,0
BRDA:82,16,1,0
BRDA:86,17,0,0
BRDA:86,17,1,0
BRDA:116,18,0,10
BRDA:116,18,1,0
BRDA:117,19,0,0
BRDA:117,19,1,10
BRDA:119,20,0,10
BRDA:119,20,1,0
BRDA:121,21,0,10
BRDA:121,21,1,0
BRDA:125,22,0,0
BRDA:125,22,1,0
BRDA:133,23,0,0
BRDA:133,23,1,0
BRF:46
BRH:4
end_of_record
TN:
SF:/Users/richardjamieson/Documents/GitHub/polycrystal-vaults/contracts/libs/FullMath.sol
FN:6,fullMul
FN:13,fullDiv
FN:34,mulDiv
FNF:3
FNH:0
FNDA:0,fullMul
FNDA:0,fullDiv
FNDA:0,mulDiv
DA:7,0
DA:8,0
DA:9,0
DA:10,0
DA:18,0
DA:19,0
DA:20,0
DA:21,0
DA:22,0
DA:23,0
DA:24,0
DA:25,0
DA:26,0
DA:27,0
DA:28,0
DA:29,0
DA:30,0
DA:31,0
DA:39,0
DA:40,0
DA:41,0
DA:42,0
DA:43,0
DA:44,0
LF:24
LH:0
BRDA:10,1,0,0
BRDA:10,1,1,0
BRDA:41,2,0,0
BRDA:41,2,1,0
BRDA:43,3,0,0
BRDA:43,3,1,0
BRF:6
BRH:0
end_of_record
TN:
SF:/Users/richardjamieson/Documents/GitHub/polycrystal-vaults/contracts/libs/IERC20.sol
FNF:0
FNH:0
LF:0
LH:0
BRF:0
BRH:0
end_of_record
TN:
SF:/Users/richardjamieson/Documents/GitHub/polycrystal-vaults/contracts/libs/ITreasury.sol
FNF:0
FNH:0
LF:0
LH:0
BRF:0
BRH:0
end_of_record
TN:
SF:/Users/richardjamieson/Documents/GitHub/polycrystal-vaults/contracts/libs/Ownable.sol
FN:9,constructor
FN:13,onlyPolicy
FN:18,transferManagment
FNF:3
FNH:2
FNDA:6,constructor
FNDA:3,onlyPolicy
FNDA:0,transferManagment
DA:10,6
DA:14,3
DA:15,3
DA:19,0
DA:20,0
LF:5
LH:3
BRDA:14,1,0,3
BRDA:14,1,1,0
BRDA:19,2,0,0
BRDA:19,2,1,0
BRF:4
BRH:1
end_of_record
TN:
SF:/Users/richardjamieson/Documents/GitHub/polycrystal-vaults/contracts/libs/SafeERC20.sol
FN:11,safeTransfer
FN:15,safeTransferFrom
FN:19,safeApprove
FN:27,safeIncreaseAllowance
FN:32,safeDecreaseAllowance
FN:37,_callOptionalReturn
FNF:6
FNH:3
FNDA:2,safeTransfer
FNDA:2,safeTransferFrom
FNDA:0,safeApprove
FNDA:0,safeIncreaseAllowance
FNDA:0,safeDecreaseAllowance
FNDA:4,_callOptionalReturn
DA:12,2
DA:16,2
DA:21,0
DA:24,0
DA:28,0
DA:29,0
DA:33,0
DA:34,0
DA:39,4
DA:40,4
DA:42,4
LF:11
LH:5
BRDA:21,1,0,0
BRDA:21,1,1,0
BRDA:40,2,0,4
BRDA:40,2,1,0
BRDA:42,3,0,4
BRDA:42,3,1,0
BRF:6
BRH:2
end_of_record
TN:
SF:/Users/richardjamieson/Documents/GitHub/polycrystal-vaults/contracts/libs/SafeMath.sol
FN:5,add
FN:12,sub
FN:16,sub
FN:23,mul
FN:34,div
FN:38,div
FN:44,mod
FN:48,mod
FN:53,sqrrt
FNF:9
FNH:6
FNDA:8,add
FNDA:39,sub
FNDA:39,sub
FNDA:41,mul
FNDA:45,div
FNDA:45,div
FNDA:0,mod
FNDA:0,mod
FNDA:0,sqrrt
DA:6,8
DA:7,8
DA:9,8
DA:13,39
DA:17,39
DA:18,39
DA:20,39
DA:24,41
DA:25,3
DA:28,38
DA:29,38
DA:31,38
DA:35,45
DA:39,45
DA:40,45
DA:41,45
DA:45,0
DA:49,0
DA:50,0
DA:54,0
DA:55,0
DA:56,0
DA:57,0
DA:58,0
DA:59,0
DA:62,0
LF:26
LH:16
BRDA:7,1,0,8
BRDA:7,1,1,0
BRDA:17,2,0,39
BRDA:17,2,1,0
BRDA:24,3,0,3
BRDA:24,3,1,38
BRDA:29,4,0,38
BRDA:29,4,1,0
BRDA:39,5,0,45
BRDA:39,5,1,0
BRDA:49,6,0,0
BRDA:49,6,1,0
BRDA:54,7,0,0
BRDA:54,7,1,0
BRDA:61,8,0,0
BRDA:61,8,1,0
BRF:16
BRH:6
end_of_record
